##############################
Log started on 14.04.2020 8:46:15

14.04.2020 8:46:15: [Help] ************** Channel was created.
14.04.2020 8:46:15: [General] ************** Channel was created.
14.04.2020 8:46:15: [Trade] ************** Channel was created.
14.04.2020 8:46:15: [Looking For Group] ************** Channel was created.
14.04.2020 8:47:19: [Help] <117>White joined the channel.
14.04.2020 8:56:46: [Help] <117>White left the channel.
14.04.2020 8:56:46: [Trade] <117>White joined the channel.
##############################
Log started on 14.04.2020 10:52:46

14.04.2020 10:52:46: [Help] ************** Channel was created.
14.04.2020 10:52:46: [General] ************** Channel was created.
14.04.2020 10:52:46: [Trade] ************** Channel was created.
14.04.2020 10:52:46: [Looking For Group] ************** Channel was created.
14.04.2020 10:52:56: [Trade] <117>White joined the channel.
##############################
Log started on 14.04.2020 10:58:02

14.04.2020 10:58:02: [Help] ************** Channel was created.
14.04.2020 10:58:02: [General] ************** Channel was created.
14.04.2020 10:58:02: [Trade] ************** Channel was created.
14.04.2020 10:58:02: [Looking For Group] ************** Channel was created.
14.04.2020 10:58:14: [Trade] <117>White joined the channel.
##############################
Log started on 14.04.2020 10:59:24

14.04.2020 10:59:24: [Help] ************** Channel was created.
14.04.2020 10:59:24: [General] ************** Channel was created.
14.04.2020 10:59:24: [Trade] ************** Channel was created.
14.04.2020 10:59:24: [Looking For Group] ************** Channel was created.
14.04.2020 10:59:41: [Trade] <117>White joined the channel.
##############################
Log started on 14.04.2020 11:00:41

14.04.2020 11:00:41: [Help] ************** Channel was created.
14.04.2020 11:00:41: [General] ************** Channel was created.
14.04.2020 11:00:41: [Trade] ************** Channel was created.
14.04.2020 11:00:41: [Looking For Group] ************** Channel was created.
14.04.2020 11:00:58: [Trade] <117>White joined the channel.
##############################
Log started on 14.04.2020 11:02:10

14.04.2020 11:02:10: [Help] ************** Channel was created.
14.04.2020 11:02:10: [General] ************** Channel was created.
14.04.2020 11:02:10: [Trade] ************** Channel was created.
14.04.2020 11:02:10: [Looking For Group] ************** Channel was created.
14.04.2020 11:02:19: [Trade] <117>White joined the channel.
##############################
Log started on 14.04.2020 11:05:22

14.04.2020 11:05:23: [Help] ************** Channel was created.
14.04.2020 11:05:23: [General] ************** Channel was created.
14.04.2020 11:05:23: [Trade] ************** Channel was created.
14.04.2020 11:05:23: [Looking For Group] ************** Channel was created.
14.04.2020 11:05:32: [Trade] <117>White joined the channel.
##############################
Log started on 14.04.2020 11:23:22

14.04.2020 11:23:22: [Help] ************** Channel was created.
14.04.2020 11:23:22: [General] ************** Channel was created.
14.04.2020 11:23:22: [Trade] ************** Channel was created.
14.04.2020 11:23:22: [Looking For Group] ************** Channel was created.
14.04.2020 11:23:36: [Trade] <117>White joined the channel.
##############################
Log started on 14.04.2020 11:24:31

14.04.2020 11:24:31: [Help] ************** Channel was created.
14.04.2020 11:24:31: [General] ************** Channel was created.
14.04.2020 11:24:31: [Trade] ************** Channel was created.
14.04.2020 11:24:31: [Looking For Group] ************** Channel was created.
14.04.2020 11:24:42: [Trade] <117>White joined the channel.
##############################
Log started on 14.04.2020 11:25:58

14.04.2020 11:25:58: [Help] ************** Channel was created.
14.04.2020 11:25:58: [General] ************** Channel was created.
14.04.2020 11:25:58: [Trade] ************** Channel was created.
14.04.2020 11:25:58: [Looking For Group] ************** Channel was created.
14.04.2020 11:26:09: [Trade] <117>White joined the channel.
##############################
Log started on 14.04.2020 11:42:50

14.04.2020 11:42:50: [Help] ************** Channel was created.
14.04.2020 11:42:50: [General] ************** Channel was created.
14.04.2020 11:42:50: [Trade] ************** Channel was created.
14.04.2020 11:42:50: [Looking For Group] ************** Channel was created.
14.04.2020 11:43:03: [Trade] <117>White joined the channel.
##############################
Log started on 14.04.2020 14:04:01

14.04.2020 14:04:01: [Help] ************** Channel was created.
14.04.2020 14:04:01: [General] ************** Channel was created.
14.04.2020 14:04:01: [Trade] ************** Channel was created.
14.04.2020 14:04:01: [Looking For Group] ************** Channel was created.
14.04.2020 14:04:39: [Trade] <117>White joined the channel.
##############################
Log started on 14.04.2020 14:14:38

14.04.2020 14:14:38: [Help] ************** Channel was created.
14.04.2020 14:14:38: [General] ************** Channel was created.
14.04.2020 14:14:38: [Trade] ************** Channel was created.
14.04.2020 14:14:38: [Looking For Group] ************** Channel was created.
##############################
Log started on 14.04.2020 14:17:47

14.04.2020 14:17:47: [Help] ************** Channel was created.
14.04.2020 14:17:47: [General] ************** Channel was created.
14.04.2020 14:17:47: [Trade] ************** Channel was created.
14.04.2020 14:17:47: [Looking For Group] ************** Channel was created.
14.04.2020 14:17:55: [Trade] <117>White joined the channel.
14.04.2020 22:30:49: [Trade] <117>White left the channel.
15.04.2020 10:00:05: [Trade] <117>White joined the channel.
