##############################
Log started on 15.04.2020 11:04:19

15.04.2020 11:04:19: [Help] ************** Channel was created.
15.04.2020 11:04:19: [General] ************** Channel was created.
15.04.2020 11:04:19: [Trade] ************** Channel was created.
15.04.2020 11:04:19: [Looking For Group] ************** Channel was created.
15.04.2020 11:05:33: [Trade] <117>White joined the channel.
##############################
Log started on 15.04.2020 11:08:35

15.04.2020 11:08:35: [Help] ************** Channel was created.
15.04.2020 11:08:35: [General] ************** Channel was created.
15.04.2020 11:08:35: [Trade] ************** Channel was created.
15.04.2020 11:08:35: [Looking For Group] ************** Channel was created.
15.04.2020 11:09:10: [Trade] <117>White joined the channel.
##############################
Log started on 15.04.2020 11:20:23

15.04.2020 11:20:23: [Help] ************** Channel was created.
15.04.2020 11:20:23: [General] ************** Channel was created.
15.04.2020 11:20:23: [Trade] ************** Channel was created.
15.04.2020 11:20:23: [Looking For Group] ************** Channel was created.
15.04.2020 11:20:37: [Trade] <117>White joined the channel.
##############################
Log started on 15.04.2020 11:31:51

15.04.2020 11:31:51: [Help] ************** Channel was created.
15.04.2020 11:31:51: [General] ************** Channel was created.
15.04.2020 11:31:51: [Trade] ************** Channel was created.
15.04.2020 11:31:51: [Looking For Group] ************** Channel was created.
15.04.2020 11:31:58: [Trade] <117>White joined the channel.
15.04.2020 11:37:00: [Trade] <117>White left the channel.
15.04.2020 11:37:52: [Trade] <117>White joined the channel.
##############################
Log started on 15.04.2020 11:44:45

15.04.2020 11:44:45: [Help] ************** Channel was created.
15.04.2020 11:44:45: [General] ************** Channel was created.
15.04.2020 11:44:45: [Trade] ************** Channel was created.
15.04.2020 11:44:45: [Looking For Group] ************** Channel was created.
15.04.2020 11:44:51: [Trade] <117>White joined the channel.
##############################
Log started on 15.04.2020 11:48:31

15.04.2020 11:48:31: [Help] ************** Channel was created.
15.04.2020 11:48:31: [General] ************** Channel was created.
15.04.2020 11:48:31: [Trade] ************** Channel was created.
15.04.2020 11:48:31: [Looking For Group] ************** Channel was created.
15.04.2020 11:48:41: [Trade] <117>White joined the channel.
15.04.2020 11:48:59: [Trade] <117>White left the channel.
15.04.2020 11:49:17: [Trade] <117>White joined the channel.
##############################
Log started on 15.04.2020 11:56:52

15.04.2020 11:56:52: [Help] ************** Channel was created.
15.04.2020 11:56:52: [General] ************** Channel was created.
15.04.2020 11:56:52: [Trade] ************** Channel was created.
15.04.2020 11:56:52: [Looking For Group] ************** Channel was created.
15.04.2020 11:57:06: [Trade] <117>White joined the channel.
##############################
Log started on 15.04.2020 12:00:14

15.04.2020 12:00:14: [Help] ************** Channel was created.
15.04.2020 12:00:14: [General] ************** Channel was created.
15.04.2020 12:00:14: [Trade] ************** Channel was created.
15.04.2020 12:00:14: [Looking For Group] ************** Channel was created.
15.04.2020 12:00:31: [Trade] <117>White joined the channel.
##############################
Log started on 15.04.2020 12:07:51

15.04.2020 12:07:51: [Help] ************** Channel was created.
15.04.2020 12:07:51: [General] ************** Channel was created.
15.04.2020 12:07:51: [Trade] ************** Channel was created.
15.04.2020 12:07:51: [Looking For Group] ************** Channel was created.
15.04.2020 12:08:00: [Trade] <117>White joined the channel.
##############################
Log started on 15.04.2020 12:15:15

15.04.2020 12:15:15: [Help] ************** Channel was created.
15.04.2020 12:15:15: [General] ************** Channel was created.
15.04.2020 12:15:15: [Trade] ************** Channel was created.
15.04.2020 12:15:15: [Looking For Group] ************** Channel was created.
15.04.2020 12:15:32: [Trade] <117>White joined the channel.
##############################
Log started on 15.04.2020 12:49:32

15.04.2020 12:49:32: [Help] ************** Channel was created.
15.04.2020 12:49:32: [General] ************** Channel was created.
15.04.2020 12:49:32: [Trade] ************** Channel was created.
15.04.2020 12:49:32: [Looking For Group] ************** Channel was created.
15.04.2020 12:49:43: [Trade] <117>White joined the channel.
##############################
Log started on 15.04.2020 13:36:06

15.04.2020 13:36:06: [Help] ************** Channel was created.
15.04.2020 13:36:06: [General] ************** Channel was created.
15.04.2020 13:36:06: [Trade] ************** Channel was created.
15.04.2020 13:36:06: [Looking For Group] ************** Channel was created.
15.04.2020 13:36:18: [Trade] <117>White joined the channel.
##############################
Log started on 15.04.2020 13:42:09

15.04.2020 13:42:09: [Help] ************** Channel was created.
15.04.2020 13:42:09: [General] ************** Channel was created.
15.04.2020 13:42:09: [Trade] ************** Channel was created.
15.04.2020 13:42:09: [Looking For Group] ************** Channel was created.
15.04.2020 13:42:18: [Trade] <117>White joined the channel.
##############################
Log started on 15.04.2020 13:45:35

15.04.2020 13:45:35: [Help] ************** Channel was created.
15.04.2020 13:45:35: [General] ************** Channel was created.
15.04.2020 13:45:35: [Trade] ************** Channel was created.
15.04.2020 13:45:35: [Looking For Group] ************** Channel was created.
15.04.2020 13:45:51: [Trade] <117>White joined the channel.
##############################
Log started on 15.04.2020 13:46:54

15.04.2020 13:46:54: [Help] ************** Channel was created.
15.04.2020 13:46:54: [General] ************** Channel was created.
15.04.2020 13:46:54: [Trade] ************** Channel was created.
15.04.2020 13:46:54: [Looking For Group] ************** Channel was created.
15.04.2020 13:47:05: [Trade] <117>White joined the channel.
##############################
Log started on 15.04.2020 13:48:06

15.04.2020 13:48:06: [Help] ************** Channel was created.
15.04.2020 13:48:06: [General] ************** Channel was created.
15.04.2020 13:48:06: [Trade] ************** Channel was created.
15.04.2020 13:48:06: [Looking For Group] ************** Channel was created.
15.04.2020 13:48:17: [Trade] <117>White joined the channel.
15.04.2020 14:00:44: [Trade] <117>White left the channel.
##############################
Log started on 15.04.2020 17:10:14

15.04.2020 17:10:14: [Help] ************** Channel was created.
15.04.2020 17:10:14: [General] ************** Channel was created.
15.04.2020 17:10:14: [Trade] ************** Channel was created.
15.04.2020 17:10:14: [Looking For Group] ************** Channel was created.
15.04.2020 17:10:26: [Trade] <117>White joined the channel.
##############################
Log started on 15.04.2020 17:11:53

15.04.2020 17:11:53: [Help] ************** Channel was created.
15.04.2020 17:11:53: [General] ************** Channel was created.
15.04.2020 17:11:53: [Trade] ************** Channel was created.
15.04.2020 17:11:53: [Looking For Group] ************** Channel was created.
15.04.2020 17:12:14: [Trade] <117>White joined the channel.
15.04.2020 17:25:41: [Trade] <117>White left the channel.
##############################
Log started on 15.04.2020 17:41:22

15.04.2020 17:41:22: [Help] ************** Channel was created.
15.04.2020 17:41:22: [General] ************** Channel was created.
15.04.2020 17:41:22: [Trade] ************** Channel was created.
15.04.2020 17:41:22: [Looking For Group] ************** Channel was created.
15.04.2020 17:41:36: [Trade] <117>White joined the channel.
15.04.2020 18:08:50: [Trade] <117>White left the channel.
##############################
Log started on 15.04.2020 18:13:18

15.04.2020 18:13:18: [Help] ************** Channel was created.
15.04.2020 18:13:18: [General] ************** Channel was created.
15.04.2020 18:13:18: [Trade] ************** Channel was created.
15.04.2020 18:13:18: [Looking For Group] ************** Channel was created.
##############################
Log started on 15.04.2020 18:22:11

15.04.2020 18:22:11: [Help] ************** Channel was created.
15.04.2020 18:22:11: [General] ************** Channel was created.
15.04.2020 18:22:11: [Trade] ************** Channel was created.
15.04.2020 18:22:11: [Looking For Group] ************** Channel was created.
15.04.2020 18:23:45: [Trade] <117>White joined the channel.
##############################
Log started on 15.04.2020 18:38:17

15.04.2020 18:38:17: [Help] ************** Channel was created.
15.04.2020 18:38:17: [General] ************** Channel was created.
15.04.2020 18:38:17: [Trade] ************** Channel was created.
15.04.2020 18:38:17: [Looking For Group] ************** Channel was created.
15.04.2020 18:38:36: [Trade] <117>White joined the channel.
