##############################
Log started on 16.04.2020 11:34:06

16.04.2020 11:34:06: [Help] ************** Channel was created.
16.04.2020 11:34:06: [General] ************** Channel was created.
16.04.2020 11:34:06: [Trade] ************** Channel was created.
16.04.2020 11:34:06: [Looking For Group] ************** Channel was created.
16.04.2020 11:35:19: [Trade] <117>White joined the channel.
##############################
Log started on 16.04.2020 11:43:52

16.04.2020 11:43:52: [Help] ************** Channel was created.
16.04.2020 11:43:52: [General] ************** Channel was created.
16.04.2020 11:43:52: [Trade] ************** Channel was created.
16.04.2020 11:43:52: [Looking For Group] ************** Channel was created.
16.04.2020 11:45:05: [Trade] <117>white joined the channel.
##############################
Log started on 16.04.2020 11:55:00

16.04.2020 11:55:00: [Help] ************** Channel was created.
16.04.2020 11:55:00: [General] ************** Channel was created.
16.04.2020 11:55:00: [Trade] ************** Channel was created.
16.04.2020 11:55:00: [Looking For Group] ************** Channel was created.
16.04.2020 11:55:27: [Trade] <117>white joined the channel.
##############################
Log started on 16.04.2020 15:15:06

16.04.2020 15:15:06: [Help] ************** Channel was created.
16.04.2020 15:15:06: [General] ************** Channel was created.
16.04.2020 15:15:06: [Trade] ************** Channel was created.
16.04.2020 15:15:06: [Looking For Group] ************** Channel was created.
16.04.2020 15:15:40: [Trade] <117>white joined the channel.
##############################
Log started on 16.04.2020 15:17:53

16.04.2020 15:17:53: [Help] ************** Channel was created.
16.04.2020 15:17:53: [General] ************** Channel was created.
16.04.2020 15:17:53: [Trade] ************** Channel was created.
16.04.2020 15:17:53: [Looking For Group] ************** Channel was created.
16.04.2020 15:18:04: [Trade] <117>white joined the channel.
##############################
Log started on 16.04.2020 15:21:09

16.04.2020 15:21:09: [Help] ************** Channel was created.
16.04.2020 15:21:09: [General] ************** Channel was created.
16.04.2020 15:21:09: [Trade] ************** Channel was created.
16.04.2020 15:21:09: [Looking For Group] ************** Channel was created.
16.04.2020 15:21:21: [Trade] <117>white joined the channel.
16.04.2020 15:51:52: [Trade] <117>white left the channel.
16.04.2020 15:51:56: [Trade] <117>white joined the channel.
##############################
Log started on 16.04.2020 16:00:33

16.04.2020 16:00:33: [Help] ************** Channel was created.
16.04.2020 16:00:33: [General] ************** Channel was created.
16.04.2020 16:00:33: [Trade] ************** Channel was created.
16.04.2020 16:00:33: [Looking For Group] ************** Channel was created.
16.04.2020 16:02:22: [Trade] <117>white joined the channel.
