##############################
Log started on 19.04.2020 13:10:02

19.04.2020 13:10:02: [Help] ************** Channel was created.
19.04.2020 13:10:02: [General] ************** Channel was created.
19.04.2020 13:10:02: [Trade] ************** Channel was created.
19.04.2020 13:10:02: [Looking For Group] ************** Channel was created.
##############################
Log started on 19.04.2020 13:32:05

19.04.2020 13:32:05: [Help] ************** Channel was created.
19.04.2020 13:32:05: [General] ************** Channel was created.
19.04.2020 13:32:05: [Trade] ************** Channel was created.
19.04.2020 13:32:05: [Looking For Group] ************** Channel was created.
19.04.2020 13:32:26: [Trade] <117>white joined the channel.
19.04.2020 13:35:46: [Trade] <117>white left the channel.
19.04.2020 13:36:35: [Trade] <117>white joined the channel.
19.04.2020 13:47:02: [Trade] <117>white left the channel.
19.04.2020 14:17:44: [Trade] <117>white joined the channel.
19.04.2020 14:20:30: [Trade] <117>white left the channel.
##############################
Log started on 19.04.2020 19:47:48

19.04.2020 19:47:48: [Help] ************** Channel was created.
19.04.2020 19:47:48: [General] ************** Channel was created.
19.04.2020 19:47:48: [Trade] ************** Channel was created.
19.04.2020 19:47:48: [Looking For Group] ************** Channel was created.
19.04.2020 19:49:07: [Trade] <117>white joined the channel.
19.04.2020 20:00:17: [Trade] <117>white left the channel.
19.04.2020 20:00:46: [Trade] <117>white joined the channel.
19.04.2020 20:01:37: [Trade] <117>white left the channel.
19.04.2020 20:04:09: [Trade] <117>white joined the channel.
19.04.2020 20:10:22: [Trade] <117>white left the channel.
19.04.2020 20:11:13: [Trade] <117>white joined the channel.
19.04.2020 20:11:23: [Trade] <117>white left the channel.
##############################
Log started on 19.04.2020 20:23:53

19.04.2020 20:23:53: [Help] ************** Channel was created.
19.04.2020 20:23:53: [General] ************** Channel was created.
19.04.2020 20:23:53: [Trade] ************** Channel was created.
19.04.2020 20:23:53: [Looking For Group] ************** Channel was created.
##############################
Log started on 19.04.2020 20:25:21

19.04.2020 20:25:21: [Help] ************** Channel was created.
19.04.2020 20:25:21: [General] ************** Channel was created.
19.04.2020 20:25:21: [Trade] ************** Channel was created.
19.04.2020 20:25:21: [Looking For Group] ************** Channel was created.
19.04.2020 20:25:52: [Trade] <117>white joined the channel.
##############################
Log started on 19.04.2020 20:32:28

19.04.2020 20:32:28: [Help] ************** Channel was created.
19.04.2020 20:32:28: [General] ************** Channel was created.
19.04.2020 20:32:28: [Trade] ************** Channel was created.
19.04.2020 20:32:28: [Looking For Group] ************** Channel was created.
19.04.2020 20:34:09: [Trade] <407>White joined the channel.
19.04.2020 20:37:07: [Trade] <407>White left the channel.
##############################
Log started on 19.04.2020 21:32:37

19.04.2020 21:32:37: [Help] ************** Channel was created.
19.04.2020 21:32:37: [General] ************** Channel was created.
19.04.2020 21:32:37: [Trade] ************** Channel was created.
19.04.2020 21:32:37: [Looking For Group] ************** Channel was created.
19.04.2020 21:34:19: [Help] <407>Loutweak joined the channel.
19.04.2020 22:22:38: [Help] <407>Loutweak left the channel.
