##############################
Log started on 20.04.2020 10:33:02

20.04.2020 10:33:02: [Help] ************** Channel was created.
20.04.2020 10:33:02: [General] ************** Channel was created.
20.04.2020 10:33:02: [Trade] ************** Channel was created.
20.04.2020 10:33:02: [Looking For Group] ************** Channel was created.
20.04.2020 10:37:12: [Help] <407>Loutweak joined the channel.
##############################
Log started on 20.04.2020 10:42:35

20.04.2020 10:42:35: [Help] ************** Channel was created.
20.04.2020 10:42:35: [General] ************** Channel was created.
20.04.2020 10:42:35: [Trade] ************** Channel was created.
20.04.2020 10:42:35: [Looking For Group] ************** Channel was created.
20.04.2020 10:42:54: [Help] <407>Loutweak joined the channel.
##############################
Log started on 20.04.2020 10:49:23

20.04.2020 10:49:23: [Help] ************** Channel was created.
20.04.2020 10:49:23: [General] ************** Channel was created.
20.04.2020 10:49:23: [Trade] ************** Channel was created.
20.04.2020 10:49:23: [Looking For Group] ************** Channel was created.
20.04.2020 10:49:35: [Help] <407>Loutweak joined the channel.
##############################
Log started on 20.04.2020 10:55:17

20.04.2020 10:55:17: [Help] ************** Channel was created.
20.04.2020 10:55:17: [General] ************** Channel was created.
20.04.2020 10:55:17: [Trade] ************** Channel was created.
20.04.2020 10:55:17: [Looking For Group] ************** Channel was created.
20.04.2020 10:55:27: [Help] <407>Loutweak joined the channel.
##############################
Log started on 20.04.2020 12:57:13

20.04.2020 12:57:13: [Help] ************** Channel was created.
20.04.2020 12:57:13: [General] ************** Channel was created.
20.04.2020 12:57:13: [Trade] ************** Channel was created.
20.04.2020 12:57:13: [Looking For Group] ************** Channel was created.
20.04.2020 12:57:26: [Help] <407>Loutweak joined the channel.
##############################
Log started on 20.04.2020 13:01:00

20.04.2020 13:01:00: [Help] ************** Channel was created.
20.04.2020 13:01:00: [General] ************** Channel was created.
20.04.2020 13:01:00: [Trade] ************** Channel was created.
20.04.2020 13:01:00: [Looking For Group] ************** Channel was created.
20.04.2020 13:01:08: [Help] <407>Loutweak joined the channel.
##############################
Log started on 20.04.2020 13:03:14

20.04.2020 13:03:14: [Help] ************** Channel was created.
20.04.2020 13:03:14: [General] ************** Channel was created.
20.04.2020 13:03:14: [Trade] ************** Channel was created.
20.04.2020 13:03:14: [Looking For Group] ************** Channel was created.
20.04.2020 13:03:27: [Help] <407>Loutweak joined the channel.
##############################
Log started on 20.04.2020 13:08:04

20.04.2020 13:08:04: [Help] ************** Channel was created.
20.04.2020 13:08:04: [General] ************** Channel was created.
20.04.2020 13:08:04: [Trade] ************** Channel was created.
20.04.2020 13:08:04: [Looking For Group] ************** Channel was created.
20.04.2020 13:08:16: [Help] <407>Loutweak joined the channel.
##############################
Log started on 20.04.2020 13:12:14

20.04.2020 13:12:14: [Help] ************** Channel was created.
20.04.2020 13:12:14: [General] ************** Channel was created.
20.04.2020 13:12:14: [Trade] ************** Channel was created.
20.04.2020 13:12:14: [Looking For Group] ************** Channel was created.
20.04.2020 13:12:25: [Help] <407>Loutweak joined the channel.
##############################
Log started on 20.04.2020 13:14:40

20.04.2020 13:14:40: [Help] ************** Channel was created.
20.04.2020 13:14:40: [General] ************** Channel was created.
20.04.2020 13:14:40: [Trade] ************** Channel was created.
20.04.2020 13:14:40: [Looking For Group] ************** Channel was created.
20.04.2020 13:14:49: [Help] <407>Loutweak joined the channel.
##############################
Log started on 20.04.2020 13:19:34

20.04.2020 13:19:34: [Help] ************** Channel was created.
20.04.2020 13:19:34: [General] ************** Channel was created.
20.04.2020 13:19:34: [Trade] ************** Channel was created.
20.04.2020 13:19:34: [Looking For Group] ************** Channel was created.
20.04.2020 13:19:50: [Help] <407>Loutweak joined the channel.
##############################
Log started on 20.04.2020 15:43:34

20.04.2020 15:43:34: [Help] ************** Channel was created.
20.04.2020 15:43:34: [General] ************** Channel was created.
20.04.2020 15:43:34: [Trade] ************** Channel was created.
20.04.2020 15:43:34: [Looking For Group] ************** Channel was created.
20.04.2020 15:43:51: [Help] <407>Loutweak joined the channel.
##############################
Log started on 20.04.2020 15:46:37

20.04.2020 15:46:37: [Help] ************** Channel was created.
20.04.2020 15:46:37: [General] ************** Channel was created.
20.04.2020 15:46:37: [Trade] ************** Channel was created.
20.04.2020 15:46:37: [Looking For Group] ************** Channel was created.
20.04.2020 15:46:47: [Help] <407>Loutweak joined the channel.
20.04.2020 15:48:21: [Help] <408>test joined the channel.
##############################
Log started on 20.04.2020 16:01:24

20.04.2020 16:01:24: [Help] ************** Channel was created.
20.04.2020 16:01:24: [General] ************** Channel was created.
20.04.2020 16:01:24: [Trade] ************** Channel was created.
20.04.2020 16:01:24: [Looking For Group] ************** Channel was created.
20.04.2020 16:01:34: [Help] <407>Loutweak joined the channel.
20.04.2020 16:01:56: [Help] <408>test joined the channel.
##############################
Log started on 20.04.2020 16:07:58

20.04.2020 16:07:58: [Help] ************** Channel was created.
20.04.2020 16:07:58: [General] ************** Channel was created.
20.04.2020 16:07:58: [Trade] ************** Channel was created.
20.04.2020 16:07:58: [Looking For Group] ************** Channel was created.
20.04.2020 16:08:08: [Help] <407>Loutweak joined the channel.
20.04.2020 16:08:19: [Help] <408>test joined the channel.
##############################
Log started on 20.04.2020 16:12:07

20.04.2020 16:12:07: [Help] ************** Channel was created.
20.04.2020 16:12:07: [General] ************** Channel was created.
20.04.2020 16:12:07: [Trade] ************** Channel was created.
20.04.2020 16:12:07: [Looking For Group] ************** Channel was created.
20.04.2020 16:12:29: [Help] <407>Loutweak joined the channel.
20.04.2020 16:12:38: [Help] <408>test joined the channel.
##############################
Log started on 20.04.2020 16:29:56

20.04.2020 16:29:56: [Help] ************** Channel was created.
20.04.2020 16:29:56: [General] ************** Channel was created.
20.04.2020 16:29:56: [Trade] ************** Channel was created.
20.04.2020 16:29:56: [Looking For Group] ************** Channel was created.
20.04.2020 16:30:08: [Help] <407>Loutweak joined the channel.
20.04.2020 16:30:22: [Help] <408>test joined the channel.
##############################
Log started on 20.04.2020 16:43:52

20.04.2020 16:43:52: [Help] ************** Channel was created.
20.04.2020 16:43:52: [General] ************** Channel was created.
20.04.2020 16:43:52: [Trade] ************** Channel was created.
20.04.2020 16:43:52: [Looking For Group] ************** Channel was created.
20.04.2020 16:44:04: [Help] <407>Loutweak joined the channel.
20.04.2020 16:44:16: [Help] <408>test joined the channel.
##############################
Log started on 20.04.2020 16:51:16

20.04.2020 16:51:16: [Help] ************** Channel was created.
20.04.2020 16:51:16: [General] ************** Channel was created.
20.04.2020 16:51:16: [Trade] ************** Channel was created.
20.04.2020 16:51:16: [Looking For Group] ************** Channel was created.
20.04.2020 16:51:27: [Help] <407>Loutweak joined the channel.
20.04.2020 16:51:36: [Help] <408>test joined the channel.
20.04.2020 16:54:44: [Help] <408>test left the channel.
20.04.2020 16:54:47: [Help] <408>test joined the channel.
##############################
Log started on 20.04.2020 18:58:44

20.04.2020 18:58:44: [Help] ************** Channel was created.
20.04.2020 18:58:44: [General] ************** Channel was created.
20.04.2020 18:58:44: [Trade] ************** Channel was created.
20.04.2020 18:58:44: [Looking For Group] ************** Channel was created.
20.04.2020 18:58:55: [Help] <408>test joined the channel.
20.04.2020 18:59:05: [Help] <407>Loutweak joined the channel.
##############################
Log started on 20.04.2020 19:16:04

20.04.2020 19:16:04: [Help] ************** Channel was created.
20.04.2020 19:16:04: [General] ************** Channel was created.
20.04.2020 19:16:04: [Trade] ************** Channel was created.
20.04.2020 19:16:04: [Looking For Group] ************** Channel was created.
20.04.2020 19:16:13: [Help] <407>Loutweak joined the channel.
20.04.2020 19:20:32: [Help] <408>test joined the channel.
##############################
Log started on 20.04.2020 19:27:03

20.04.2020 19:27:03: [Help] ************** Channel was created.
20.04.2020 19:27:03: [General] ************** Channel was created.
20.04.2020 19:27:03: [Trade] ************** Channel was created.
20.04.2020 19:27:03: [Looking For Group] ************** Channel was created.
20.04.2020 19:27:15: [Help] <407>Loutweak joined the channel.
20.04.2020 19:28:11: [Help] <408>test joined the channel.
##############################
Log started on 20.04.2020 19:44:55

20.04.2020 19:44:55: [Help] ************** Channel was created.
20.04.2020 19:44:55: [General] ************** Channel was created.
20.04.2020 19:44:55: [Trade] ************** Channel was created.
20.04.2020 19:44:55: [Looking For Group] ************** Channel was created.
20.04.2020 19:45:07: [Help] <407>Loutweak joined the channel.
20.04.2020 19:45:17: [Help] <408>test joined the channel.
##############################
Log started on 20.04.2020 19:47:38

20.04.2020 19:47:38: [Help] ************** Channel was created.
20.04.2020 19:47:38: [General] ************** Channel was created.
20.04.2020 19:47:38: [Trade] ************** Channel was created.
20.04.2020 19:47:38: [Looking For Group] ************** Channel was created.
20.04.2020 19:47:59: [Help] <407>Loutweak joined the channel.
20.04.2020 19:48:08: [Help] <408>test joined the channel.
##############################
Log started on 20.04.2020 19:51:01

20.04.2020 19:51:01: [Help] ************** Channel was created.
20.04.2020 19:51:01: [General] ************** Channel was created.
20.04.2020 19:51:01: [Trade] ************** Channel was created.
20.04.2020 19:51:01: [Looking For Group] ************** Channel was created.
20.04.2020 19:51:12: [Help] <408>test joined the channel.
20.04.2020 19:51:22: [Help] <407>Loutweak joined the channel.
##############################
Log started on 20.04.2020 19:54:12

20.04.2020 19:54:12: [Help] ************** Channel was created.
20.04.2020 19:54:12: [General] ************** Channel was created.
20.04.2020 19:54:12: [Trade] ************** Channel was created.
20.04.2020 19:54:12: [Looking For Group] ************** Channel was created.
20.04.2020 19:54:30: [Help] <408>test joined the channel.
20.04.2020 19:54:40: [Help] <407>Loutweak joined the channel.
##############################
Log started on 20.04.2020 20:01:54

20.04.2020 20:01:54: [Help] ************** Channel was created.
20.04.2020 20:01:54: [General] ************** Channel was created.
20.04.2020 20:01:54: [Trade] ************** Channel was created.
20.04.2020 20:01:54: [Looking For Group] ************** Channel was created.
20.04.2020 20:02:40: [Help] <407>Loutweak joined the channel.
20.04.2020 20:03:44: [Help] <408>test joined the channel.
##############################
Log started on 20.04.2020 20:14:25

20.04.2020 20:14:25: [Help] ************** Channel was created.
20.04.2020 20:14:25: [General] ************** Channel was created.
20.04.2020 20:14:25: [Trade] ************** Channel was created.
20.04.2020 20:14:25: [Looking For Group] ************** Channel was created.
##############################
Log started on 20.04.2020 21:30:02

20.04.2020 21:30:02: [Help] ************** Channel was created.
20.04.2020 21:30:02: [General] ************** Channel was created.
20.04.2020 21:30:02: [Trade] ************** Channel was created.
20.04.2020 21:30:02: [Looking For Group] ************** Channel was created.
20.04.2020 21:30:17: [Help] <407>Loutweak joined the channel.
20.04.2020 21:31:28: [Help] <408>test joined the channel.
##############################
Log started on 20.04.2020 21:34:03

20.04.2020 21:34:03: [Help] ************** Channel was created.
20.04.2020 21:34:03: [General] ************** Channel was created.
20.04.2020 21:34:03: [Trade] ************** Channel was created.
20.04.2020 21:34:03: [Looking For Group] ************** Channel was created.
20.04.2020 21:34:17: [Help] <407>Loutweak joined the channel.
20.04.2020 21:34:52: [Help] <408>test joined the channel.
##############################
Log started on 20.04.2020 21:48:01

20.04.2020 21:48:01: [Help] ************** Channel was created.
20.04.2020 21:48:01: [General] ************** Channel was created.
20.04.2020 21:48:01: [Trade] ************** Channel was created.
20.04.2020 21:48:01: [Looking For Group] ************** Channel was created.
20.04.2020 21:48:10: [Help] <407>Loutweak joined the channel.
20.04.2020 21:48:32: [Help] <408>test joined the channel.
##############################
Log started on 20.04.2020 21:58:08

20.04.2020 21:58:08: [Help] ************** Channel was created.
20.04.2020 21:58:08: [General] ************** Channel was created.
20.04.2020 21:58:08: [Trade] ************** Channel was created.
20.04.2020 21:58:08: [Looking For Group] ************** Channel was created.
20.04.2020 21:58:19: [Help] <407>Loutweak joined the channel.
20.04.2020 21:58:48: [Help] <408>test joined the channel.
20.04.2020 21:59:55: [Help] <408>test left the channel.
20.04.2020 21:59:59: [Help] <408>test joined the channel.
##############################
Log started on 20.04.2020 22:04:28

20.04.2020 22:04:28: [Help] ************** Channel was created.
20.04.2020 22:04:28: [General] ************** Channel was created.
20.04.2020 22:04:28: [Trade] ************** Channel was created.
20.04.2020 22:04:28: [Looking For Group] ************** Channel was created.
20.04.2020 22:04:37: [Help] <407>Loutweak joined the channel.
20.04.2020 22:04:45: [Help] <408>test joined the channel.
21.04.2020 0:13:04: [Help] <408>test left the channel.
21.04.2020 0:13:04: [Help] <407>Loutweak left the channel.
