##############################
Log started on 21.04.2020 7:31:08

21.04.2020 7:31:08: [Help] ************** Channel was created.
21.04.2020 7:31:08: [General] ************** Channel was created.
21.04.2020 7:31:08: [Trade] ************** Channel was created.
21.04.2020 7:31:08: [Looking For Group] ************** Channel was created.
21.04.2020 7:31:22: [Help] <408>test joined the channel.
21.04.2020 7:31:36: [Help] <407>Loutweak joined the channel.
##############################
Log started on 21.04.2020 7:34:40

21.04.2020 7:34:40: [Help] ************** Channel was created.
21.04.2020 7:34:40: [General] ************** Channel was created.
21.04.2020 7:34:40: [Trade] ************** Channel was created.
21.04.2020 7:34:40: [Looking For Group] ************** Channel was created.
21.04.2020 7:34:46: [Help] <407>Loutweak joined the channel.
21.04.2020 7:34:53: [Help] <408>test joined the channel.
##############################
Log started on 21.04.2020 7:38:40

21.04.2020 7:38:40: [Help] ************** Channel was created.
21.04.2020 7:38:40: [General] ************** Channel was created.
21.04.2020 7:38:40: [Trade] ************** Channel was created.
21.04.2020 7:38:40: [Looking For Group] ************** Channel was created.
21.04.2020 7:38:48: [Help] <407>Loutweak joined the channel.
21.04.2020 7:38:57: [Help] <408>test joined the channel.
##############################
Log started on 21.04.2020 7:48:52

21.04.2020 7:48:52: [Help] ************** Channel was created.
21.04.2020 7:48:52: [General] ************** Channel was created.
21.04.2020 7:48:52: [Trade] ************** Channel was created.
21.04.2020 7:48:52: [Looking For Group] ************** Channel was created.
21.04.2020 7:49:03: [Help] <407>Loutweak joined the channel.
##############################
Log started on 21.04.2020 7:58:26

21.04.2020 7:58:26: [Help] ************** Channel was created.
21.04.2020 7:58:26: [General] ************** Channel was created.
21.04.2020 7:58:26: [Trade] ************** Channel was created.
21.04.2020 7:58:26: [Looking For Group] ************** Channel was created.
21.04.2020 7:58:40: [Help] <407>Loutweak joined the channel.
##############################
Log started on 21.04.2020 8:02:27

21.04.2020 8:02:27: [Help] ************** Channel was created.
21.04.2020 8:02:27: [General] ************** Channel was created.
21.04.2020 8:02:27: [Trade] ************** Channel was created.
21.04.2020 8:02:27: [Looking For Group] ************** Channel was created.
21.04.2020 8:02:38: [Help] <407>Loutweak joined the channel.
21.04.2020 8:03:34: [Help] <408>test joined the channel.
21.04.2020 8:17:16: [Help] <408>test left the channel.
21.04.2020 8:17:16: [Help] <407>Loutweak left the channel.
##############################
Log started on 21.04.2020 8:37:11

21.04.2020 8:37:11: [Help] ************** Channel was created.
21.04.2020 8:37:11: [General] ************** Channel was created.
21.04.2020 8:37:11: [Trade] ************** Channel was created.
21.04.2020 8:37:11: [Looking For Group] ************** Channel was created.
21.04.2020 8:37:29: [Help] <408>test joined the channel.
21.04.2020 8:37:42: [Help] <407>Loutweak joined the channel.
##############################
Log started on 21.04.2020 8:49:27

21.04.2020 8:49:27: [Help] ************** Channel was created.
21.04.2020 8:49:27: [General] ************** Channel was created.
21.04.2020 8:49:27: [Trade] ************** Channel was created.
21.04.2020 8:49:27: [Looking For Group] ************** Channel was created.
21.04.2020 8:49:48: [Help] <408>test joined the channel.
21.04.2020 8:50:14: [Help] <407>Loutweak joined the channel.
##############################
Log started on 21.04.2020 8:52:58

21.04.2020 8:52:58: [Help] ************** Channel was created.
21.04.2020 8:52:58: [General] ************** Channel was created.
21.04.2020 8:52:58: [Trade] ************** Channel was created.
21.04.2020 8:52:58: [Looking For Group] ************** Channel was created.
21.04.2020 8:53:12: [Help] <408>test joined the channel.
21.04.2020 8:53:58: [Help] <407>Loutweak joined the channel.
##############################
Log started on 21.04.2020 8:55:55

21.04.2020 8:55:55: [Help] ************** Channel was created.
21.04.2020 8:55:55: [General] ************** Channel was created.
21.04.2020 8:55:55: [Trade] ************** Channel was created.
21.04.2020 8:55:55: [Looking For Group] ************** Channel was created.
21.04.2020 8:56:12: [Help] <408>test joined the channel.
21.04.2020 8:56:40: [Help] <407>Loutweak joined the channel.
21.04.2020 8:56:48: [Help] <407>Loutweak left the channel.
21.04.2020 8:56:52: [Help] <407>Loutweak joined the channel.
##############################
Log started on 21.04.2020 9:00:14

21.04.2020 9:00:14: [Help] ************** Channel was created.
21.04.2020 9:00:14: [General] ************** Channel was created.
21.04.2020 9:00:14: [Trade] ************** Channel was created.
21.04.2020 9:00:14: [Looking For Group] ************** Channel was created.
21.04.2020 9:00:36: [Help] <407>Loutweak joined the channel.
21.04.2020 9:01:05: [Help] <408>test joined the channel.
##############################
Log started on 21.04.2020 9:05:30

21.04.2020 9:05:30: [Help] ************** Channel was created.
21.04.2020 9:05:30: [General] ************** Channel was created.
21.04.2020 9:05:30: [Trade] ************** Channel was created.
21.04.2020 9:05:30: [Looking For Group] ************** Channel was created.
21.04.2020 9:05:42: [Help] <407>Loutweak joined the channel.
21.04.2020 9:06:11: [Help] <408>test joined the channel.
##############################
Log started on 21.04.2020 9:15:15

21.04.2020 9:15:15: [Help] ************** Channel was created.
21.04.2020 9:15:15: [General] ************** Channel was created.
21.04.2020 9:15:15: [Trade] ************** Channel was created.
21.04.2020 9:15:15: [Looking For Group] ************** Channel was created.
21.04.2020 9:15:27: [Help] <408>test joined the channel.
21.04.2020 9:15:38: [Help] <407>Loutweak joined the channel.
##############################
Log started on 21.04.2020 9:19:44

21.04.2020 9:19:44: [Help] ************** Channel was created.
21.04.2020 9:19:44: [General] ************** Channel was created.
21.04.2020 9:19:44: [Trade] ************** Channel was created.
21.04.2020 9:19:44: [Looking For Group] ************** Channel was created.
21.04.2020 9:19:56: [Help] <407>Loutweak joined the channel.
21.04.2020 9:20:08: [Help] <408>test joined the channel.
##############################
Log started on 21.04.2020 9:37:27

21.04.2020 9:37:27: [Help] ************** Channel was created.
21.04.2020 9:37:27: [General] ************** Channel was created.
21.04.2020 9:37:27: [Trade] ************** Channel was created.
21.04.2020 9:37:27: [Looking For Group] ************** Channel was created.
21.04.2020 9:37:41: [Help] <408>test joined the channel.
21.04.2020 9:37:51: [Help] <407>Loutweak joined the channel.
##############################
Log started on 21.04.2020 9:43:22

21.04.2020 9:43:22: [Help] ************** Channel was created.
21.04.2020 9:43:22: [General] ************** Channel was created.
21.04.2020 9:43:22: [Trade] ************** Channel was created.
21.04.2020 9:43:22: [Looking For Group] ************** Channel was created.
21.04.2020 9:43:45: [Help] <407>Loutweak joined the channel.
21.04.2020 9:44:40: [Help] <408>test joined the channel.
##############################
Log started on 21.04.2020 9:46:21

21.04.2020 9:46:21: [Help] ************** Channel was created.
21.04.2020 9:46:21: [General] ************** Channel was created.
21.04.2020 9:46:21: [Trade] ************** Channel was created.
21.04.2020 9:46:21: [Looking For Group] ************** Channel was created.
21.04.2020 9:46:28: [Help] <407>Loutweak joined the channel.
21.04.2020 9:46:36: [Help] <408>test joined the channel.
##############################
Log started on 21.04.2020 9:48:33

21.04.2020 9:48:33: [Help] ************** Channel was created.
21.04.2020 9:48:33: [General] ************** Channel was created.
21.04.2020 9:48:33: [Trade] ************** Channel was created.
21.04.2020 9:48:33: [Looking For Group] ************** Channel was created.
21.04.2020 9:48:39: [Help] <408>test joined the channel.
21.04.2020 9:48:45: [Help] <407>Loutweak joined the channel.
##############################
Log started on 21.04.2020 9:50:29

21.04.2020 9:50:29: [Help] ************** Channel was created.
21.04.2020 9:50:29: [General] ************** Channel was created.
21.04.2020 9:50:29: [Trade] ************** Channel was created.
21.04.2020 9:50:29: [Looking For Group] ************** Channel was created.
21.04.2020 9:50:36: [Help] <407>Loutweak joined the channel.
21.04.2020 9:52:59: [Help] <408>test joined the channel.
##############################
Log started on 21.04.2020 9:56:20

21.04.2020 9:56:20: [Help] ************** Channel was created.
21.04.2020 9:56:20: [General] ************** Channel was created.
21.04.2020 9:56:20: [Trade] ************** Channel was created.
21.04.2020 9:56:20: [Looking For Group] ************** Channel was created.
##############################
Log started on 21.04.2020 9:57:04

21.04.2020 9:57:04: [Help] ************** Channel was created.
21.04.2020 9:57:04: [General] ************** Channel was created.
21.04.2020 9:57:04: [Trade] ************** Channel was created.
21.04.2020 9:57:04: [Looking For Group] ************** Channel was created.
21.04.2020 9:57:13: [Help] <407>Loutweak joined the channel.
##############################
Log started on 21.04.2020 9:59:14

21.04.2020 9:59:14: [Help] ************** Channel was created.
21.04.2020 9:59:14: [General] ************** Channel was created.
21.04.2020 9:59:14: [Trade] ************** Channel was created.
21.04.2020 9:59:14: [Looking For Group] ************** Channel was created.
21.04.2020 9:59:24: [Help] <408>test joined the channel.
21.04.2020 9:59:38: [Help] <407>Loutweak joined the channel.
##############################
Log started on 21.04.2020 10:19:31

21.04.2020 10:19:31: [Help] ************** Channel was created.
21.04.2020 10:19:31: [General] ************** Channel was created.
21.04.2020 10:19:31: [Trade] ************** Channel was created.
21.04.2020 10:19:31: [Looking For Group] ************** Channel was created.
21.04.2020 10:19:39: [Help] <407>Loutweak joined the channel.
##############################
Log started on 21.04.2020 10:21:34

21.04.2020 10:21:34: [Help] ************** Channel was created.
21.04.2020 10:21:34: [General] ************** Channel was created.
21.04.2020 10:21:34: [Trade] ************** Channel was created.
21.04.2020 10:21:34: [Looking For Group] ************** Channel was created.
21.04.2020 10:21:48: [Help] <408>test joined the channel.
21.04.2020 10:22:00: [Help] <407>Loutweak joined the channel.
##############################
Log started on 21.04.2020 10:30:35

21.04.2020 10:30:35: [Help] ************** Channel was created.
21.04.2020 10:30:35: [General] ************** Channel was created.
21.04.2020 10:30:35: [Trade] ************** Channel was created.
21.04.2020 10:30:35: [Looking For Group] ************** Channel was created.
21.04.2020 10:30:47: [Help] <407>Loutweak joined the channel.
21.04.2020 10:31:16: [Help] <408>test joined the channel.
##############################
Log started on 21.04.2020 10:33:15

21.04.2020 10:33:15: [Help] ************** Channel was created.
21.04.2020 10:33:15: [General] ************** Channel was created.
21.04.2020 10:33:15: [Trade] ************** Channel was created.
21.04.2020 10:33:15: [Looking For Group] ************** Channel was created.
21.04.2020 10:33:52: [Help] <407>Loutweak joined the channel.
21.04.2020 10:34:20: [Help] <408>test joined the channel.
##############################
Log started on 21.04.2020 10:35:53

21.04.2020 10:35:53: [Help] ************** Channel was created.
21.04.2020 10:35:53: [General] ************** Channel was created.
21.04.2020 10:35:53: [Trade] ************** Channel was created.
21.04.2020 10:35:53: [Looking For Group] ************** Channel was created.
21.04.2020 10:36:04: [Help] <407>Loutweak joined the channel.
21.04.2020 10:36:12: [Help] <408>test joined the channel.
##############################
Log started on 21.04.2020 10:37:29

21.04.2020 10:37:29: [Help] ************** Channel was created.
21.04.2020 10:37:29: [General] ************** Channel was created.
21.04.2020 10:37:29: [Trade] ************** Channel was created.
21.04.2020 10:37:29: [Looking For Group] ************** Channel was created.
21.04.2020 10:37:39: [Help] <407>Loutweak joined the channel.
21.04.2020 10:37:46: [Help] <408>test joined the channel.
##############################
Log started on 21.04.2020 10:41:39

21.04.2020 10:41:39: [Help] ************** Channel was created.
21.04.2020 10:41:39: [General] ************** Channel was created.
21.04.2020 10:41:39: [Trade] ************** Channel was created.
21.04.2020 10:41:39: [Looking For Group] ************** Channel was created.
21.04.2020 10:41:53: [Help] <408>test joined the channel.
21.04.2020 10:41:57: [Help] <407>Loutweak joined the channel.
##############################
Log started on 21.04.2020 10:45:05

21.04.2020 10:45:05: [Help] ************** Channel was created.
21.04.2020 10:45:05: [General] ************** Channel was created.
21.04.2020 10:45:05: [Trade] ************** Channel was created.
21.04.2020 10:45:05: [Looking For Group] ************** Channel was created.
21.04.2020 10:45:17: [Help] <407>Loutweak joined the channel.
21.04.2020 10:45:27: [Help] <408>test joined the channel.
##############################
Log started on 21.04.2020 10:46:54

21.04.2020 10:46:54: [Help] ************** Channel was created.
21.04.2020 10:46:55: [General] ************** Channel was created.
21.04.2020 10:46:55: [Trade] ************** Channel was created.
21.04.2020 10:46:55: [Looking For Group] ************** Channel was created.
21.04.2020 10:47:04: [Help] <408>test joined the channel.
21.04.2020 10:47:14: [Help] <407>Loutweak joined the channel.
##############################
Log started on 21.04.2020 10:48:48

21.04.2020 10:48:48: [Help] ************** Channel was created.
21.04.2020 10:48:48: [General] ************** Channel was created.
21.04.2020 10:48:48: [Trade] ************** Channel was created.
21.04.2020 10:48:48: [Looking For Group] ************** Channel was created.
21.04.2020 10:49:08: [Help] <407>Loutweak joined the channel.
21.04.2020 10:49:42: [Help] <408>test joined the channel.
##############################
Log started on 21.04.2020 10:51:27

21.04.2020 10:51:27: [Help] ************** Channel was created.
21.04.2020 10:51:27: [General] ************** Channel was created.
21.04.2020 10:51:27: [Trade] ************** Channel was created.
21.04.2020 10:51:27: [Looking For Group] ************** Channel was created.
21.04.2020 10:51:41: [Help] <407>Loutweak joined the channel.
21.04.2020 10:52:06: [Help] <408>test joined the channel.
##############################
Log started on 21.04.2020 10:55:03

21.04.2020 10:55:03: [Help] ************** Channel was created.
21.04.2020 10:55:03: [General] ************** Channel was created.
21.04.2020 10:55:03: [Trade] ************** Channel was created.
21.04.2020 10:55:03: [Looking For Group] ************** Channel was created.
21.04.2020 10:55:14: [Help] <407>Loutweak joined the channel.
21.04.2020 10:55:22: [Help] <408>test joined the channel.
##############################
Log started on 21.04.2020 10:58:12

21.04.2020 10:58:12: [Help] ************** Channel was created.
21.04.2020 10:58:12: [General] ************** Channel was created.
21.04.2020 10:58:12: [Trade] ************** Channel was created.
21.04.2020 10:58:12: [Looking For Group] ************** Channel was created.
21.04.2020 10:58:21: [Help] <407>Loutweak joined the channel.
21.04.2020 10:58:37: [Help] <408>test joined the channel.
##############################
Log started on 21.04.2020 11:01:22

21.04.2020 11:01:22: [Help] ************** Channel was created.
21.04.2020 11:01:22: [General] ************** Channel was created.
21.04.2020 11:01:22: [Trade] ************** Channel was created.
21.04.2020 11:01:22: [Looking For Group] ************** Channel was created.
21.04.2020 11:01:37: [Help] <408>test joined the channel.
21.04.2020 11:02:10: [Help] <407>Loutweak joined the channel.
##############################
Log started on 21.04.2020 11:03:26

21.04.2020 11:03:26: [Help] ************** Channel was created.
21.04.2020 11:03:26: [General] ************** Channel was created.
21.04.2020 11:03:26: [Trade] ************** Channel was created.
21.04.2020 11:03:26: [Looking For Group] ************** Channel was created.
21.04.2020 11:03:41: [Help] <408>test joined the channel.
21.04.2020 11:04:08: [Help] <407>Loutweak joined the channel.
21.04.2020 11:05:14: [Help] <408>test left the channel.
21.04.2020 11:05:17: [Help] <407>Loutweak left the channel.
##############################
Log started on 21.04.2020 11:05:41

21.04.2020 11:05:41: [Help] ************** Channel was created.
21.04.2020 11:05:41: [General] ************** Channel was created.
21.04.2020 11:05:41: [Trade] ************** Channel was created.
21.04.2020 11:05:41: [Looking For Group] ************** Channel was created.
21.04.2020 11:05:49: [Help] <407>Loutweak joined the channel.
21.04.2020 11:05:59: [Help] <408>test joined the channel.
##############################
Log started on 21.04.2020 11:08:50

21.04.2020 11:08:50: [Help] ************** Channel was created.
21.04.2020 11:08:50: [General] ************** Channel was created.
21.04.2020 11:08:50: [Trade] ************** Channel was created.
21.04.2020 11:08:50: [Looking For Group] ************** Channel was created.
21.04.2020 11:09:01: [Help] <407>Loutweak joined the channel.
21.04.2020 11:09:12: [Help] <408>test joined the channel.
##############################
Log started on 21.04.2020 11:33:51

21.04.2020 11:33:51: [Help] ************** Channel was created.
21.04.2020 11:33:51: [General] ************** Channel was created.
21.04.2020 11:33:51: [Trade] ************** Channel was created.
21.04.2020 11:33:51: [Looking For Group] ************** Channel was created.
21.04.2020 11:34:02: [Help] <407>Loutweak joined the channel.
##############################
Log started on 21.04.2020 13:42:38

21.04.2020 13:42:38: [Help] ************** Channel was created.
21.04.2020 13:42:38: [General] ************** Channel was created.
21.04.2020 13:42:38: [Trade] ************** Channel was created.
21.04.2020 13:42:38: [Looking For Group] ************** Channel was created.
21.04.2020 13:42:52: [Help] <407>Loutweak joined the channel.
##############################
Log started on 21.04.2020 13:46:25

21.04.2020 13:46:25: [Help] ************** Channel was created.
21.04.2020 13:46:25: [General] ************** Channel was created.
21.04.2020 13:46:25: [Trade] ************** Channel was created.
21.04.2020 13:46:25: [Looking For Group] ************** Channel was created.
21.04.2020 13:46:34: [Help] <407>Loutweak joined the channel.
##############################
Log started on 21.04.2020 14:06:15

21.04.2020 14:06:15: [Help] ************** Channel was created.
21.04.2020 14:06:15: [General] ************** Channel was created.
21.04.2020 14:06:15: [Trade] ************** Channel was created.
21.04.2020 14:06:15: [Looking For Group] ************** Channel was created.
21.04.2020 14:06:27: [Help] <407>Loutweak joined the channel.
##############################
Log started on 21.04.2020 14:36:54

21.04.2020 14:36:54: [Help] ************** Channel was created.
21.04.2020 14:36:54: [General] ************** Channel was created.
21.04.2020 14:36:54: [Trade] ************** Channel was created.
21.04.2020 14:36:54: [Looking For Group] ************** Channel was created.
21.04.2020 14:37:05: [Help] <407>Loutweak joined the channel.
21.04.2020 14:37:32: [Help] <407>Loutweak left the channel.
21.04.2020 14:37:35: [Help] <407>Loutweak joined the channel.
##############################
Log started on 21.04.2020 14:39:50

21.04.2020 14:39:50: [Help] ************** Channel was created.
21.04.2020 14:39:50: [General] ************** Channel was created.
21.04.2020 14:39:50: [Trade] ************** Channel was created.
21.04.2020 14:39:50: [Looking For Group] ************** Channel was created.
21.04.2020 14:40:04: [Help] <407>Loutweak joined the channel.
##############################
Log started on 21.04.2020 14:47:33

21.04.2020 14:47:33: [Help] ************** Channel was created.
21.04.2020 14:47:33: [General] ************** Channel was created.
21.04.2020 14:47:33: [Trade] ************** Channel was created.
21.04.2020 14:47:33: [Looking For Group] ************** Channel was created.
21.04.2020 14:47:46: [Help] <407>Loutweak joined the channel.
##############################
Log started on 21.04.2020 14:55:59

21.04.2020 14:55:59: [Help] ************** Channel was created.
21.04.2020 14:55:59: [General] ************** Channel was created.
21.04.2020 14:55:59: [Trade] ************** Channel was created.
21.04.2020 14:55:59: [Looking For Group] ************** Channel was created.
21.04.2020 14:56:10: [Help] <407>Loutweak joined the channel.
##############################
Log started on 21.04.2020 15:00:56

21.04.2020 15:00:56: [Help] ************** Channel was created.
21.04.2020 15:00:56: [General] ************** Channel was created.
21.04.2020 15:00:56: [Trade] ************** Channel was created.
21.04.2020 15:00:56: [Looking For Group] ************** Channel was created.
21.04.2020 15:01:19: [Help] <407>Loutweak joined the channel.
##############################
Log started on 21.04.2020 15:11:53

21.04.2020 15:11:53: [Help] ************** Channel was created.
21.04.2020 15:11:53: [General] ************** Channel was created.
21.04.2020 15:11:53: [Trade] ************** Channel was created.
21.04.2020 15:11:53: [Looking For Group] ************** Channel was created.
21.04.2020 15:11:59: [Help] <407>Loutweak joined the channel.
##############################
Log started on 21.04.2020 15:14:39

21.04.2020 15:14:39: [Help] ************** Channel was created.
21.04.2020 15:14:39: [General] ************** Channel was created.
21.04.2020 15:14:39: [Trade] ************** Channel was created.
21.04.2020 15:14:39: [Looking For Group] ************** Channel was created.
21.04.2020 15:14:50: [Help] <407>Loutweak joined the channel.
##############################
Log started on 21.04.2020 15:16:37

21.04.2020 15:16:37: [Help] ************** Channel was created.
21.04.2020 15:16:37: [General] ************** Channel was created.
21.04.2020 15:16:37: [Trade] ************** Channel was created.
21.04.2020 15:16:37: [Looking For Group] ************** Channel was created.
21.04.2020 15:16:48: [Help] <407>Loutweak joined the channel.
##############################
Log started on 21.04.2020 15:17:36

21.04.2020 15:17:36: [Help] ************** Channel was created.
21.04.2020 15:17:36: [General] ************** Channel was created.
21.04.2020 15:17:36: [Trade] ************** Channel was created.
21.04.2020 15:17:36: [Looking For Group] ************** Channel was created.
21.04.2020 15:17:47: [Help] <407>Loutweak joined the channel.
##############################
Log started on 21.04.2020 15:22:11

21.04.2020 15:22:11: [Help] ************** Channel was created.
21.04.2020 15:22:11: [General] ************** Channel was created.
21.04.2020 15:22:11: [Trade] ************** Channel was created.
21.04.2020 15:22:11: [Looking For Group] ************** Channel was created.
21.04.2020 15:22:25: [Help] <407>Loutweak joined the channel.
21.04.2020 15:24:56: [Help] <407>Loutweak left the channel.
21.04.2020 15:25:34: [Help] <407>Loutweak joined the channel.
##############################
Log started on 21.04.2020 15:28:50

21.04.2020 15:28:50: [Help] ************** Channel was created.
21.04.2020 15:28:50: [General] ************** Channel was created.
21.04.2020 15:28:50: [Trade] ************** Channel was created.
21.04.2020 15:28:50: [Looking For Group] ************** Channel was created.
21.04.2020 15:28:59: [Help] <407>Loutweak joined the channel.
##############################
Log started on 21.04.2020 15:30:31

21.04.2020 15:30:31: [Help] ************** Channel was created.
21.04.2020 15:30:31: [General] ************** Channel was created.
21.04.2020 15:30:31: [Trade] ************** Channel was created.
21.04.2020 15:30:31: [Looking For Group] ************** Channel was created.
21.04.2020 15:31:01: [Help] <407>Loutweak joined the channel.
21.04.2020 15:40:47: [Help] <407>Loutweak left the channel.
##############################
Log started on 21.04.2020 15:43:35

21.04.2020 15:43:35: [Help] ************** Channel was created.
21.04.2020 15:43:35: [General] ************** Channel was created.
21.04.2020 15:43:35: [Trade] ************** Channel was created.
21.04.2020 15:43:35: [Looking For Group] ************** Channel was created.
21.04.2020 15:43:46: [Help] <407>Loutweak joined the channel.
21.04.2020 15:50:24: [Help] <408>test joined the channel.
21.04.2020 17:49:46: [Help] <407>GM left the channel.
21.04.2020 17:49:49: [Help] <408>test left the channel.
##############################
Log started on 21.04.2020 18:20:15

21.04.2020 18:20:15: [Help] ************** Channel was created.
21.04.2020 18:20:15: [General] ************** Channel was created.
21.04.2020 18:20:15: [Trade] ************** Channel was created.
21.04.2020 18:20:15: [Looking For Group] ************** Channel was created.
##############################
Log started on 21.04.2020 18:28:10

21.04.2020 18:28:10: [Help] ************** Channel was created.
21.04.2020 18:28:10: [General] ************** Channel was created.
21.04.2020 18:28:10: [Trade] ************** Channel was created.
21.04.2020 18:28:10: [Looking For Group] ************** Channel was created.
21.04.2020 18:28:51: [Help] <407>GM joined the channel.
21.04.2020 18:30:24: [Help] <407>GM left the channel.
21.04.2020 18:51:36: [Help] <407>GM joined the channel.
21.04.2020 19:13:01: [Help] <408>test joined the channel.
21.04.2020 20:20:10: [Help] <408>test left the channel.
21.04.2020 20:20:10: [Help] <407>GM left the channel.
22.04.2020 9:45:01: [Help] <407>GM joined the channel.
22.04.2020 9:47:00: [Help] <407>GM left the channel.
22.04.2020 9:49:42: [Help] <407>GM joined the channel.
22.04.2020 9:54:38: [Help] <408>test joined the channel.
22.04.2020 9:58:01: [Help] <408>test left the channel.
22.04.2020 9:58:01: [Help] <407>GM left the channel.
22.04.2020 10:20:12: [Help] <407>GM joined the channel.
22.04.2020 12:05:30: [Help] <408>test joined the channel.
