##############################
Log started on 22.04.2020 12:08:08

22.04.2020 12:08:08: [Help] ************** Channel was created.
22.04.2020 12:08:08: [General] ************** Channel was created.
22.04.2020 12:08:08: [Trade] ************** Channel was created.
22.04.2020 12:08:08: [Looking For Group] ************** Channel was created.
22.04.2020 12:08:19: [Help] <408>test joined the channel.
22.04.2020 12:08:28: [Help] <407>GM joined the channel.
##############################
Log started on 22.04.2020 12:16:56

22.04.2020 12:16:56: [Help] ************** Channel was created.
22.04.2020 12:16:56: [General] ************** Channel was created.
22.04.2020 12:16:56: [Trade] ************** Channel was created.
22.04.2020 12:16:56: [Looking For Group] ************** Channel was created.
22.04.2020 12:17:15: [Help] <407>GM joined the channel.
22.04.2020 12:17:24: [Help] <408>test joined the channel.
##############################
Log started on 22.04.2020 12:21:21

22.04.2020 12:21:21: [Help] ************** Channel was created.
22.04.2020 12:21:21: [General] ************** Channel was created.
22.04.2020 12:21:21: [Trade] ************** Channel was created.
22.04.2020 12:21:21: [Looking For Group] ************** Channel was created.
22.04.2020 12:21:34: [Help] <408>test joined the channel.
22.04.2020 12:21:46: [Help] <407>GM joined the channel.
##############################
Log started on 22.04.2020 12:26:13

22.04.2020 12:26:13: [Help] ************** Channel was created.
22.04.2020 12:26:13: [General] ************** Channel was created.
22.04.2020 12:26:13: [Trade] ************** Channel was created.
22.04.2020 12:26:13: [Looking For Group] ************** Channel was created.
22.04.2020 12:26:24: [Help] <408>test joined the channel.
22.04.2020 12:26:37: [Help] <407>GM joined the channel.
##############################
Log started on 22.04.2020 13:22:54

22.04.2020 13:22:54: [Help] ************** Channel was created.
22.04.2020 13:22:54: [General] ************** Channel was created.
22.04.2020 13:22:54: [Trade] ************** Channel was created.
22.04.2020 13:22:54: [Looking For Group] ************** Channel was created.
22.04.2020 13:23:11: [Help] <407>GM joined the channel.
##############################
Log started on 22.04.2020 13:25:40

22.04.2020 13:25:40: [Help] ************** Channel was created.
22.04.2020 13:25:40: [General] ************** Channel was created.
22.04.2020 13:25:40: [Trade] ************** Channel was created.
22.04.2020 13:25:40: [Looking For Group] ************** Channel was created.
22.04.2020 13:25:53: [Help] <407>GM joined the channel.
##############################
Log started on 22.04.2020 13:29:54

22.04.2020 13:29:54: [Help] ************** Channel was created.
22.04.2020 13:29:54: [General] ************** Channel was created.
22.04.2020 13:29:55: [Trade] ************** Channel was created.
22.04.2020 13:29:55: [Looking For Group] ************** Channel was created.
22.04.2020 13:30:04: [Help] <407>GM joined the channel.
##############################
Log started on 22.04.2020 13:32:04

22.04.2020 13:32:04: [Help] ************** Channel was created.
22.04.2020 13:32:04: [General] ************** Channel was created.
22.04.2020 13:32:04: [Trade] ************** Channel was created.
22.04.2020 13:32:04: [Looking For Group] ************** Channel was created.
22.04.2020 13:32:15: [Help] <407>GM joined the channel.
##############################
Log started on 22.04.2020 13:34:14

22.04.2020 13:34:14: [Help] ************** Channel was created.
22.04.2020 13:34:14: [General] ************** Channel was created.
22.04.2020 13:34:14: [Trade] ************** Channel was created.
22.04.2020 13:34:14: [Looking For Group] ************** Channel was created.
22.04.2020 13:34:23: [Help] <407>GM joined the channel.
##############################
Log started on 22.04.2020 13:37:09

22.04.2020 13:37:09: [Help] ************** Channel was created.
22.04.2020 13:37:09: [General] ************** Channel was created.
22.04.2020 13:37:09: [Trade] ************** Channel was created.
22.04.2020 13:37:09: [Looking For Group] ************** Channel was created.
22.04.2020 13:37:20: [Help] <407>GM joined the channel.
##############################
Log started on 22.04.2020 13:38:37

22.04.2020 13:38:37: [Help] ************** Channel was created.
22.04.2020 13:38:37: [General] ************** Channel was created.
22.04.2020 13:38:37: [Trade] ************** Channel was created.
22.04.2020 13:38:37: [Looking For Group] ************** Channel was created.
22.04.2020 13:39:00: [Help] <407>GM joined the channel.
##############################
Log started on 22.04.2020 13:42:25

22.04.2020 13:42:25: [Help] ************** Channel was created.
22.04.2020 13:42:25: [General] ************** Channel was created.
22.04.2020 13:42:25: [Trade] ************** Channel was created.
22.04.2020 13:42:25: [Looking For Group] ************** Channel was created.
22.04.2020 13:42:52: [Help] <407>GM joined the channel.
##############################
Log started on 22.04.2020 13:51:01

22.04.2020 13:51:01: [Help] ************** Channel was created.
22.04.2020 13:51:01: [General] ************** Channel was created.
22.04.2020 13:51:01: [Trade] ************** Channel was created.
22.04.2020 13:51:01: [Looking For Group] ************** Channel was created.
22.04.2020 13:51:11: [Help] <407>GM joined the channel.
##############################
Log started on 22.04.2020 14:24:05

22.04.2020 14:24:05: [Help] ************** Channel was created.
22.04.2020 14:24:05: [General] ************** Channel was created.
22.04.2020 14:24:05: [Trade] ************** Channel was created.
22.04.2020 14:24:05: [Looking For Group] ************** Channel was created.
22.04.2020 14:24:21: [Help] <407>GM joined the channel.
##############################
Log started on 22.04.2020 14:38:03

22.04.2020 14:38:03: [Help] ************** Channel was created.
22.04.2020 14:38:03: [General] ************** Channel was created.
22.04.2020 14:38:03: [Trade] ************** Channel was created.
22.04.2020 14:38:03: [Looking For Group] ************** Channel was created.
22.04.2020 14:38:21: [Help] <407>GM joined the channel.
##############################
Log started on 22.04.2020 14:43:45

22.04.2020 14:43:45: [Help] ************** Channel was created.
22.04.2020 14:43:45: [General] ************** Channel was created.
22.04.2020 14:43:45: [Trade] ************** Channel was created.
22.04.2020 14:43:45: [Looking For Group] ************** Channel was created.
22.04.2020 14:44:00: [Help] <407>GM joined the channel.
##############################
Log started on 22.04.2020 14:45:44

22.04.2020 14:45:44: [Help] ************** Channel was created.
22.04.2020 14:45:44: [General] ************** Channel was created.
22.04.2020 14:45:44: [Trade] ************** Channel was created.
22.04.2020 14:45:44: [Looking For Group] ************** Channel was created.
22.04.2020 14:45:57: [Help] <407>GM joined the channel.
##############################
Log started on 22.04.2020 14:52:03

22.04.2020 14:52:03: [Help] ************** Channel was created.
22.04.2020 14:52:03: [General] ************** Channel was created.
22.04.2020 14:52:03: [Trade] ************** Channel was created.
22.04.2020 14:52:03: [Looking For Group] ************** Channel was created.
22.04.2020 14:52:13: [Help] <407>GM joined the channel.
##############################
Log started on 22.04.2020 14:53:50

22.04.2020 14:53:50: [Help] ************** Channel was created.
22.04.2020 14:53:50: [General] ************** Channel was created.
22.04.2020 14:53:50: [Trade] ************** Channel was created.
22.04.2020 14:53:50: [Looking For Group] ************** Channel was created.
22.04.2020 14:53:57: [Help] <407>GM joined the channel.
##############################
Log started on 22.04.2020 15:12:04

22.04.2020 15:12:04: [Help] ************** Channel was created.
22.04.2020 15:12:04: [General] ************** Channel was created.
22.04.2020 15:12:04: [Trade] ************** Channel was created.
22.04.2020 15:12:04: [Looking For Group] ************** Channel was created.
22.04.2020 15:12:11: [Help] <407>GM joined the channel.
##############################
Log started on 22.04.2020 15:32:46

22.04.2020 15:32:46: [Help] ************** Channel was created.
22.04.2020 15:32:46: [General] ************** Channel was created.
22.04.2020 15:32:46: [Trade] ************** Channel was created.
22.04.2020 15:32:46: [Looking For Group] ************** Channel was created.
22.04.2020 15:32:59: [Help] <407>GM joined the channel.
##############################
Log started on 22.04.2020 15:45:55

22.04.2020 15:45:55: [Help] ************** Channel was created.
22.04.2020 15:45:55: [General] ************** Channel was created.
22.04.2020 15:45:55: [Trade] ************** Channel was created.
22.04.2020 15:45:55: [Looking For Group] ************** Channel was created.
22.04.2020 15:46:05: [Help] <407>GM joined the channel.
##############################
Log started on 22.04.2020 16:13:05

22.04.2020 16:13:05: [Help] ************** Channel was created.
22.04.2020 16:13:05: [General] ************** Channel was created.
22.04.2020 16:13:05: [Trade] ************** Channel was created.
22.04.2020 16:13:05: [Looking For Group] ************** Channel was created.
22.04.2020 16:13:15: [Help] <407>GM joined the channel.
##############################
Log started on 22.04.2020 18:04:03

22.04.2020 18:04:03: [Help] ************** Channel was created.
22.04.2020 18:04:03: [General] ************** Channel was created.
22.04.2020 18:04:03: [Trade] ************** Channel was created.
22.04.2020 18:04:03: [Looking For Group] ************** Channel was created.
22.04.2020 18:04:28: [Help] <407>GM joined the channel.
##############################
Log started on 22.04.2020 18:26:17

22.04.2020 18:26:17: [Help] ************** Channel was created.
22.04.2020 18:26:17: [General] ************** Channel was created.
22.04.2020 18:26:17: [Trade] ************** Channel was created.
22.04.2020 18:26:17: [Looking For Group] ************** Channel was created.
22.04.2020 18:26:29: [Help] <407>GM joined the channel.
22.04.2020 21:00:00: [Help] <407>GM left the channel.
