##############################
Log started on 23.04.2020 8:52:47

23.04.2020 8:52:47: [Help] ************** Channel was created.
23.04.2020 8:52:47: [General] ************** Channel was created.
23.04.2020 8:52:47: [Trade] ************** Channel was created.
23.04.2020 8:52:47: [Looking For Group] ************** Channel was created.
23.04.2020 9:02:09: [Help] <407>GM joined the channel.
##############################
Log started on 23.04.2020 9:17:46

23.04.2020 9:17:46: [Help] ************** Channel was created.
23.04.2020 9:17:46: [General] ************** Channel was created.
23.04.2020 9:17:46: [Trade] ************** Channel was created.
23.04.2020 9:17:46: [Looking For Group] ************** Channel was created.
23.04.2020 9:18:10: [Help] <407>GM joined the channel.
##############################
Log started on 23.04.2020 9:29:26

23.04.2020 9:29:26: [Help] ************** Channel was created.
23.04.2020 9:29:26: [General] ************** Channel was created.
23.04.2020 9:29:26: [Trade] ************** Channel was created.
23.04.2020 9:29:26: [Looking For Group] ************** Channel was created.
23.04.2020 9:29:40: [Help] <407>GM joined the channel.
##############################
Log started on 23.04.2020 9:40:52

23.04.2020 9:40:52: [Help] ************** Channel was created.
23.04.2020 9:40:52: [General] ************** Channel was created.
23.04.2020 9:40:52: [Trade] ************** Channel was created.
23.04.2020 9:40:52: [Looking For Group] ************** Channel was created.
23.04.2020 9:41:15: [Help] <407>GM joined the channel.
##############################
Log started on 23.04.2020 9:57:45

23.04.2020 9:57:45: [Help] ************** Channel was created.
23.04.2020 9:57:45: [General] ************** Channel was created.
23.04.2020 9:57:45: [Trade] ************** Channel was created.
23.04.2020 9:57:45: [Looking For Group] ************** Channel was created.
23.04.2020 9:57:56: [Help] <407>GM joined the channel.
##############################
Log started on 23.04.2020 10:20:27

23.04.2020 10:20:27: [Help] ************** Channel was created.
23.04.2020 10:20:27: [General] ************** Channel was created.
23.04.2020 10:20:27: [Trade] ************** Channel was created.
23.04.2020 10:20:27: [Looking For Group] ************** Channel was created.
23.04.2020 10:20:42: [Help] <407>GM joined the channel.
##############################
Log started on 23.04.2020 10:24:40

23.04.2020 10:24:40: [Help] ************** Channel was created.
23.04.2020 10:24:40: [General] ************** Channel was created.
23.04.2020 10:24:40: [Trade] ************** Channel was created.
23.04.2020 10:24:40: [Looking For Group] ************** Channel was created.
23.04.2020 10:24:52: [Help] <407>GM joined the channel.
##############################
Log started on 23.04.2020 10:26:44

23.04.2020 10:26:44: [Help] ************** Channel was created.
23.04.2020 10:26:44: [General] ************** Channel was created.
23.04.2020 10:26:44: [Trade] ************** Channel was created.
23.04.2020 10:26:44: [Looking For Group] ************** Channel was created.
23.04.2020 10:26:55: [Help] <407>GM joined the channel.
##############################
Log started on 23.04.2020 10:29:45

23.04.2020 10:29:45: [Help] ************** Channel was created.
23.04.2020 10:29:45: [General] ************** Channel was created.
23.04.2020 10:29:45: [Trade] ************** Channel was created.
23.04.2020 10:29:45: [Looking For Group] ************** Channel was created.
23.04.2020 10:29:54: [Help] <407>GM joined the channel.
##############################
Log started on 23.04.2020 10:33:08

23.04.2020 10:33:08: [Help] ************** Channel was created.
23.04.2020 10:33:08: [General] ************** Channel was created.
23.04.2020 10:33:08: [Trade] ************** Channel was created.
23.04.2020 10:33:08: [Looking For Group] ************** Channel was created.
23.04.2020 10:33:23: [Help] <407>GM joined the channel.
##############################
Log started on 23.04.2020 10:43:36

23.04.2020 10:43:36: [Help] ************** Channel was created.
23.04.2020 10:43:36: [General] ************** Channel was created.
23.04.2020 10:43:36: [Trade] ************** Channel was created.
23.04.2020 10:43:36: [Looking For Group] ************** Channel was created.
23.04.2020 10:43:47: [Help] <407>GM joined the channel.
##############################
Log started on 23.04.2020 10:46:16

23.04.2020 10:46:16: [Help] ************** Channel was created.
23.04.2020 10:46:16: [General] ************** Channel was created.
23.04.2020 10:46:16: [Trade] ************** Channel was created.
23.04.2020 10:46:16: [Looking For Group] ************** Channel was created.
23.04.2020 10:46:25: [Help] <407>GM joined the channel.
##############################
Log started on 23.04.2020 10:47:25

23.04.2020 10:47:25: [Help] ************** Channel was created.
23.04.2020 10:47:25: [General] ************** Channel was created.
23.04.2020 10:47:25: [Trade] ************** Channel was created.
23.04.2020 10:47:25: [Looking For Group] ************** Channel was created.
23.04.2020 10:47:34: [Help] <407>GM joined the channel.
##############################
Log started on 23.04.2020 10:51:03

23.04.2020 10:51:03: [Help] ************** Channel was created.
23.04.2020 10:51:03: [General] ************** Channel was created.
23.04.2020 10:51:03: [Trade] ************** Channel was created.
23.04.2020 10:51:03: [Looking For Group] ************** Channel was created.
23.04.2020 10:51:11: [Help] <407>GM joined the channel.
##############################
Log started on 23.04.2020 10:52:42

23.04.2020 10:52:42: [Help] ************** Channel was created.
23.04.2020 10:52:42: [General] ************** Channel was created.
23.04.2020 10:52:42: [Trade] ************** Channel was created.
23.04.2020 10:52:42: [Looking For Group] ************** Channel was created.
23.04.2020 10:52:51: [Help] <407>GM joined the channel.
##############################
Log started on 23.04.2020 10:55:51

23.04.2020 10:55:51: [Help] ************** Channel was created.
23.04.2020 10:55:51: [General] ************** Channel was created.
23.04.2020 10:55:51: [Trade] ************** Channel was created.
23.04.2020 10:55:51: [Looking For Group] ************** Channel was created.
23.04.2020 10:56:03: [Help] <407>GM joined the channel.
##############################
Log started on 23.04.2020 10:58:16

23.04.2020 10:58:16: [Help] ************** Channel was created.
23.04.2020 10:58:16: [General] ************** Channel was created.
23.04.2020 10:58:16: [Trade] ************** Channel was created.
23.04.2020 10:58:17: [Looking For Group] ************** Channel was created.
23.04.2020 10:58:28: [Help] <407>GM joined the channel.
##############################
Log started on 23.04.2020 11:30:09

23.04.2020 11:30:09: [Help] ************** Channel was created.
23.04.2020 11:30:09: [General] ************** Channel was created.
23.04.2020 11:30:09: [Trade] ************** Channel was created.
23.04.2020 11:30:09: [Looking For Group] ************** Channel was created.
##############################
Log started on 23.04.2020 11:36:10

23.04.2020 11:36:10: [Help] ************** Channel was created.
23.04.2020 11:36:10: [General] ************** Channel was created.
23.04.2020 11:36:10: [Trade] ************** Channel was created.
23.04.2020 11:36:10: [Looking For Group] ************** Channel was created.
23.04.2020 11:36:24: [Help] <407>GM joined the channel.
23.04.2020 11:54:03: [Help] <407>GM left the channel.
23.04.2020 11:54:37: [Help] <407>GM joined the channel.
##############################
Log started on 23.04.2020 11:56:16

23.04.2020 11:56:16: [Help] ************** Channel was created.
23.04.2020 11:56:16: [General] ************** Channel was created.
23.04.2020 11:56:16: [Trade] ************** Channel was created.
23.04.2020 11:56:16: [Looking For Group] ************** Channel was created.
23.04.2020 11:56:28: [Help] <407>GM joined the channel.
##############################
Log started on 23.04.2020 11:59:08

23.04.2020 11:59:08: [Help] ************** Channel was created.
23.04.2020 11:59:08: [General] ************** Channel was created.
23.04.2020 11:59:08: [Trade] ************** Channel was created.
23.04.2020 11:59:08: [Looking For Group] ************** Channel was created.
23.04.2020 11:59:19: [Help] <407>GM joined the channel.
23.04.2020 12:01:23: [Help] <407>GM left the channel.
23.04.2020 12:01:46: [Help] <407>GM joined the channel.
23.04.2020 12:06:26: [Help] <407>GM left the channel.
23.04.2020 12:12:32: [Help] <407>GM joined the channel.
23.04.2020 13:13:35: [Help] <407>GM left the channel.
##############################
Log started on 23.04.2020 13:30:18

23.04.2020 13:30:18: [Help] ************** Channel was created.
23.04.2020 13:30:18: [General] ************** Channel was created.
23.04.2020 13:30:18: [Trade] ************** Channel was created.
23.04.2020 13:30:18: [Looking For Group] ************** Channel was created.
23.04.2020 13:39:17: [Help] <407>GM joined the channel.
##############################
Log started on 23.04.2020 14:17:00

23.04.2020 14:17:00: [Help] ************** Channel was created.
23.04.2020 14:17:00: [General] ************** Channel was created.
23.04.2020 14:17:00: [Trade] ************** Channel was created.
23.04.2020 14:17:00: [Looking For Group] ************** Channel was created.
23.04.2020 14:17:17: [Help] <407>GM joined the channel.
##############################
Log started on 23.04.2020 17:14:54

23.04.2020 17:14:54: [Help] ************** Channel was created.
23.04.2020 17:14:54: [General] ************** Channel was created.
23.04.2020 17:14:54: [Trade] ************** Channel was created.
23.04.2020 17:14:54: [Looking For Group] ************** Channel was created.
23.04.2020 17:17:32: [Help] <407>GM joined the channel.
##############################
Log started on 23.04.2020 17:55:36

23.04.2020 17:55:36: [Help] ************** Channel was created.
23.04.2020 17:55:36: [General] ************** Channel was created.
23.04.2020 17:55:36: [Trade] ************** Channel was created.
23.04.2020 17:55:36: [Looking For Group] ************** Channel was created.
23.04.2020 17:55:50: [Help] <407>GM joined the channel.
##############################
Log started on 23.04.2020 17:58:02

23.04.2020 17:58:02: [Help] ************** Channel was created.
23.04.2020 17:58:02: [General] ************** Channel was created.
23.04.2020 17:58:02: [Trade] ************** Channel was created.
23.04.2020 17:58:02: [Looking For Group] ************** Channel was created.
23.04.2020 17:58:12: [Help] <407>GM joined the channel.
##############################
Log started on 23.04.2020 17:59:29

23.04.2020 17:59:29: [Help] ************** Channel was created.
23.04.2020 17:59:29: [General] ************** Channel was created.
23.04.2020 17:59:29: [Trade] ************** Channel was created.
23.04.2020 17:59:29: [Looking For Group] ************** Channel was created.
23.04.2020 17:59:42: [Help] <407>GM joined the channel.
##############################
Log started on 23.04.2020 18:08:12

23.04.2020 18:08:12: [Help] ************** Channel was created.
23.04.2020 18:08:12: [General] ************** Channel was created.
23.04.2020 18:08:12: [Trade] ************** Channel was created.
23.04.2020 18:08:12: [Looking For Group] ************** Channel was created.
23.04.2020 18:08:27: [Help] <407>GM joined the channel.
##############################
Log started on 23.04.2020 18:15:10

23.04.2020 18:15:10: [Help] ************** Channel was created.
23.04.2020 18:15:10: [General] ************** Channel was created.
23.04.2020 18:15:10: [Trade] ************** Channel was created.
23.04.2020 18:15:10: [Looking For Group] ************** Channel was created.
23.04.2020 18:15:23: [Help] <407>GM joined the channel.
##############################
Log started on 23.04.2020 18:17:06

23.04.2020 18:17:06: [Help] ************** Channel was created.
23.04.2020 18:17:06: [General] ************** Channel was created.
23.04.2020 18:17:06: [Trade] ************** Channel was created.
23.04.2020 18:17:06: [Looking For Group] ************** Channel was created.
23.04.2020 18:17:23: [Help] <407>GM joined the channel.
##############################
Log started on 23.04.2020 18:19:31

23.04.2020 18:19:31: [Help] ************** Channel was created.
23.04.2020 18:19:31: [General] ************** Channel was created.
23.04.2020 18:19:31: [Trade] ************** Channel was created.
23.04.2020 18:19:31: [Looking For Group] ************** Channel was created.
23.04.2020 18:19:40: [Help] <407>GM joined the channel.
##############################
Log started on 23.04.2020 18:21:41

23.04.2020 18:21:41: [Help] ************** Channel was created.
23.04.2020 18:21:41: [General] ************** Channel was created.
23.04.2020 18:21:41: [Trade] ************** Channel was created.
23.04.2020 18:21:41: [Looking For Group] ************** Channel was created.
23.04.2020 18:22:38: [Help] <407>GM joined the channel.
23.04.2020 18:24:29: [Help] <407>GM left the channel.
23.04.2020 18:24:32: [Help] <407>GM joined the channel.
23.04.2020 18:25:16: [Help] <407>GM left the channel.
23.04.2020 18:25:17: [Help] <407>GM joined the channel.
23.04.2020 18:25:59: [Help] <408>test joined the channel.
##############################
Log started on 23.04.2020 18:28:51

23.04.2020 18:28:51: [Help] ************** Channel was created.
23.04.2020 18:28:51: [General] ************** Channel was created.
23.04.2020 18:28:51: [Trade] ************** Channel was created.
23.04.2020 18:28:51: [Looking For Group] ************** Channel was created.
23.04.2020 18:29:27: [Help] <407>GM joined the channel.
23.04.2020 18:29:36: [Help] <408>test joined the channel.
23.04.2020 18:37:09: [Help] <408>test left the channel.
##############################
Log started on 23.04.2020 18:40:07

23.04.2020 18:40:07: [Help] ************** Channel was created.
23.04.2020 18:40:07: [General] ************** Channel was created.
23.04.2020 18:40:07: [Trade] ************** Channel was created.
23.04.2020 18:40:07: [Looking For Group] ************** Channel was created.
##############################
Log started on 23.04.2020 18:44:21

23.04.2020 18:44:21: [Help] ************** Channel was created.
23.04.2020 18:44:21: [General] ************** Channel was created.
23.04.2020 18:44:21: [Trade] ************** Channel was created.
23.04.2020 18:44:21: [Looking For Group] ************** Channel was created.
##############################
Log started on 23.04.2020 18:48:14

23.04.2020 18:48:14: [Help] ************** Channel was created.
23.04.2020 18:48:14: [General] ************** Channel was created.
23.04.2020 18:48:14: [Trade] ************** Channel was created.
23.04.2020 18:48:14: [Looking For Group] ************** Channel was created.
23.04.2020 18:48:58: [Help] <504>Name joined the channel.
23.04.2020 18:57:58: [Help] <407>GM joined the channel.
##############################
Log started on 23.04.2020 19:22:46

23.04.2020 19:22:46: [Help] ************** Channel was created.
23.04.2020 19:22:46: [General] ************** Channel was created.
23.04.2020 19:22:46: [Trade] ************** Channel was created.
23.04.2020 19:22:46: [Looking For Group] ************** Channel was created.
23.04.2020 19:23:00: [Help] <407>GM joined the channel.
23.04.2020 19:24:28: [Help] <407>GM left the channel.
23.04.2020 19:24:31: [Help] <407>GM joined the channel.
##############################
Log started on 23.04.2020 19:52:36

23.04.2020 19:52:36: [Help] ************** Channel was created.
23.04.2020 19:52:36: [General] ************** Channel was created.
23.04.2020 19:52:36: [Trade] ************** Channel was created.
23.04.2020 19:52:36: [Looking For Group] ************** Channel was created.
23.04.2020 19:52:52: [Help] <407>GM joined the channel.
##############################
Log started on 23.04.2020 20:04:22

23.04.2020 20:04:22: [Help] ************** Channel was created.
23.04.2020 20:04:22: [General] ************** Channel was created.
23.04.2020 20:04:22: [Trade] ************** Channel was created.
23.04.2020 20:04:22: [Looking For Group] ************** Channel was created.
23.04.2020 20:04:35: [Help] <407>GM joined the channel.
##############################
Log started on 23.04.2020 20:09:20

23.04.2020 20:09:20: [Help] ************** Channel was created.
23.04.2020 20:09:20: [General] ************** Channel was created.
23.04.2020 20:09:20: [Trade] ************** Channel was created.
23.04.2020 20:09:20: [Looking For Group] ************** Channel was created.
23.04.2020 20:09:35: [Help] <407>GM joined the channel.
##############################
Log started on 23.04.2020 20:11:36

23.04.2020 20:11:36: [Help] ************** Channel was created.
23.04.2020 20:11:36: [General] ************** Channel was created.
23.04.2020 20:11:36: [Trade] ************** Channel was created.
23.04.2020 20:11:36: [Looking For Group] ************** Channel was created.
23.04.2020 20:11:50: [Help] <407>GM joined the channel.
##############################
Log started on 23.04.2020 20:14:11

23.04.2020 20:14:11: [Help] ************** Channel was created.
23.04.2020 20:14:11: [General] ************** Channel was created.
23.04.2020 20:14:11: [Trade] ************** Channel was created.
23.04.2020 20:14:11: [Looking For Group] ************** Channel was created.
23.04.2020 20:14:22: [Help] <407>GM joined the channel.
##############################
Log started on 23.04.2020 20:18:24

23.04.2020 20:18:24: [Help] ************** Channel was created.
23.04.2020 20:18:24: [General] ************** Channel was created.
23.04.2020 20:18:24: [Trade] ************** Channel was created.
23.04.2020 20:18:24: [Looking For Group] ************** Channel was created.
23.04.2020 20:19:05: [Help] <407>GM joined the channel.
##############################
Log started on 23.04.2020 20:22:16

23.04.2020 20:22:16: [Help] ************** Channel was created.
23.04.2020 20:22:16: [General] ************** Channel was created.
23.04.2020 20:22:16: [Trade] ************** Channel was created.
23.04.2020 20:22:16: [Looking For Group] ************** Channel was created.
23.04.2020 20:22:29: [Help] <407>GM joined the channel.
23.04.2020 20:28:59: [Help] <407>GM left the channel.
##############################
Log started on 23.04.2020 20:30:44

23.04.2020 20:30:44: [Help] ************** Channel was created.
23.04.2020 20:30:44: [General] ************** Channel was created.
23.04.2020 20:30:44: [Trade] ************** Channel was created.
23.04.2020 20:30:44: [Looking For Group] ************** Channel was created.
23.04.2020 20:31:04: [Help] <407>GM joined the channel.
##############################
Log started on 23.04.2020 20:36:28

23.04.2020 20:36:28: [Help] ************** Channel was created.
23.04.2020 20:36:28: [General] ************** Channel was created.
23.04.2020 20:36:28: [Trade] ************** Channel was created.
23.04.2020 20:36:28: [Looking For Group] ************** Channel was created.
23.04.2020 20:36:59: [Help] <407>GM joined the channel.
##############################
Log started on 23.04.2020 20:38:37

23.04.2020 20:38:37: [Help] ************** Channel was created.
23.04.2020 20:38:37: [General] ************** Channel was created.
23.04.2020 20:38:37: [Trade] ************** Channel was created.
23.04.2020 20:38:37: [Looking For Group] ************** Channel was created.
23.04.2020 20:38:48: [Help] <407>GM joined the channel.
##############################
Log started on 23.04.2020 20:42:01

23.04.2020 20:42:01: [Help] ************** Channel was created.
23.04.2020 20:42:01: [General] ************** Channel was created.
23.04.2020 20:42:01: [Trade] ************** Channel was created.
23.04.2020 20:42:01: [Looking For Group] ************** Channel was created.
23.04.2020 20:42:11: [Help] <407>GM joined the channel.
##############################
Log started on 23.04.2020 20:43:24

23.04.2020 20:43:24: [Help] ************** Channel was created.
23.04.2020 20:43:24: [General] ************** Channel was created.
23.04.2020 20:43:24: [Trade] ************** Channel was created.
23.04.2020 20:43:24: [Looking For Group] ************** Channel was created.
23.04.2020 20:43:36: [Help] <407>GM joined the channel.
##############################
Log started on 23.04.2020 20:44:51

23.04.2020 20:44:51: [Help] ************** Channel was created.
23.04.2020 20:44:51: [General] ************** Channel was created.
23.04.2020 20:44:51: [Trade] ************** Channel was created.
23.04.2020 20:44:51: [Looking For Group] ************** Channel was created.
23.04.2020 20:45:05: [Help] <407>GM joined the channel.
##############################
Log started on 23.04.2020 20:46:45

23.04.2020 20:46:45: [Help] ************** Channel was created.
23.04.2020 20:46:45: [General] ************** Channel was created.
23.04.2020 20:46:45: [Trade] ************** Channel was created.
23.04.2020 20:46:45: [Looking For Group] ************** Channel was created.
23.04.2020 20:47:00: [Help] <407>GM joined the channel.
##############################
Log started on 23.04.2020 20:48:12

23.04.2020 20:48:12: [Help] ************** Channel was created.
23.04.2020 20:48:12: [General] ************** Channel was created.
23.04.2020 20:48:12: [Trade] ************** Channel was created.
23.04.2020 20:48:12: [Looking For Group] ************** Channel was created.
23.04.2020 20:48:22: [Help] <407>GM joined the channel.
##############################
Log started on 23.04.2020 20:57:17

23.04.2020 20:57:17: [Help] ************** Channel was created.
23.04.2020 20:57:17: [General] ************** Channel was created.
23.04.2020 20:57:17: [Trade] ************** Channel was created.
23.04.2020 20:57:17: [Looking For Group] ************** Channel was created.
23.04.2020 20:57:29: [Help] <407>GM joined the channel.
23.04.2020 20:58:59: [Help] <407>GM left the channel.
23.04.2020 20:59:02: [Help] <407>GM joined the channel.
##############################
Log started on 23.04.2020 21:00:06

23.04.2020 21:00:06: [Help] ************** Channel was created.
23.04.2020 21:00:06: [General] ************** Channel was created.
23.04.2020 21:00:06: [Trade] ************** Channel was created.
23.04.2020 21:00:06: [Looking For Group] ************** Channel was created.
23.04.2020 21:00:18: [Help] <407>GM joined the channel.
##############################
Log started on 23.04.2020 21:01:12

23.04.2020 21:01:12: [Help] ************** Channel was created.
23.04.2020 21:01:12: [General] ************** Channel was created.
23.04.2020 21:01:12: [Trade] ************** Channel was created.
23.04.2020 21:01:12: [Looking For Group] ************** Channel was created.
23.04.2020 21:01:23: [Help] <407>GM joined the channel.
##############################
Log started on 23.04.2020 21:03:11

23.04.2020 21:03:11: [Help] ************** Channel was created.
23.04.2020 21:03:11: [General] ************** Channel was created.
23.04.2020 21:03:11: [Trade] ************** Channel was created.
23.04.2020 21:03:11: [Looking For Group] ************** Channel was created.
23.04.2020 21:03:25: [Help] <407>GM joined the channel.
##############################
Log started on 23.04.2020 21:05:58

23.04.2020 21:05:58: [Help] ************** Channel was created.
23.04.2020 21:05:58: [General] ************** Channel was created.
23.04.2020 21:05:58: [Trade] ************** Channel was created.
23.04.2020 21:05:58: [Looking For Group] ************** Channel was created.
23.04.2020 21:06:09: [Help] <407>GM joined the channel.
##############################
Log started on 23.04.2020 21:06:45

23.04.2020 21:06:45: [Help] ************** Channel was created.
23.04.2020 21:06:45: [General] ************** Channel was created.
23.04.2020 21:06:45: [Trade] ************** Channel was created.
23.04.2020 21:06:45: [Looking For Group] ************** Channel was created.
23.04.2020 21:06:56: [Help] <407>GM joined the channel.
##############################
Log started on 23.04.2020 21:07:54

23.04.2020 21:07:54: [Help] ************** Channel was created.
23.04.2020 21:07:54: [General] ************** Channel was created.
23.04.2020 21:07:54: [Trade] ************** Channel was created.
23.04.2020 21:07:54: [Looking For Group] ************** Channel was created.
23.04.2020 21:09:57: [Help] <407>GM joined the channel.
##############################
Log started on 23.04.2020 21:11:42

23.04.2020 21:11:42: [Help] ************** Channel was created.
23.04.2020 21:11:42: [General] ************** Channel was created.
23.04.2020 21:11:42: [Trade] ************** Channel was created.
23.04.2020 21:11:42: [Looking For Group] ************** Channel was created.
23.04.2020 21:12:05: [Help] <407>GM joined the channel.
23.04.2020 21:36:02: [Help] <407>GM left the channel.
23.04.2020 21:36:27: [Help] <407>GM joined the channel.
##############################
Log started on 23.04.2020 21:40:57

23.04.2020 21:40:57: [Help] ************** Channel was created.
23.04.2020 21:40:57: [General] ************** Channel was created.
23.04.2020 21:40:57: [Trade] ************** Channel was created.
23.04.2020 21:40:57: [Looking For Group] ************** Channel was created.
23.04.2020 21:41:11: [Help] <407>GM joined the channel.
##############################
Log started on 23.04.2020 21:43:15

23.04.2020 21:43:15: [Help] ************** Channel was created.
23.04.2020 21:43:15: [General] ************** Channel was created.
23.04.2020 21:43:15: [Trade] ************** Channel was created.
23.04.2020 21:43:15: [Looking For Group] ************** Channel was created.
23.04.2020 21:43:28: [Help] <407>GM joined the channel.
##############################
Log started on 23.04.2020 21:44:38

23.04.2020 21:44:38: [Help] ************** Channel was created.
23.04.2020 21:44:38: [General] ************** Channel was created.
23.04.2020 21:44:38: [Trade] ************** Channel was created.
23.04.2020 21:44:38: [Looking For Group] ************** Channel was created.
23.04.2020 21:44:49: [Help] <407>GM joined the channel.
23.04.2020 21:49:30: [Help] <407>GM left the channel.
##############################
Log started on 23.04.2020 21:52:50

23.04.2020 21:52:50: [Help] ************** Channel was created.
23.04.2020 21:52:50: [General] ************** Channel was created.
23.04.2020 21:52:50: [Trade] ************** Channel was created.
23.04.2020 21:52:50: [Looking For Group] ************** Channel was created.
23.04.2020 21:53:06: [Help] <407>GM joined the channel.
##############################
Log started on 23.04.2020 21:54:34

23.04.2020 21:54:34: [Help] ************** Channel was created.
23.04.2020 21:54:34: [General] ************** Channel was created.
23.04.2020 21:54:34: [Trade] ************** Channel was created.
23.04.2020 21:54:34: [Looking For Group] ************** Channel was created.
23.04.2020 21:54:49: [Help] <407>GM joined the channel.
##############################
Log started on 23.04.2020 21:55:49

23.04.2020 21:55:49: [Help] ************** Channel was created.
23.04.2020 21:55:49: [General] ************** Channel was created.
23.04.2020 21:55:49: [Trade] ************** Channel was created.
23.04.2020 21:55:49: [Looking For Group] ************** Channel was created.
23.04.2020 21:56:02: [Help] <407>GM joined the channel.
##############################
Log started on 23.04.2020 21:57:02

23.04.2020 21:57:02: [Help] ************** Channel was created.
23.04.2020 21:57:02: [General] ************** Channel was created.
23.04.2020 21:57:02: [Trade] ************** Channel was created.
23.04.2020 21:57:02: [Looking For Group] ************** Channel was created.
23.04.2020 21:57:14: [Help] <407>GM joined the channel.
##############################
Log started on 23.04.2020 22:00:08

23.04.2020 22:00:08: [Help] ************** Channel was created.
23.04.2020 22:00:08: [General] ************** Channel was created.
23.04.2020 22:00:08: [Trade] ************** Channel was created.
23.04.2020 22:00:08: [Looking For Group] ************** Channel was created.
23.04.2020 22:00:19: [Help] <407>GM joined the channel.
##############################
Log started on 23.04.2020 22:01:55

23.04.2020 22:01:55: [Help] ************** Channel was created.
23.04.2020 22:01:55: [General] ************** Channel was created.
23.04.2020 22:01:55: [Trade] ************** Channel was created.
23.04.2020 22:01:55: [Looking For Group] ************** Channel was created.
23.04.2020 22:02:07: [Help] <407>GM joined the channel.
##############################
Log started on 23.04.2020 22:04:21

23.04.2020 22:04:21: [Help] ************** Channel was created.
23.04.2020 22:04:21: [General] ************** Channel was created.
23.04.2020 22:04:21: [Trade] ************** Channel was created.
23.04.2020 22:04:21: [Looking For Group] ************** Channel was created.
23.04.2020 22:04:34: [Help] <407>GM joined the channel.
