##############################
Log started on 24.04.2020 9:51:19

24.04.2020 9:51:19: [Help] ************** Channel was created.
24.04.2020 9:51:19: [General] ************** Channel was created.
24.04.2020 9:51:19: [Trade] ************** Channel was created.
24.04.2020 9:51:19: [Looking For Group] ************** Channel was created.
24.04.2020 9:51:51: [Help] <407>GM joined the channel.
##############################
Log started on 24.04.2020 9:53:35

24.04.2020 9:53:35: [Help] ************** Channel was created.
24.04.2020 9:53:35: [General] ************** Channel was created.
24.04.2020 9:53:35: [Trade] ************** Channel was created.
24.04.2020 9:53:35: [Looking For Group] ************** Channel was created.
24.04.2020 9:54:02: [Help] <407>GM joined the channel.
##############################
Log started on 24.04.2020 9:54:44

24.04.2020 9:54:44: [Help] ************** Channel was created.
24.04.2020 9:54:44: [General] ************** Channel was created.
24.04.2020 9:54:44: [Trade] ************** Channel was created.
24.04.2020 9:54:44: [Looking For Group] ************** Channel was created.
24.04.2020 9:55:06: [Help] <407>GM joined the channel.
##############################
Log started on 24.04.2020 10:00:16

24.04.2020 10:00:16: [Help] ************** Channel was created.
24.04.2020 10:00:16: [General] ************** Channel was created.
24.04.2020 10:00:16: [Trade] ************** Channel was created.
24.04.2020 10:00:16: [Looking For Group] ************** Channel was created.
24.04.2020 10:00:36: [Help] <407>GM joined the channel.
##############################
Log started on 24.04.2020 10:01:35

24.04.2020 10:01:35: [Help] ************** Channel was created.
24.04.2020 10:01:35: [General] ************** Channel was created.
24.04.2020 10:01:35: [Trade] ************** Channel was created.
24.04.2020 10:01:35: [Looking For Group] ************** Channel was created.
24.04.2020 10:01:45: [Help] <407>GM joined the channel.
##############################
Log started on 24.04.2020 10:04:31

24.04.2020 10:04:31: [Help] ************** Channel was created.
24.04.2020 10:04:31: [General] ************** Channel was created.
24.04.2020 10:04:31: [Trade] ************** Channel was created.
24.04.2020 10:04:31: [Looking For Group] ************** Channel was created.
24.04.2020 10:04:43: [Help] <407>GM joined the channel.
##############################
Log started on 24.04.2020 10:05:43

24.04.2020 10:05:43: [Help] ************** Channel was created.
24.04.2020 10:05:43: [General] ************** Channel was created.
24.04.2020 10:05:43: [Trade] ************** Channel was created.
24.04.2020 10:05:43: [Looking For Group] ************** Channel was created.
24.04.2020 10:05:53: [Help] <407>GM joined the channel.
##############################
Log started on 24.04.2020 10:06:26

24.04.2020 10:06:26: [Help] ************** Channel was created.
24.04.2020 10:06:26: [General] ************** Channel was created.
24.04.2020 10:06:26: [Trade] ************** Channel was created.
24.04.2020 10:06:26: [Looking For Group] ************** Channel was created.
24.04.2020 10:06:35: [Help] <407>GM joined the channel.
##############################
Log started on 24.04.2020 10:07:59

24.04.2020 10:07:59: [Help] ************** Channel was created.
24.04.2020 10:07:59: [General] ************** Channel was created.
24.04.2020 10:07:59: [Trade] ************** Channel was created.
24.04.2020 10:07:59: [Looking For Group] ************** Channel was created.
24.04.2020 10:08:06: [Help] <407>GM joined the channel.
##############################
Log started on 24.04.2020 10:12:15

24.04.2020 10:12:15: [Help] ************** Channel was created.
24.04.2020 10:12:15: [General] ************** Channel was created.
24.04.2020 10:12:15: [Trade] ************** Channel was created.
24.04.2020 10:12:15: [Looking For Group] ************** Channel was created.
24.04.2020 10:12:25: [Help] <407>GM joined the channel.
##############################
Log started on 24.04.2020 10:13:03

24.04.2020 10:13:03: [Help] ************** Channel was created.
24.04.2020 10:13:03: [General] ************** Channel was created.
24.04.2020 10:13:03: [Trade] ************** Channel was created.
24.04.2020 10:13:03: [Looking For Group] ************** Channel was created.
24.04.2020 10:13:11: [Help] <407>GM joined the channel.
##############################
Log started on 24.04.2020 10:15:26

24.04.2020 10:15:26: [Help] ************** Channel was created.
24.04.2020 10:15:26: [General] ************** Channel was created.
24.04.2020 10:15:26: [Trade] ************** Channel was created.
24.04.2020 10:15:26: [Looking For Group] ************** Channel was created.
24.04.2020 10:15:35: [Help] <407>GM joined the channel.
##############################
Log started on 24.04.2020 10:17:52

24.04.2020 10:17:52: [Help] ************** Channel was created.
24.04.2020 10:17:52: [General] ************** Channel was created.
24.04.2020 10:17:52: [Trade] ************** Channel was created.
24.04.2020 10:17:52: [Looking For Group] ************** Channel was created.
24.04.2020 10:17:59: [Help] <407>GM joined the channel.
##############################
Log started on 24.04.2020 10:18:53

24.04.2020 10:18:53: [Help] ************** Channel was created.
24.04.2020 10:18:53: [General] ************** Channel was created.
24.04.2020 10:18:53: [Trade] ************** Channel was created.
24.04.2020 10:18:53: [Looking For Group] ************** Channel was created.
24.04.2020 10:19:00: [Help] <407>GM joined the channel.
##############################
Log started on 24.04.2020 10:36:55

24.04.2020 10:36:55: [Help] ************** Channel was created.
24.04.2020 10:36:55: [General] ************** Channel was created.
24.04.2020 10:36:55: [Trade] ************** Channel was created.
24.04.2020 10:36:55: [Looking For Group] ************** Channel was created.
24.04.2020 10:37:05: [Help] <407>GM joined the channel.
##############################
Log started on 24.04.2020 11:24:31

24.04.2020 11:24:31: [Help] ************** Channel was created.
24.04.2020 11:24:31: [General] ************** Channel was created.
24.04.2020 11:24:31: [Trade] ************** Channel was created.
24.04.2020 11:24:31: [Looking For Group] ************** Channel was created.
24.04.2020 11:24:42: [Help] <407>GM joined the channel.
##############################
Log started on 24.04.2020 11:48:28

24.04.2020 11:48:28: [Help] ************** Channel was created.
24.04.2020 11:48:28: [General] ************** Channel was created.
24.04.2020 11:48:28: [Trade] ************** Channel was created.
24.04.2020 11:48:28: [Looking For Group] ************** Channel was created.
24.04.2020 11:48:39: [Help] <407>GM joined the channel.
##############################
Log started on 24.04.2020 11:51:56

24.04.2020 11:51:56: [Help] ************** Channel was created.
24.04.2020 11:51:56: [General] ************** Channel was created.
24.04.2020 11:51:56: [Trade] ************** Channel was created.
24.04.2020 11:51:56: [Looking For Group] ************** Channel was created.
24.04.2020 11:52:29: [Help] <407>GM joined the channel.
24.04.2020 11:54:56: [Help] <407>GM left the channel.
##############################
Log started on 24.04.2020 11:56:42

24.04.2020 11:56:42: [Help] ************** Channel was created.
24.04.2020 11:56:42: [General] ************** Channel was created.
24.04.2020 11:56:42: [Trade] ************** Channel was created.
24.04.2020 11:56:42: [Looking For Group] ************** Channel was created.
24.04.2020 11:56:51: [Help] <407>GM joined the channel.
24.04.2020 12:00:39: [Help] <407>GM left the channel.
24.04.2020 12:00:53: [Help] <407>GM joined the channel.
##############################
Log started on 24.04.2020 12:18:05

24.04.2020 12:18:05: [Help] ************** Channel was created.
24.04.2020 12:18:05: [General] ************** Channel was created.
24.04.2020 12:18:05: [Trade] ************** Channel was created.
24.04.2020 12:18:05: [Looking For Group] ************** Channel was created.
24.04.2020 12:18:16: [Help] <407>GM joined the channel.
##############################
Log started on 24.04.2020 12:23:06

24.04.2020 12:23:06: [Help] ************** Channel was created.
24.04.2020 12:23:06: [General] ************** Channel was created.
24.04.2020 12:23:06: [Trade] ************** Channel was created.
24.04.2020 12:23:06: [Looking For Group] ************** Channel was created.
##############################
Log started on 24.04.2020 12:26:09

24.04.2020 12:26:09: [Help] ************** Channel was created.
24.04.2020 12:26:09: [General] ************** Channel was created.
24.04.2020 12:26:09: [Trade] ************** Channel was created.
24.04.2020 12:26:09: [Looking For Group] ************** Channel was created.
24.04.2020 12:26:16: [Help] <407>GM joined the channel.
