##############################
Log started on 27.04.2020 15:27:02

27.04.2020 15:27:02: [Help] ************** Channel was created.
27.04.2020 15:27:02: [General] ************** Channel was created.
27.04.2020 15:27:02: [Trade] ************** Channel was created.
27.04.2020 15:27:02: [Looking For Group] ************** Channel was created.
27.04.2020 15:34:35: [General] <407>GM joined the channel.
27.04.2020 15:48:57: [General] <407>GM left the channel.
##############################
Log started on 27.04.2020 15:51:56

27.04.2020 15:51:56: [Help] ************** Channel was created.
27.04.2020 15:51:56: [General] ************** Channel was created.
27.04.2020 15:51:56: [Trade] ************** Channel was created.
27.04.2020 15:51:56: [Looking For Group] ************** Channel was created.
##############################
Log started on 27.04.2020 15:53:54

27.04.2020 15:53:54: [Help] ************** Channel was created.
27.04.2020 15:53:54: [General] ************** Channel was created.
27.04.2020 15:53:54: [Trade] ************** Channel was created.
27.04.2020 15:53:54: [Looking For Group] ************** Channel was created.
##############################
Log started on 27.04.2020 15:55:35

27.04.2020 15:55:35: [Help] ************** Channel was created.
27.04.2020 15:55:35: [General] ************** Channel was created.
27.04.2020 15:55:35: [Trade] ************** Channel was created.
27.04.2020 15:55:35: [Looking For Group] ************** Channel was created.
27.04.2020 15:56:15: [General] <407>GM joined the channel.
##############################
Log started on 27.04.2020 15:58:33

27.04.2020 15:58:33: [Help] ************** Channel was created.
27.04.2020 15:58:33: [General] ************** Channel was created.
27.04.2020 15:58:33: [Trade] ************** Channel was created.
27.04.2020 15:58:33: [Looking For Group] ************** Channel was created.
27.04.2020 15:58:54: [General] <407>GM joined the channel.
##############################
Log started on 27.04.2020 16:00:29

27.04.2020 16:00:29: [Help] ************** Channel was created.
27.04.2020 16:00:29: [General] ************** Channel was created.
27.04.2020 16:00:29: [Trade] ************** Channel was created.
27.04.2020 16:00:29: [Looking For Group] ************** Channel was created.
27.04.2020 16:00:41: [General] <407>GM joined the channel.
##############################
Log started on 27.04.2020 16:02:25

27.04.2020 16:02:25: [Help] ************** Channel was created.
27.04.2020 16:02:25: [General] ************** Channel was created.
27.04.2020 16:02:25: [Trade] ************** Channel was created.
27.04.2020 16:02:25: [Looking For Group] ************** Channel was created.
27.04.2020 16:02:37: [General] <407>GM joined the channel.
##############################
Log started on 27.04.2020 16:03:39

27.04.2020 16:03:39: [Help] ************** Channel was created.
27.04.2020 16:03:39: [General] ************** Channel was created.
27.04.2020 16:03:39: [Trade] ************** Channel was created.
27.04.2020 16:03:39: [Looking For Group] ************** Channel was created.
27.04.2020 16:03:54: [General] <407>GM joined the channel.
##############################
Log started on 27.04.2020 16:04:48

27.04.2020 16:04:48: [Help] ************** Channel was created.
27.04.2020 16:04:48: [General] ************** Channel was created.
27.04.2020 16:04:48: [Trade] ************** Channel was created.
27.04.2020 16:04:48: [Looking For Group] ************** Channel was created.
27.04.2020 16:05:01: [General] <407>GM joined the channel.
##############################
Log started on 27.04.2020 16:08:33

27.04.2020 16:08:33: [Help] ************** Channel was created.
27.04.2020 16:08:33: [General] ************** Channel was created.
27.04.2020 16:08:33: [Trade] ************** Channel was created.
27.04.2020 16:08:33: [Looking For Group] ************** Channel was created.
27.04.2020 16:08:40: [General] <407>GM joined the channel.
##############################
Log started on 27.04.2020 16:09:50

27.04.2020 16:09:50: [Help] ************** Channel was created.
27.04.2020 16:09:50: [General] ************** Channel was created.
27.04.2020 16:09:50: [Trade] ************** Channel was created.
27.04.2020 16:09:50: [Looking For Group] ************** Channel was created.
27.04.2020 16:10:05: [General] <407>GM joined the channel.
##############################
Log started on 27.04.2020 16:35:24

27.04.2020 16:35:24: [Help] ************** Channel was created.
27.04.2020 16:35:24: [General] ************** Channel was created.
27.04.2020 16:35:24: [Trade] ************** Channel was created.
27.04.2020 16:35:24: [Looking For Group] ************** Channel was created.
27.04.2020 16:36:11: [General] <407>GM joined the channel.
##############################
Log started on 27.04.2020 16:36:42

27.04.2020 16:36:42: [Help] ************** Channel was created.
27.04.2020 16:36:42: [General] ************** Channel was created.
27.04.2020 16:36:42: [Trade] ************** Channel was created.
27.04.2020 16:36:42: [Looking For Group] ************** Channel was created.
27.04.2020 16:36:49: [General] <407>GM joined the channel.
##############################
Log started on 27.04.2020 16:39:27

27.04.2020 16:39:27: [Help] ************** Channel was created.
27.04.2020 16:39:27: [General] ************** Channel was created.
27.04.2020 16:39:27: [Trade] ************** Channel was created.
27.04.2020 16:39:27: [Looking For Group] ************** Channel was created.
27.04.2020 16:39:42: [General] <407>GM joined the channel.
##############################
Log started on 27.04.2020 16:48:30

27.04.2020 16:48:30: [Help] ************** Channel was created.
27.04.2020 16:48:30: [General] ************** Channel was created.
27.04.2020 16:48:30: [Trade] ************** Channel was created.
27.04.2020 16:48:30: [Looking For Group] ************** Channel was created.
27.04.2020 16:48:39: [General] <407>GM joined the channel.
##############################
Log started on 27.04.2020 16:49:49

27.04.2020 16:49:49: [Help] ************** Channel was created.
27.04.2020 16:49:49: [General] ************** Channel was created.
27.04.2020 16:49:49: [Trade] ************** Channel was created.
27.04.2020 16:49:49: [Looking For Group] ************** Channel was created.
27.04.2020 16:50:02: [General] <407>GM joined the channel.
##############################
Log started on 27.04.2020 16:50:52

27.04.2020 16:50:52: [Help] ************** Channel was created.
27.04.2020 16:50:52: [General] ************** Channel was created.
27.04.2020 16:50:52: [Trade] ************** Channel was created.
27.04.2020 16:50:52: [Looking For Group] ************** Channel was created.
27.04.2020 16:51:12: [General] <407>GM joined the channel.
##############################
Log started on 27.04.2020 16:52:15

27.04.2020 16:52:15: [Help] ************** Channel was created.
27.04.2020 16:52:15: [General] ************** Channel was created.
27.04.2020 16:52:15: [Trade] ************** Channel was created.
27.04.2020 16:52:15: [Looking For Group] ************** Channel was created.
27.04.2020 16:52:25: [General] <407>GM joined the channel.
##############################
Log started on 27.04.2020 17:13:19

27.04.2020 17:13:19: [Help] ************** Channel was created.
27.04.2020 17:13:19: [General] ************** Channel was created.
27.04.2020 17:13:19: [Trade] ************** Channel was created.
27.04.2020 17:13:19: [Looking For Group] ************** Channel was created.
27.04.2020 17:13:32: [General] <407>GM joined the channel.
##############################
Log started on 27.04.2020 17:14:31

27.04.2020 17:14:31: [Help] ************** Channel was created.
27.04.2020 17:14:31: [General] ************** Channel was created.
27.04.2020 17:14:31: [Trade] ************** Channel was created.
27.04.2020 17:14:31: [Looking For Group] ************** Channel was created.
27.04.2020 17:14:41: [General] <407>GM joined the channel.
##############################
Log started on 27.04.2020 17:15:32

27.04.2020 17:15:32: [Help] ************** Channel was created.
27.04.2020 17:15:32: [General] ************** Channel was created.
27.04.2020 17:15:32: [Trade] ************** Channel was created.
27.04.2020 17:15:32: [Looking For Group] ************** Channel was created.
27.04.2020 17:15:48: [General] <407>GM joined the channel.
##############################
Log started on 27.04.2020 17:17:42

27.04.2020 17:17:42: [Help] ************** Channel was created.
27.04.2020 17:17:42: [General] ************** Channel was created.
27.04.2020 17:17:42: [Trade] ************** Channel was created.
27.04.2020 17:17:42: [Looking For Group] ************** Channel was created.
27.04.2020 17:17:55: [General] <407>GM joined the channel.
##############################
Log started on 27.04.2020 17:20:20

27.04.2020 17:20:20: [Help] ************** Channel was created.
27.04.2020 17:20:20: [General] ************** Channel was created.
27.04.2020 17:20:20: [Trade] ************** Channel was created.
27.04.2020 17:20:20: [Looking For Group] ************** Channel was created.
27.04.2020 17:20:30: [General] <407>GM joined the channel.
##############################
Log started on 27.04.2020 17:21:56

27.04.2020 17:21:56: [Help] ************** Channel was created.
27.04.2020 17:21:56: [General] ************** Channel was created.
27.04.2020 17:21:56: [Trade] ************** Channel was created.
27.04.2020 17:21:56: [Looking For Group] ************** Channel was created.
27.04.2020 17:22:41: [General] <407>GM joined the channel.
##############################
Log started on 27.04.2020 17:23:50

27.04.2020 17:23:50: [Help] ************** Channel was created.
27.04.2020 17:23:50: [General] ************** Channel was created.
27.04.2020 17:23:50: [Trade] ************** Channel was created.
27.04.2020 17:23:50: [Looking For Group] ************** Channel was created.
27.04.2020 17:24:00: [General] <407>GM joined the channel.
##############################
Log started on 27.04.2020 17:33:46

27.04.2020 17:33:46: [Help] ************** Channel was created.
27.04.2020 17:33:46: [General] ************** Channel was created.
27.04.2020 17:33:46: [Trade] ************** Channel was created.
27.04.2020 17:33:46: [Looking For Group] ************** Channel was created.
27.04.2020 17:34:47: [General] <407>GM joined the channel.
##############################
Log started on 27.04.2020 17:45:41

27.04.2020 17:45:41: [Help] ************** Channel was created.
27.04.2020 17:45:41: [General] ************** Channel was created.
27.04.2020 17:45:41: [Trade] ************** Channel was created.
27.04.2020 17:45:41: [Looking For Group] ************** Channel was created.
27.04.2020 17:45:48: [General] <407>GM joined the channel.
27.04.2020 18:28:48: [General] <408>test joined the channel.
27.04.2020 18:30:06: [General] <408>test left the channel.
27.04.2020 18:30:10: [General] <408>test joined the channel.
##############################
Log started on 27.04.2020 19:07:31

27.04.2020 19:07:31: [Help] ************** Channel was created.
27.04.2020 19:07:31: [General] ************** Channel was created.
27.04.2020 19:07:31: [Trade] ************** Channel was created.
27.04.2020 19:07:31: [Looking For Group] ************** Channel was created.
27.04.2020 19:07:50: [General] <407>GM joined the channel.
27.04.2020 19:08:22: [General] <408>test joined the channel.
##############################
Log started on 27.04.2020 19:10:46

27.04.2020 19:10:46: [Help] ************** Channel was created.
27.04.2020 19:10:46: [General] ************** Channel was created.
27.04.2020 19:10:46: [Trade] ************** Channel was created.
27.04.2020 19:10:46: [Looking For Group] ************** Channel was created.
27.04.2020 19:10:58: [General] <408>test joined the channel.
27.04.2020 19:11:05: [General] <407>GM joined the channel.
