##############################
Log started on 28.04.2020 0:02:45

28.04.2020 0:02:45: [Help] ************** Channel was created.
28.04.2020 0:02:45: [General] ************** Channel was created.
28.04.2020 0:02:45: [Trade] ************** Channel was created.
28.04.2020 0:02:45: [Looking For Group] ************** Channel was created.
28.04.2020 0:02:52: [General] <407>GM joined the channel.
28.04.2020 0:03:12: [General] <408>test joined the channel.
28.04.2020 0:14:19: [General] <407>GM left the channel.
28.04.2020 0:14:21: [General] <408>test left the channel.
##############################
Log started on 28.04.2020 8:50:40

28.04.2020 8:50:40: [Help] ************** Channel was created.
28.04.2020 8:50:40: [General] ************** Channel was created.
28.04.2020 8:50:40: [Trade] ************** Channel was created.
28.04.2020 8:50:40: [Looking For Group] ************** Channel was created.
##############################
Log started on 28.04.2020 8:55:09

28.04.2020 8:55:09: [Help] ************** Channel was created.
28.04.2020 8:55:09: [General] ************** Channel was created.
28.04.2020 8:55:09: [Trade] ************** Channel was created.
28.04.2020 8:55:09: [Looking For Group] ************** Channel was created.
##############################
Log started on 28.04.2020 8:55:35

28.04.2020 8:55:35: [Help] ************** Channel was created.
28.04.2020 8:55:35: [General] ************** Channel was created.
28.04.2020 8:55:35: [Trade] ************** Channel was created.
28.04.2020 8:55:35: [Looking For Group] ************** Channel was created.
28.04.2020 8:56:13: [General] <407>GM joined the channel.
##############################
Log started on 28.04.2020 9:23:22

28.04.2020 9:23:22: [Help] ************** Channel was created.
28.04.2020 9:23:22: [General] ************** Channel was created.
28.04.2020 9:23:22: [Trade] ************** Channel was created.
28.04.2020 9:23:22: [Looking For Group] ************** Channel was created.
28.04.2020 9:23:35: [General] <407>GM joined the channel.
28.04.2020 9:57:42: [General] <407>GM left the channel.
28.04.2020 9:59:30: [General] <407>GM joined the channel.
28.04.2020 10:21:05: [General] <407>GM left the channel.
28.04.2020 10:25:47: [General] <407>GM joined the channel.
28.04.2020 10:27:44: [General] <407>GM left the channel.
##############################
Log started on 28.04.2020 10:28:10

28.04.2020 10:28:10: [Help] ************** Channel was created.
28.04.2020 10:28:10: [General] ************** Channel was created.
28.04.2020 10:28:10: [Trade] ************** Channel was created.
28.04.2020 10:28:10: [Looking For Group] ************** Channel was created.
##############################
Log started on 28.04.2020 11:37:49

28.04.2020 11:37:49: [Help] ************** Channel was created.
28.04.2020 11:37:49: [General] ************** Channel was created.
28.04.2020 11:37:49: [Trade] ************** Channel was created.
28.04.2020 11:37:49: [Looking For Group] ************** Channel was created.
28.04.2020 11:38:52: [General] <407>GM joined the channel.
##############################
Log started on 28.04.2020 12:19:49

28.04.2020 12:19:49: [Help] ************** Channel was created.
28.04.2020 12:19:49: [General] ************** Channel was created.
28.04.2020 12:19:49: [Trade] ************** Channel was created.
28.04.2020 12:19:49: [Looking For Group] ************** Channel was created.
28.04.2020 12:20:06: [General] <407>GM joined the channel.
28.04.2020 12:20:50: [General] <408>test joined the channel.
28.04.2020 12:29:06: [General] <408>test left the channel.
28.04.2020 12:29:24: [General] <408>test joined the channel.
##############################
Log started on 28.04.2020 13:24:52

28.04.2020 13:24:52: [Help] ************** Channel was created.
28.04.2020 13:24:52: [General] ************** Channel was created.
28.04.2020 13:24:52: [Trade] ************** Channel was created.
28.04.2020 13:24:52: [Looking For Group] ************** Channel was created.
28.04.2020 13:25:00: [General] <408>test joined the channel.
28.04.2020 13:25:19: [General] <407>GM joined the channel.
28.04.2020 13:25:44: [General] <408>test left the channel.
28.04.2020 13:26:56: [General] <408>test joined the channel.
##############################
Log started on 28.04.2020 14:02:20

28.04.2020 14:02:20: [Help] ************** Channel was created.
28.04.2020 14:02:20: [General] ************** Channel was created.
28.04.2020 14:02:20: [Trade] ************** Channel was created.
28.04.2020 14:02:20: [Looking For Group] ************** Channel was created.
28.04.2020 14:06:39: [General] <407>GM joined the channel.
28.04.2020 14:06:47: [General] <408>test joined the channel.
##############################
Log started on 28.04.2020 14:10:16

28.04.2020 14:10:16: [Help] ************** Channel was created.
28.04.2020 14:10:16: [General] ************** Channel was created.
28.04.2020 14:10:16: [Trade] ************** Channel was created.
28.04.2020 14:10:16: [Looking For Group] ************** Channel was created.
##############################
Log started on 28.04.2020 14:10:47

28.04.2020 14:10:47: [Help] ************** Channel was created.
28.04.2020 14:10:47: [General] ************** Channel was created.
28.04.2020 14:10:47: [Trade] ************** Channel was created.
28.04.2020 14:10:47: [Looking For Group] ************** Channel was created.
##############################
Log started on 28.04.2020 14:25:02

28.04.2020 14:25:02: [Help] ************** Channel was created.
28.04.2020 14:25:02: [General] ************** Channel was created.
28.04.2020 14:25:02: [Trade] ************** Channel was created.
28.04.2020 14:25:02: [Looking For Group] ************** Channel was created.
28.04.2020 14:25:17: [General] <407>GM joined the channel.
28.04.2020 14:25:25: [General] <408>test joined the channel.
28.04.2020 16:58:10: [General] <407>GM left the channel.
##############################
Log started on 28.04.2020 16:58:36

28.04.2020 16:58:36: [Help] ************** Channel was created.
28.04.2020 16:58:36: [General] ************** Channel was created.
28.04.2020 16:58:36: [Trade] ************** Channel was created.
28.04.2020 16:58:36: [Looking For Group] ************** Channel was created.
28.04.2020 16:58:45: [General] <407>GM joined the channel.
28.04.2020 17:02:32: [General] <408>test joined the channel.
28.04.2020 18:37:34: [General] <408>test left the channel.
28.04.2020 18:37:34: [General] <407>GM left the channel.
28.04.2020 20:45:30: [General] <407>GM joined the channel.
28.04.2020 21:02:47: [General] <408>test joined the channel.
##############################
Log started on 28.04.2020 21:22:02

28.04.2020 21:22:02: [Help] ************** Channel was created.
28.04.2020 21:22:02: [General] ************** Channel was created.
28.04.2020 21:22:02: [Trade] ************** Channel was created.
28.04.2020 21:22:02: [Looking For Group] ************** Channel was created.
28.04.2020 21:22:11: [General] <407>GM joined the channel.
28.04.2020 21:23:18: [General] <408>test joined the channel.
28.04.2020 22:24:56: [General] <408>test left the channel.
