##############################
Log started on 29.04.2020 11:17:10

29.04.2020 11:17:10: [Help] ************** Channel was created.
29.04.2020 11:17:10: [General] ************** Channel was created.
29.04.2020 11:17:10: [Trade] ************** Channel was created.
29.04.2020 11:17:10: [Looking For Group] ************** Channel was created.
##############################
Log started on 29.04.2020 11:18:32

29.04.2020 11:18:32: [Help] ************** Channel was created.
29.04.2020 11:18:32: [General] ************** Channel was created.
29.04.2020 11:18:32: [Trade] ************** Channel was created.
29.04.2020 11:18:32: [Looking For Group] ************** Channel was created.
##############################
Log started on 29.04.2020 12:23:33

29.04.2020 12:23:33: [Help] ************** Channel was created.
29.04.2020 12:23:33: [General] ************** Channel was created.
29.04.2020 12:23:33: [Trade] ************** Channel was created.
29.04.2020 12:23:33: [Looking For Group] ************** Channel was created.
##############################
Log started on 29.04.2020 13:55:16

29.04.2020 13:55:16: [Help] ************** Channel was created.
29.04.2020 13:55:16: [General] ************** Channel was created.
29.04.2020 13:55:16: [Trade] ************** Channel was created.
29.04.2020 13:55:16: [Looking For Group] ************** Channel was created.
##############################
Log started on 29.04.2020 13:56:55

29.04.2020 13:56:55: [Help] ************** Channel was created.
29.04.2020 13:56:55: [General] ************** Channel was created.
29.04.2020 13:56:55: [Trade] ************** Channel was created.
29.04.2020 13:56:55: [Looking For Group] ************** Channel was created.
##############################
Log started on 29.04.2020 14:02:23

29.04.2020 14:02:23: [Help] ************** Channel was created.
29.04.2020 14:02:23: [General] ************** Channel was created.
29.04.2020 14:02:23: [Trade] ************** Channel was created.
29.04.2020 14:02:23: [Looking For Group] ************** Channel was created.
29.04.2020 14:08:35: [General] <407>GM joined the channel.
##############################
Log started on 29.04.2020 14:18:14

29.04.2020 14:18:14: [Help] ************** Channel was created.
29.04.2020 14:18:14: [General] ************** Channel was created.
29.04.2020 14:18:14: [Trade] ************** Channel was created.
29.04.2020 14:18:14: [Looking For Group] ************** Channel was created.
29.04.2020 14:18:31: [General] <407>GM joined the channel.
29.04.2020 14:19:34: [General] <407>GM says: good
##############################
Log started on 29.04.2020 14:34:45

29.04.2020 14:34:45: [Help] ************** Channel was created.
29.04.2020 14:34:45: [General] ************** Channel was created.
29.04.2020 14:34:45: [Trade] ************** Channel was created.
29.04.2020 14:34:45: [Looking For Group] ************** Channel was created.
29.04.2020 14:34:55: [General] <407>GM joined the channel.
##############################
Log started on 29.04.2020 14:43:34

29.04.2020 14:43:34: [Help] ************** Channel was created.
29.04.2020 14:43:34: [General] ************** Channel was created.
29.04.2020 14:43:34: [Trade] ************** Channel was created.
29.04.2020 14:43:34: [Looking For Group] ************** Channel was created.
29.04.2020 14:43:52: [General] <407>GM joined the channel.
##############################
Log started on 29.04.2020 14:55:08

29.04.2020 14:55:08: [Help] ************** Channel was created.
29.04.2020 14:55:08: [General] ************** Channel was created.
29.04.2020 14:55:08: [Trade] ************** Channel was created.
29.04.2020 14:55:08: [Looking For Group] ************** Channel was created.
29.04.2020 14:55:20: [General] <407>GM joined the channel.
##############################
Log started on 29.04.2020 14:55:55

29.04.2020 14:55:55: [Help] ************** Channel was created.
29.04.2020 14:55:55: [General] ************** Channel was created.
29.04.2020 14:55:55: [Trade] ************** Channel was created.
29.04.2020 14:55:55: [Looking For Group] ************** Channel was created.
##############################
Log started on 29.04.2020 14:56:20

29.04.2020 14:56:20: [Help] ************** Channel was created.
29.04.2020 14:56:20: [General] ************** Channel was created.
29.04.2020 14:56:20: [Trade] ************** Channel was created.
29.04.2020 14:56:20: [Looking For Group] ************** Channel was created.
##############################
Log started on 29.04.2020 14:56:49

29.04.2020 14:56:49: [Help] ************** Channel was created.
29.04.2020 14:56:49: [General] ************** Channel was created.
29.04.2020 14:56:49: [Trade] ************** Channel was created.
29.04.2020 14:56:49: [Looking For Group] ************** Channel was created.
##############################
Log started on 29.04.2020 14:57:11

29.04.2020 14:57:11: [Help] ************** Channel was created.
29.04.2020 14:57:11: [General] ************** Channel was created.
29.04.2020 14:57:11: [Trade] ************** Channel was created.
29.04.2020 14:57:11: [Looking For Group] ************** Channel was created.
##############################
Log started on 29.04.2020 14:59:53

29.04.2020 14:59:53: [Help] ************** Channel was created.
29.04.2020 14:59:53: [General] ************** Channel was created.
29.04.2020 14:59:53: [Trade] ************** Channel was created.
29.04.2020 14:59:53: [Looking For Group] ************** Channel was created.
29.04.2020 15:00:01: [General] <407>GM joined the channel.
##############################
Log started on 29.04.2020 15:00:37

29.04.2020 15:00:37: [Help] ************** Channel was created.
29.04.2020 15:00:37: [General] ************** Channel was created.
29.04.2020 15:00:37: [Trade] ************** Channel was created.
29.04.2020 15:00:37: [Looking For Group] ************** Channel was created.
##############################
Log started on 29.04.2020 15:03:06

29.04.2020 15:03:06: [Help] ************** Channel was created.
29.04.2020 15:03:06: [General] ************** Channel was created.
29.04.2020 15:03:06: [Trade] ************** Channel was created.
29.04.2020 15:03:06: [Looking For Group] ************** Channel was created.
29.04.2020 15:03:16: [General] <407>GM joined the channel.
##############################
Log started on 29.04.2020 15:03:52

29.04.2020 15:03:52: [Help] ************** Channel was created.
29.04.2020 15:03:52: [General] ************** Channel was created.
29.04.2020 15:03:52: [Trade] ************** Channel was created.
29.04.2020 15:03:52: [Looking For Group] ************** Channel was created.
##############################
Log started on 29.04.2020 15:04:35

29.04.2020 15:04:35: [Help] ************** Channel was created.
29.04.2020 15:04:35: [General] ************** Channel was created.
29.04.2020 15:04:35: [Trade] ************** Channel was created.
29.04.2020 15:04:35: [Looking For Group] ************** Channel was created.
##############################
Log started on 29.04.2020 15:06:55

29.04.2020 15:06:55: [Help] ************** Channel was created.
29.04.2020 15:06:55: [General] ************** Channel was created.
29.04.2020 15:06:55: [Trade] ************** Channel was created.
29.04.2020 15:06:55: [Looking For Group] ************** Channel was created.
29.04.2020 15:07:05: [General] <407>GM joined the channel.
##############################
Log started on 29.04.2020 15:07:41

29.04.2020 15:07:41: [Help] ************** Channel was created.
29.04.2020 15:07:41: [General] ************** Channel was created.
29.04.2020 15:07:41: [Trade] ************** Channel was created.
29.04.2020 15:07:41: [Looking For Group] ************** Channel was created.
##############################
Log started on 29.04.2020 15:08:13

29.04.2020 15:08:13: [Help] ************** Channel was created.
29.04.2020 15:08:13: [General] ************** Channel was created.
29.04.2020 15:08:13: [Trade] ************** Channel was created.
29.04.2020 15:08:13: [Looking For Group] ************** Channel was created.
##############################
Log started on 29.04.2020 15:08:55

29.04.2020 15:08:55: [Help] ************** Channel was created.
29.04.2020 15:08:55: [General] ************** Channel was created.
29.04.2020 15:08:55: [Trade] ************** Channel was created.
29.04.2020 15:08:55: [Looking For Group] ************** Channel was created.
##############################
Log started on 29.04.2020 15:09:30

29.04.2020 15:09:30: [Help] ************** Channel was created.
29.04.2020 15:09:30: [General] ************** Channel was created.
29.04.2020 15:09:30: [Trade] ************** Channel was created.
29.04.2020 15:09:30: [Looking For Group] ************** Channel was created.
##############################
Log started on 29.04.2020 15:10:42

29.04.2020 15:10:42: [Help] ************** Channel was created.
29.04.2020 15:10:42: [General] ************** Channel was created.
29.04.2020 15:10:42: [Trade] ************** Channel was created.
29.04.2020 15:10:42: [Looking For Group] ************** Channel was created.
29.04.2020 15:10:53: [General] <407>GM joined the channel.
##############################
Log started on 29.04.2020 15:13:12

29.04.2020 15:13:12: [Help] ************** Channel was created.
29.04.2020 15:13:12: [General] ************** Channel was created.
29.04.2020 15:13:12: [Trade] ************** Channel was created.
29.04.2020 15:13:12: [Looking For Group] ************** Channel was created.
29.04.2020 15:13:26: [General] <407>GM joined the channel.
29.04.2020 15:16:11: [General] <407>GM left the channel.
##############################
Log started on 29.04.2020 15:20:25

29.04.2020 15:20:25: [Help] ************** Channel was created.
29.04.2020 15:20:25: [General] ************** Channel was created.
29.04.2020 15:20:25: [Trade] ************** Channel was created.
29.04.2020 15:20:25: [Looking For Group] ************** Channel was created.
29.04.2020 15:20:45: [General] <407>GM joined the channel.
##############################
Log started on 29.04.2020 15:22:21

29.04.2020 15:22:21: [Help] ************** Channel was created.
29.04.2020 15:22:21: [General] ************** Channel was created.
29.04.2020 15:22:21: [Trade] ************** Channel was created.
29.04.2020 15:22:21: [Looking For Group] ************** Channel was created.
29.04.2020 15:22:29: [General] <407>GM joined the channel.
##############################
Log started on 29.04.2020 15:25:44

29.04.2020 15:25:44: [Help] ************** Channel was created.
29.04.2020 15:25:44: [General] ************** Channel was created.
29.04.2020 15:25:44: [Trade] ************** Channel was created.
29.04.2020 15:25:44: [Looking For Group] ************** Channel was created.
29.04.2020 15:25:58: [General] <407>GM joined the channel.
##############################
Log started on 29.04.2020 18:36:20

29.04.2020 18:36:20: [Help] ************** Channel was created.
29.04.2020 18:36:20: [General] ************** Channel was created.
29.04.2020 18:36:20: [Trade] ************** Channel was created.
29.04.2020 18:36:20: [Looking For Group] ************** Channel was created.
29.04.2020 18:36:51: [General] <407>GM joined the channel.
##############################
Log started on 29.04.2020 18:55:42

29.04.2020 18:55:42: [Help] ************** Channel was created.
29.04.2020 18:55:42: [General] ************** Channel was created.
29.04.2020 18:55:42: [Trade] ************** Channel was created.
29.04.2020 18:55:42: [Looking For Group] ************** Channel was created.
29.04.2020 18:55:57: [General] <407>GM joined the channel.
##############################
Log started on 29.04.2020 19:06:14

29.04.2020 19:06:14: [Help] ************** Channel was created.
29.04.2020 19:06:14: [General] ************** Channel was created.
29.04.2020 19:06:14: [Trade] ************** Channel was created.
29.04.2020 19:06:14: [Looking For Group] ************** Channel was created.
29.04.2020 19:07:19: [General] <407>GM joined the channel.
29.04.2020 19:26:14: [General] <408>test joined the channel.
29.04.2020 19:26:36: [General] <407>GM left the channel.
29.04.2020 19:26:39: [General] <407>GM joined the channel.
29.04.2020 19:36:53: [General] <408>test left the channel.
