##############################
Log started on 30.04.2020 12:50:51

30.04.2020 12:50:51: [Help] ************** Channel was created.
30.04.2020 12:50:51: [General] ************** Channel was created.
30.04.2020 12:50:51: [Trade] ************** Channel was created.
30.04.2020 12:50:51: [Looking For Group] ************** Channel was created.
30.04.2020 12:51:27: [General] <407>GM joined the channel.
##############################
Log started on 30.04.2020 12:53:15

30.04.2020 12:53:15: [Help] ************** Channel was created.
30.04.2020 12:53:15: [General] ************** Channel was created.
30.04.2020 12:53:15: [Trade] ************** Channel was created.
30.04.2020 12:53:15: [Looking For Group] ************** Channel was created.
30.04.2020 12:53:50: [General] <407>GM joined the channel.
##############################
Log started on 30.04.2020 12:58:05

30.04.2020 12:58:05: [Help] ************** Channel was created.
30.04.2020 12:58:05: [General] ************** Channel was created.
30.04.2020 12:58:05: [Trade] ************** Channel was created.
30.04.2020 12:58:05: [Looking For Group] ************** Channel was created.
30.04.2020 12:58:22: [General] <407>GM joined the channel.
##############################
Log started on 30.04.2020 13:10:33

30.04.2020 13:10:33: [Help] ************** Channel was created.
30.04.2020 13:10:33: [General] ************** Channel was created.
30.04.2020 13:10:33: [Trade] ************** Channel was created.
30.04.2020 13:10:33: [Looking For Group] ************** Channel was created.
30.04.2020 13:10:52: [General] <407>GM joined the channel.
##############################
Log started on 30.04.2020 13:14:57

30.04.2020 13:14:57: [Help] ************** Channel was created.
30.04.2020 13:14:57: [General] ************** Channel was created.
30.04.2020 13:14:57: [Trade] ************** Channel was created.
30.04.2020 13:14:57: [Looking For Group] ************** Channel was created.
30.04.2020 13:15:05: [General] <407>GM joined the channel.
30.04.2020 13:17:41: [General] <408>test joined the channel.
