Server Crash Report
===================

ServUO Version 0.5, Build 7417.27776
Operating System: Unix 19.4.0.0
.NET Framework: 4.0.30319.42000
Time: 22.04.2020 14:38:40
Mobiles: 409
Items: 7084
Exception:
System.IndexOutOfRangeException: Index was outside the bounds of the array.
  at Server.Mobiles.GMEthereal.set_EthyType (Server.Mobiles.GMEthereal+EtherealTypes value) [0x00015] in <c2168e945db34eef8f0e58f3e2d4783a>:0 
  at Server.Mobiles.GMEthereal..ctor (Server.Mobiles.GMEthereal+EtherealTypes type) [0x0000b] in <c2168e945db34eef8f0e58f3e2d4783a>:0 
  at Server.Mobiles.GMEthereal..ctor () [0x00000] in <c2168e945db34eef8f0e58f3e2d4783a>:0 
  at Server.Commands.GMbody+GMmeTarget.OnTarget (Server.Mobile from, System.Object targeted) [0x00334] in <c2168e945db34eef8f0e58f3e2d4783a>:0 
  at Server.Targeting.Target.Invoke (Server.Mobile from, System.Object targeted) [0x0030c] in <ebb28219dc9a4808933947e58e632f4d>:0 
  at Server.Network.PacketHandlers.TargetResponse (Server.Network.NetState state, Server.Network.PacketReader pvSrc) [0x00237] in <ebb28219dc9a4808933947e58e632f4d>:0 
  at Server.Network.MessagePump.HandleReceive (Server.Network.NetState ns) [0x00240] in <ebb28219dc9a4808933947e58e632f4d>:0 
  at Server.Network.MessagePump.Slice () [0x00057] in <ebb28219dc9a4808933947e58e632f4d>:0 
  at Server.Core.Main (System.String[] args) [0x006e6] in <ebb28219dc9a4808933947e58e632f4d>:0 

Clients:
- Count: 1
+ 192.168.1.64: (account = admin) (mobile = 0x197 'GM')
