# Profile of world items
# Generated on 21.04.2020 13:11:29


511191	30,88%	Server.Item
156895	9,48%	Server.Items.AddonComponent
106453	6,43%	Server.Items.BaseArmor
80165	4,84%	Server.Items.BaseMeleeWeapon
80165	4,84%	Server.Items.BaseWeapon
56935	3,44%	Server.Items.BaseClothing
31050	1,88%	Server.Items.BaseHat
26788	1,62%	Server.Items.Container
26129	1,58%	Server.Items.BaseContainer
25845	1,56%	Server.Items.Backpack
17833	1,08%	Server.Items.BaseAddon
16940	1,02%	Server.Items.PlunderBeaconAddon
15312	0,92%	Server.Items.BaseShield
14980	0,90%	Server.Items.BaseBashing
14052	0,85%	Server.Items.BaseSword
13617	0,82%	Server.Items.BaseAxe
12823	0,77%	Server.Items.BaseRanged
12435	0,75%	Server.Items.Gold
12012	0,73%	Server.Items.MannedCannon
8753	0,53%	Server.Items.BaseSpear
7551	0,46%	Server.Items.BaseJewel
7102	0,43%	Server.Items.BaseShoes
6864	0,41%	Server.Items.MannedBlundercannon
6253	0,38%	Server.Items.BaseKnife
5400	0,33%	Server.Items.DamageableItem
5148	0,31%	Server.Items.MannedCulverin
5060	0,31%	Server.Items.BaseStaff
5012	0,30%	Server.Items.BaseReagent
4612	0,28%	Server.Engines.Khaldun.KhaldunCampBlocker
4556	0,28%	Server.Items.BasePoleArm
4270	0,26%	Server.Items.PlateGloves
4146	0,25%	Server.Items.BaseOuterTorso
3965	0,24%	Server.Items.BaseMiddleTorso
3944	0,24%	Server.Items.Crossbow
3825	0,23%	Server.Items.WizardsHat
3795	0,23%	Server.Items.BaseRing
3711	0,22%	Server.Items.ChainLegs
3580	0,22%	Server.Items.PlateChest
3494	0,21%	Server.Items.PlateArms
3440	0,21%	Server.Items.GoldRing
3284	0,20%	Server.Items.PlateLegs
3224	0,19%	Server.Items.Robe
3064	0,19%	Server.Items.HeavyCrossbow
3044	0,18%	Server.Items.ThighBoots
2998	0,18%	Server.Items.BlackPearl
2954	0,18%	Server.Items.LeatherGloves
2920	0,18%	Server.Items.PlateGorget
2816	0,17%	Server.Items.Spellbook
2754	0,17%	Server.Items.BodySash
2731	0,16%	Server.Items.BaseShirt
2730	0,16%	Server.Items.StuddedChest
2670	0,16%	Server.Items.Beacon
2608	0,16%	Server.Items.Glasses
2523	0,15%	Server.Items.DeerMask
2480	0,15%	Server.Items.BaseWand
2480	0,15%	Server.Items.OrderShield
2464	0,15%	Server.Items.PlunderBeacon
2437	0,15%	Server.Items.BasePants
2421	0,15%	Server.Items.Scythe
2410	0,15%	Server.Items.BearMask
2326	0,14%	Server.Items.Bow
2323	0,14%	Server.Items.RingmailChest
2271	0,14%	Server.Items.StuddedArms
2269	0,14%	Server.Items.CompositeBow
2155	0,13%	Server.Items.MetalKiteShield
2135	0,13%	Server.Items.RingmailGloves
2128	0,13%	Server.Items.NorseHelm
2119	0,13%	Server.Items.FancyShirt
2100	0,13%	Server.Items.JesterHat
2100	0,13%	Server.Items.OrcMask
2086	0,13%	Server.Items.Cap
2083	0,13%	Server.Items.TricorneHat
2008	0,12%	Server.Items.FemalePlateChest
2004	0,12%	Server.Items.Katana
1995	0,12%	Server.Items.ChainChest
1980	0,12%	Server.Items.CookableFood
1980	0,12%	Server.Items.RawFishSteak
1978	0,12%	Server.Items.FeatheredHat
1938	0,12%	Server.Items.SulfurousAsh
1937	0,12%	Server.Items.BoneLegs
1905	0,12%	Server.Items.LeatherBustierArms
1900	0,11%	Server.Items.BoneArms
1886	0,11%	Server.Items.StrangeContraptionComponent
1861	0,11%	Server.Items.Axe
1830	0,11%	Server.Items.Spear
1818	0,11%	Server.Items.ChaosShield
1816	0,11%	Server.Items.LargeBattleAxe
1809	0,11%	Server.Items.Club
1809	0,11%	Server.Items.MetalShield
1806	0,11%	Server.Items.Pike
1787	0,11%	Server.Items.TribalMask
1765	0,11%	Server.Items.Bascinet
1750	0,11%	Server.Items.Bonnet
1747	0,11%	Server.Items.Dagger
1725	0,10%	Server.Items.ButcherKnife
1722	0,10%	Server.Items.Pickaxe
1715	0,10%	Server.Items.CloseHelm
1709	0,10%	Server.Items.LeatherGorget
1705	0,10%	Server.Items.Mace
1671	0,10%	Server.Items.TwoHandedAxe
1658	0,10%	Server.Items.LeatherLegs
1656	0,10%	Server.Items.WarAxe
1640	0,10%	Server.Items.LeatherChest
1632	0,10%	Server.Items.BaseBracelet
1632	0,10%	Server.Items.GoldBracelet
1621	0,10%	Server.Items.WarMace
1607	0,10%	Server.Items.WoodenKiteShield
1606	0,10%	Server.Items.Helmet
1606	0,10%	Server.Items.Static
1588	0,10%	Server.Items.FemaleLeatherChest
1587	0,10%	Server.Items.Broadsword
1573	0,10%	Server.Items.BaseWaist
1543	0,09%	Server.Items.BoneHarvester
1540	0,09%	Server.Items.StuddedBustierArms
1539	0,09%	Server.Items.Halberd
1529	0,09%	Server.Items.SkinningKnife
1523	0,09%	Server.Items.ShortSpear
1522	0,09%	Server.Items.CrescentBlade
1522	0,09%	Server.Items.StuddedGorget
1520	0,09%	Server.Items.CrystallineRing
1516	0,09%	Server.Items.BattleAxe
1507	0,09%	Server.Items.WarHammer
1505	0,09%	Server.Items.SmithyHammer
1498	0,09%	Server.Items.Scepter
1486	0,09%	Server.Items.HeaterShield
1480	0,09%	Server.Items.BaseEarrings
1480	0,09%	Server.Items.GoldEarrings
1480	0,09%	Server.Items.MorphEarrings
1480	0,09%	Server.Items.OrnamentOfTheMagician
1464	0,09%	Server.Items.RingOfTheVile
1463	0,09%	Server.Items.ShepherdsCrook
1456	0,09%	Server.Items.SAShadowWall1East
1453	0,09%	Server.Items.BronzeShield
1428	0,09%	Server.Items.Shoes
1408	0,09%	Server.Items.HuntingDisplayTrophy
1408	0,09%	Server.Items.InquisitorsResolution
1401	0,08%	Server.Items.Epaulette
1392	0,08%	Server.Items.VesperOrderShield
1385	0,08%	Server.Items.BoneHelm
1376	0,08%	Server.Items.HuntersHeaddress
1375	0,08%	Server.Items.Hatchet
1367	0,08%	Server.Items.Lance
1361	0,08%	Server.Items.LeatherNinjaMitts
1352	0,08%	Server.Items.HeartOfTheLion
1344	0,08%	Server.Items.PlateDo
1344	0,08%	Server.Items.RuneBeetleCarapace
1330	0,08%	Server.Items.QuarterStaff
1324	0,08%	Server.Items.Pitchfork
1317	0,08%	Server.Items.LongPants
1314	0,08%	Server.Items.ChainCoif
1312	0,08%	Server.Items.MaceAndShieldGlasses
1308	0,08%	Server.Items.DeathRobe
1304	0,08%	Server.Items.Sandals
1296	0,08%	Server.Engines.VvV.VvVGargishStoneChest
1296	0,08%	Server.Engines.VvV.VvVStuddedChest
1296	0,08%	Server.Items.GargishStoneChest
1296	0,08%	Server.Items.HumanFeyLeggings
1296	0,08%	Server.Items.WizardsCrystalGlasses
1292	0,08%	Server.Items.Bolt
1274	0,08%	Server.Items.SAShadowWall1South
1264	0,08%	Server.Engines.VvV.VvVDragonArms
1264	0,08%	Server.Engines.VvV.VvVGargishEarrings
1264	0,08%	Server.Items.DragonArms
1264	0,08%	Server.Items.GargishEarrings
1259	0,08%	Server.Items.HalfApron
1257	0,08%	Server.Items.OrcHelm
1256	0,08%	Server.Items.ElvenGlasses
1256	0,08%	Server.Items.FoldedSteelGlasses
1254	0,08%	Server.Items.Buckler
1250	0,08%	Server.Items.WoodenShield
1248	0,08%	Server.Engines.VvV.VvVGargishPlateArms
1248	0,08%	Server.Engines.VvV.VvVPlateArms
1248	0,08%	Server.Items.GargishPlateArms
1248	0,08%	Server.Items.SpiritOfTheTotem
1248	0,08%	Server.Items.Stormgrip
1242	0,08%	Server.Items.PlateHelm
1240	0,07%	Server.Engines.VvV.VvVWand1
1240	0,07%	Server.Engines.VvV.VvVWand2
1229	0,07%	Server.Items.VikingSword
1228	0,07%	Server.Items.StuddedGloves
1225	0,07%	Server.Items.LeatherSkirt
1224	0,07%	Server.Engines.VvV.VvVWoodlandArms
1224	0,07%	Server.Items.WoodlandArms
1220	0,07%	Server.Items.RepeatingCrossbow
1217	0,07%	Server.Items.Kryss
1205	0,07%	Server.Items.LeatherArms
1202	0,07%	Server.Items.SledgeHammerWeapon
1168	0,07%	Server.Engines.VvV.VvVWizardsHat
1160	0,07%	Server.Items.CrimsonCincture
1157	0,07%	Server.Items.TallStrawHat
1154	0,07%	Server.Items.Cleaver
1151	0,07%	Server.Items.FlowerGarland
1144	0,07%	Server.Items.Kasa
1144	0,07%	Server.Items.KasaOfTheRajin
1104	0,07%	Server.Engines.VvV.VvVEpaulette
1104	0,07%	Server.Engines.VvV.VvVGargishEpaulette
1104	0,07%	Server.Items.GargishEpaulette
1080	0,07%	Server.Items.BlackStaff
1070	0,06%	Server.Items.Maul
1054	0,06%	Server.Items.DoubleAxe
1053	0,06%	Server.Items.Bandana
1040	0,06%	Server.Items.BoneChest
1026	0,06%	Server.Items.RingmailLegs
1018	0,06%	Server.Items.FloppyHat
1011	0,06%	Server.Items.GnarledStaff
976	0,06%	Server.Items.TomeOfLostKnowledge
964	0,06%	Server.Items.Scimitar
963	0,06%	Server.Items.SkullCap
962	0,06%	Server.Items.WideBrimHat
960	0,06%	Server.Items.StrawHat
946	0,06%	Server.Items.ExecutionersAxe
944	0,06%	Server.Items.ClaininsSpellbook
918	0,06%	Server.Engines.Quests.RitualQuest.PuzzleTile
915	0,06%	Server.Items.BaseOuterLegs
901	0,05%	Server.Items.StuddedLegs
897	0,05%	Server.Items.Longsword
866	0,05%	Server.Items.RingmailArms
816	0,05%	Server.Items.Arrow
816	0,05%	Server.Items.ShortPants
780	0,05%	Server.Mobiles.XmlSpawner
769	0,05%	Server.Items.Cutlass
763	0,05%	Server.Items.BladedStaff
754	0,05%	Server.Items.DoubleBladedStaff
753	0,05%	Server.Items.WarFork
744	0,04%	Server.Items.BaseTalisman
744	0,04%	Server.Items.PrimerOnArmsTalisman
725	0,04%	Server.Items.FemaleStuddedChest
720	0,04%	Server.Items.BeaconItem
709	0,04%	Server.Items.Kilt
703	0,04%	Server.Items.BoneGloves
697	0,04%	Server.Items.LeatherCap
644	0,04%	Server.Items.BaseNecklace
612	0,04%	Server.Items.Shirt
596	0,04%	Server.Items.Bardiche
569	0,03%	Server.Items.LeatherJingasa
532	0,03%	Server.Services.Virtues.HonestyChest
523	0,03%	Server.Regions.SpawnPersistence
522	0,03%	Server.Items.Blocker
522	0,03%	Server.Items.SamuraiTabi
505	0,03%	Server.Items.Doublet
504	0,03%	Server.Items.BaseOre
504	0,03%	Server.Items.IronOre
504	0,03%	Server.Items.JinBaori
501	0,03%	Server.Items.Boots
460	0,03%	Server.Items.PlateHaidate
456	0,03%	Server.Engines.Blackthorn.InvasionController
452	0,03%	Server.Items.LeatherDo
452	0,03%	Server.Items.LeatherHiroSode
452	0,03%	Server.Items.LeatherSuneate
435	0,03%	Server.Items.AstronomyTent
428	0,03%	Server.Items.BarbedWhip
355	0,02%	Server.Items.StaffRing
340	0,02%	Server.Items.LeatherShorts
330	0,02%	Server.Items.BaseRewardTitleDeed
324	0,02%	Server.Items.Necklace
320	0,02%	Server.Items.GoldNecklace
300	0,02%	Server.Items.Kamishimo
284	0,02%	Server.Items.BaseDoor
265	0,02%	Server.Items.Food
256	0,02%	Server.Engines.HuntsmasterChallenge.HuntingSystem
240	0,01%	Server.Engines.ArenaSystem.ArenaExitBanner
240	0,01%	Server.Items.BarbedWhipOfPlundering
240	0,01%	Server.Items.BladedWhip
240	0,01%	Server.Items.BladedWhipOfPlundering
240	0,01%	Server.Items.SpikedWhip
240	0,01%	Server.Items.SpikedWhipOfPlundering
238	0,01%	Server.Items.StrangeContraptionAddon
228	0,01%	Server.Items.ClosedBarrel
228	0,01%	Server.Items.TrapableContainer
216	0,01%	Server.Items.ShoulderParrot
214	0,01%	Server.Items.FruitBasket
212	0,01%	Server.Items.RangersGuildSash
206	0,01%	Server.Engines.Blackthorn.InvasionBeacon
206	0,01%	Server.Items.BaseCloak
206	0,01%	Server.Items.Cloak
206	0,01%	Server.Items.FancyKilt
206	0,01%	Server.Items.GargishRangersGuildSash
206	0,01%	Server.Items.GargishSash
206	0,01%	Server.Items.HakamaShita
204	0,01%	Server.Items.Bandage
204	0,01%	Server.Items.Obi
201	0,01%	Server.Items.FurBoots
198	0,01%	Server.Items.ElvenPants
189	0,01%	Server.Items.NoDachi
182	0,01%	Server.Mobiles.EtherealMount
182	0,01%	Server.Mobiles.GMEthereal
180	0,01%	Server.Items.BasePotion
176	0,01%	Server.Items.WildStaff
155	0,01%	Server.Items.HammerPick
144	0,01%	Server.Items.ArcaneCircleAddon
142	0,01%	Server.Items.DarkWoodDoor
142	0,01%	Server.Items.MetalDoor2
138	0,01%	Server.Items.StaffOrb
129	0,01%	Server.Engines.Quests.RitualQuest.CrystalLotusPuzzle
126	0,01%	Server.Items.BaseLight
126	0,01%	Server.Items.CandleLarge
125	0,01%	Server.Items.GMHidingStone
124	0,01%	Server.Engines.ArenaSystem.ArenaStone
114	0,01%	Server.Items.Teleporter
113	0,01%	Server.Items.LeatherNinjaHood
113	0,01%	Server.Items.LeatherNinjaJacket
113	0,01%	Server.Items.LeatherNinjaPants
110	0,01%	Server.Items.LeatherNinjaBelt
110	0,01%	Server.Items.RoyalCirclet
106	0,01%	Server.Items.TattsukeHakama
102	0,01%	Server.Items.NinjaTabi
102	0,01%	Server.Items.Surcoat
101	0,01%	Server.Items.BaseTool
101	0,01%	Server.Items.FancyDress
100	0,01%	Server.Items.FullApron
99	0,01%	Server.Items.GargishFancyRobe
99	0,01%	Server.Items.PlainDress
98	0,01%	Server.Items.BankBox
98	0,01%	Server.Items.Lajatang
98	0,01%	Server.Items.Wakizashi
95	0,01%	Server.Items.Bokuto
93	0,01%	Server.Items.BookOfBushido
91	0,01%	Server.Engines.Doom.DisplayStatue
91	0,01%	Server.Items.Daisho
90	0,01%	Server.Items.BaseCurePotion
90	0,01%	Server.Items.BaseHealPotion
90	0,01%	Server.Items.CurePotion
90	0,01%	Server.Items.HealPotion
82	0,00%	Server.Items.Fukiya
76	0,00%	Server.Items.PentagramAddon
71	0,00%	Server.Items.Fists
66	0,00%	Server.Engines.Plants.MaginciaPlantSystem
66	0,00%	Server.Items.BotswainRewardDeed
66	0,00%	Server.Items.HuntmastersRewardTitleDeed
66	0,00%	Server.Items.PowderMonkeyRewardDeed
66	0,00%	Server.Items.QuartermasterRewardDeed
66	0,00%	Server.Items.SailingMasterRewardDeed
64	0,00%	Server.Mobiles.TritonStatue
62	0,00%	Server.Items.DailyRock
62	0,00%	Server.Items.DailyRocks
62	0,00%	Server.Items.DailySeaweed
58	0,00%	Server.Engines.Exodus.VerLorRegController
56	0,00%	Server.Engines.Quests.HumilityShrinePersistence
56	0,00%	Server.Items.Bag
56	0,00%	Server.Items.BagOfGold
56	0,00%	Server.Items.PersonalTelescope
55	0,00%	Server.Engines.Quests.CorpseOfBennetYardley
53	0,00%	Server.Items.ShrineOfSingularity
51	0,00%	Server.Items.DailyMeatPie
51	0,00%	Server.Items.ScribesPen
50	0,00%	Server.Items.SmithHammer
45	0,00%	Server.Items.Bank.Check1kk
42	0,00%	Server.Items.Scissors
38	0,00%	Server.Items.MandrakeRoot
38	0,00%	Server.Items.Nightshade
34	0,00%	Server.Items.Cloth
34	0,00%	Server.Items.NewPlayerTicket
32	0,00%	Server.Mobiles.MountItem
31	0,00%	Server.Engines.Astronomy.PrimerOnBritannianAstronomy
31	0,00%	Server.Items.DailyBrokenChair
31	0,00%	Server.Items.DecoHay2
30	0,00%	Server.Items.BrassOrrery
30	0,00%	Server.Items.DailyFullJars
29	0,00%	Server.Engines.Astronomy.ConstellationLedger
29	0,00%	Server.Engines.Doom.UOBoard
29	0,00%	Server.Mobiles.GenericBuyInfo+DisplayCache
28	0,00%	Server.Engines.Doom.Sapphired20
24	0,00%	Server.Misc.TreasuresOfTokunoPersistence
