# Profile of world mobiles
# Generated on 21.04.2020 13:11:29


277650	30,49%	Server.Mobile
275065	30,21%	Server.Mobiles.BaseCreature
113650	12,48%	Server.Mobiles.PirateCrew
45800	5,03%	Server.Mobiles.BaseVendor
30272	3,32%	Server.Mobiles.SeaSerpent
29799	3,27%	Server.Mobiles.DeepSeaSerpent
15985	1,76%	Server.Mobiles.WaterElemental
15689	1,72%	Server.Engines.Quests.MondainQuester
12544	1,38%	Server.Engines.Blackthorn.Invader
8292	0,91%	Server.Mobiles.SnowElemental
7026	0,77%	Server.Engines.Khaldun.KhaldunCampGuard
6430	0,71%	Server.Mobiles.FrostTroll
5418	0,59%	Server.Engines.VvV.SilverTrader
4950	0,54%	Server.Engines.Quests.HumilityQuestMobile
4170	0,46%	Server.Mobiles.IceElemental
3455	0,38%	Server.Mobiles.IceFiend
3156	0,35%	Server.Engines.Blackthorn.InvaderCaptain
2861	0,31%	Server.Engines.ArenaSystem.ArenaManager
2861	0,31%	Server.Mobiles.AnimalTrainer
2836	0,31%	Server.Engines.Quests.BaseEscort
2585	0,28%	Server.Mobiles.PlayerMobile
1953	0,21%	Server.Mobiles.IceSerpent
1468	0,16%	Server.Engines.Quests.Arnold
1454	0,16%	Server.Mobiles.SeaMarketOfficer
1433	0,16%	Server.Engines.Quests.SheriffOfMinoc
1431	0,16%	Server.Engines.RisingTide.BlackMarketMerchant
1431	0,16%	Server.Mobiles.BaseHealer
1431	0,16%	Server.Mobiles.BaseTurnInMobile
1431	0,16%	Server.Mobiles.ShrineHealer
1426	0,16%	Server.Engines.Quests.Kodar
1424	0,16%	Server.Engines.Fellowship.FellowshipAdept
1424	0,16%	Server.Engines.Quests.Morz
1422	0,16%	Server.Engines.Quests.Gareth
1416	0,16%	Server.Engines.Quests.LegendaryCartographer
1403	0,15%	Server.Engines.Quests.MasterProvisioner
1403	0,15%	Server.Mobiles.Banker
1399	0,15%	Server.Engines.HuntsmasterChallenge.HuntMaster
1398	0,15%	Server.Engines.Quests.MiningCooperativeMerchant
731	0,08%	Server.Mobiles.ClockworkExodus
730	0,08%	Server.Mobiles.Sean
720	0,08%	Server.Engines.Khaldun.GraveDigger
716	0,08%	Server.Mobiles.Kevin
716	0,08%	Server.Mobiles.Nelson
712	0,08%	Server.Engines.Khaldun.Cryptologist
712	0,08%	Server.Engines.Quests.RitualQuest.Bexil
711	0,08%	Server.Engines.Quests.RitualQuest.Grubbix
709	0,08%	Server.Engines.Khaldun.InspectorJasper
707	0,08%	Server.Engines.Quests.Lissbet
705	0,08%	Server.Mobiles.Walton
703	0,08%	Server.Engines.Quests.Neville
701	0,08%	Server.Engines.Quests.RitualQuest.Prugyilonus
695	0,08%	Server.Mobiles.Dierdre
695	0,08%	Server.Mobiles.Jason
694	0,08%	Server.Engines.Astronomy.Willebrord
693	0,08%	Server.Mobiles.Maribel
681	0,07%	Server.Engines.Doom.GaryTheDungeonMaster
675	0,07%	Server.Engines.Khaldun.SageHumbolt
662	0,07%	Server.Mobiles.BaseMount
662	0,07%	Server.Mobiles.SkeletalMount
641	0,07%	Server.Engines.Quests.RitualQuest.BexilPunchingBag
