16.04.2020 11:34:06: ************** Channel was created.
16.04.2020 11:43:52: ************** Channel was created.
16.04.2020 11:55:00: ************** Channel was created.
16.04.2020 17:16:46: ************** Channel was created.
16.04.2020 17:22:01: ************** Channel was created.
16.04.2020 17:27:15: ************** Channel was created.
16.04.2020 17:42:39: ************** Channel was created.
16.04.2020 17:47:28: ************** Channel was created.
16.04.2020 17:55:28: ************** Channel was created.
16.04.2020 17:57:26: ************** Channel was created.
16.04.2020 17:59:01: ************** Channel was created.
16.04.2020 18:01:23: ************** Channel was created.
16.04.2020 18:08:59: ************** Channel was created.
16.04.2020 18:11:07: ************** Channel was created.
16.04.2020 18:16:57: ************** Channel was created.
16.04.2020 18:19:20: ************** Channel was created.
16.04.2020 18:22:25: ************** Channel was created.
16.04.2020 18:27:15: ************** Channel was created.
16.04.2020 18:36:12: ************** Channel was created.
16.04.2020 18:52:50: ************** Channel was created.
16.04.2020 18:54:24: ************** Channel was created.
16.04.2020 18:56:02: ************** Channel was created.
16.04.2020 18:57:27: ************** Channel was created.
16.04.2020 19:40:04: ************** Channel was created.
16.04.2020 19:47:43: ************** Channel was created.
16.04.2020 19:55:46: ************** Channel was created.
16.04.2020 20:02:28: ************** Channel was created.
16.04.2020 20:08:14: ************** Channel was created.
16.04.2020 20:11:32: ************** Channel was created.
16.04.2020 20:28:34: ************** Channel was created.
16.04.2020 20:35:54: ************** Channel was created.
16.04.2020 20:56:51: ************** Channel was created.
16.04.2020 21:17:14: ************** Channel was created.
16.04.2020 21:23:54: ************** Channel was created.
16.04.2020 21:27:36: ************** Channel was created.
16.04.2020 21:29:32: ************** Channel was created.
16.04.2020 21:36:27: ************** Channel was created.
16.04.2020 21:42:23: ************** Channel was created.
16.04.2020 22:37:03: ************** Channel was created.
16.04.2020 22:46:38: ************** Channel was created.
16.04.2020 22:50:51: ************** Channel was created.
19.04.2020 13:10:02: ************** Channel was created.
19.04.2020 13:32:05: ************** Channel was created.
19.04.2020 19:47:48: ************** Channel was created.
19.04.2020 20:23:53: ************** Channel was created.
19.04.2020 20:25:21: ************** Channel was created.
19.04.2020 20:32:28: ************** Channel was created.
19.04.2020 21:32:37: ************** Channel was created.
19.04.2020 21:34:19: <407>Loutweak joined the channel.
19.04.2020 22:22:38: <407>Loutweak left the channel.
20.04.2020 10:33:02: ************** Channel was created.
20.04.2020 10:37:12: <407>Loutweak joined the channel.
20.04.2020 10:42:35: ************** Channel was created.
20.04.2020 10:42:54: <407>Loutweak joined the channel.
20.04.2020 10:49:23: ************** Channel was created.
20.04.2020 10:49:35: <407>Loutweak joined the channel.
20.04.2020 10:55:17: ************** Channel was created.
20.04.2020 10:55:27: <407>Loutweak joined the channel.
20.04.2020 12:57:13: ************** Channel was created.
20.04.2020 12:57:26: <407>Loutweak joined the channel.
20.04.2020 13:01:00: ************** Channel was created.
20.04.2020 13:01:08: <407>Loutweak joined the channel.
20.04.2020 13:03:14: ************** Channel was created.
20.04.2020 13:03:27: <407>Loutweak joined the channel.
20.04.2020 13:08:04: ************** Channel was created.
20.04.2020 13:08:16: <407>Loutweak joined the channel.
20.04.2020 13:12:14: ************** Channel was created.
20.04.2020 13:12:25: <407>Loutweak joined the channel.
20.04.2020 13:14:40: ************** Channel was created.
20.04.2020 13:14:49: <407>Loutweak joined the channel.
20.04.2020 13:19:34: ************** Channel was created.
20.04.2020 13:19:50: <407>Loutweak joined the channel.
20.04.2020 15:43:34: ************** Channel was created.
20.04.2020 15:43:51: <407>Loutweak joined the channel.
20.04.2020 15:46:37: ************** Channel was created.
20.04.2020 15:46:47: <407>Loutweak joined the channel.
20.04.2020 15:48:21: <408>test joined the channel.
20.04.2020 16:01:24: ************** Channel was created.
20.04.2020 16:01:34: <407>Loutweak joined the channel.
20.04.2020 16:01:56: <408>test joined the channel.
20.04.2020 16:07:58: ************** Channel was created.
20.04.2020 16:08:08: <407>Loutweak joined the channel.
20.04.2020 16:08:19: <408>test joined the channel.
20.04.2020 16:12:07: ************** Channel was created.
20.04.2020 16:12:29: <407>Loutweak joined the channel.
20.04.2020 16:12:38: <408>test joined the channel.
20.04.2020 16:29:56: ************** Channel was created.
20.04.2020 16:30:08: <407>Loutweak joined the channel.
20.04.2020 16:30:22: <408>test joined the channel.
20.04.2020 16:43:52: ************** Channel was created.
20.04.2020 16:44:04: <407>Loutweak joined the channel.
20.04.2020 16:44:16: <408>test joined the channel.
20.04.2020 16:51:16: ************** Channel was created.
20.04.2020 16:51:27: <407>Loutweak joined the channel.
20.04.2020 16:51:36: <408>test joined the channel.
20.04.2020 16:54:44: <408>test left the channel.
20.04.2020 18:58:44: ************** Channel was created.
20.04.2020 18:58:55: <408>test joined the channel.
20.04.2020 18:59:05: <407>Loutweak joined the channel.
20.04.2020 19:16:04: ************** Channel was created.
20.04.2020 19:16:13: <407>Loutweak joined the channel.
20.04.2020 19:20:32: <408>test joined the channel.
20.04.2020 19:27:03: ************** Channel was created.
20.04.2020 19:27:15: <407>Loutweak joined the channel.
20.04.2020 19:28:11: <408>test joined the channel.
20.04.2020 19:44:55: ************** Channel was created.
20.04.2020 19:45:07: <407>Loutweak joined the channel.
20.04.2020 19:45:17: <408>test joined the channel.
20.04.2020 19:47:38: ************** Channel was created.
20.04.2020 19:47:59: <407>Loutweak joined the channel.
20.04.2020 19:48:08: <408>test joined the channel.
20.04.2020 19:51:01: ************** Channel was created.
20.04.2020 19:51:12: <408>test joined the channel.
20.04.2020 19:51:22: <407>Loutweak joined the channel.
20.04.2020 19:54:12: ************** Channel was created.
20.04.2020 19:54:30: <408>test joined the channel.
20.04.2020 19:54:40: <407>Loutweak joined the channel.
20.04.2020 20:01:54: ************** Channel was created.
20.04.2020 20:02:40: <407>Loutweak joined the channel.
20.04.2020 20:03:44: <408>test joined the channel.
20.04.2020 20:14:25: ************** Channel was created.
20.04.2020 21:30:02: ************** Channel was created.
20.04.2020 21:30:17: <407>Loutweak joined the channel.
20.04.2020 21:31:28: <408>test joined the channel.
20.04.2020 21:34:03: ************** Channel was created.
20.04.2020 21:34:17: <407>Loutweak joined the channel.
20.04.2020 21:34:52: <408>test joined the channel.
20.04.2020 21:48:01: ************** Channel was created.
20.04.2020 21:48:10: <407>Loutweak joined the channel.
20.04.2020 21:48:32: <408>test joined the channel.
20.04.2020 21:58:08: ************** Channel was created.
20.04.2020 21:58:19: <407>Loutweak joined the channel.
20.04.2020 21:58:48: <408>test joined the channel.
20.04.2020 21:59:55: <408>test left the channel.
20.04.2020 22:04:28: ************** Channel was created.
20.04.2020 22:04:37: <407>Loutweak joined the channel.
20.04.2020 22:04:45: <408>test joined the channel.
21.04.2020 0:13:04: <408>test left the channel.
21.04.2020 7:31:08: ************** Channel was created.
21.04.2020 7:31:22: <408>test joined the channel.
21.04.2020 7:31:36: <407>Loutweak joined the channel.
21.04.2020 7:34:40: ************** Channel was created.
21.04.2020 7:34:46: <407>Loutweak joined the channel.
21.04.2020 7:34:53: <408>test joined the channel.
21.04.2020 7:38:40: ************** Channel was created.
21.04.2020 7:38:48: <407>Loutweak joined the channel.
21.04.2020 7:38:57: <408>test joined the channel.
21.04.2020 7:48:52: ************** Channel was created.
21.04.2020 7:49:03: <407>Loutweak joined the channel.
21.04.2020 7:58:26: ************** Channel was created.
21.04.2020 7:58:40: <407>Loutweak joined the channel.
21.04.2020 8:02:27: ************** Channel was created.
21.04.2020 8:02:38: <407>Loutweak joined the channel.
21.04.2020 8:03:34: <408>test joined the channel.
21.04.2020 8:17:16: <408>test left the channel.
21.04.2020 8:37:11: ************** Channel was created.
21.04.2020 8:37:29: <408>test joined the channel.
21.04.2020 8:37:42: <407>Loutweak joined the channel.
21.04.2020 8:49:27: ************** Channel was created.
21.04.2020 8:49:48: <408>test joined the channel.
21.04.2020 8:50:14: <407>Loutweak joined the channel.
21.04.2020 8:52:58: ************** Channel was created.
21.04.2020 8:53:12: <408>test joined the channel.
21.04.2020 8:53:58: <407>Loutweak joined the channel.
21.04.2020 8:55:55: ************** Channel was created.
21.04.2020 8:56:12: <408>test joined the channel.
21.04.2020 8:56:40: <407>Loutweak joined the channel.
21.04.2020 8:56:48: <407>Loutweak left the channel.
21.04.2020 9:00:14: ************** Channel was created.
21.04.2020 9:00:36: <407>Loutweak joined the channel.
21.04.2020 9:01:05: <408>test joined the channel.
21.04.2020 9:05:30: ************** Channel was created.
21.04.2020 9:05:42: <407>Loutweak joined the channel.
21.04.2020 9:06:11: <408>test joined the channel.
21.04.2020 9:15:15: ************** Channel was created.
21.04.2020 9:15:27: <408>test joined the channel.
21.04.2020 9:15:38: <407>Loutweak joined the channel.
21.04.2020 9:19:44: ************** Channel was created.
21.04.2020 9:19:56: <407>Loutweak joined the channel.
21.04.2020 9:20:08: <408>test joined the channel.
21.04.2020 9:37:27: ************** Channel was created.
21.04.2020 9:37:41: <408>test joined the channel.
21.04.2020 9:37:51: <407>Loutweak joined the channel.
21.04.2020 9:43:22: ************** Channel was created.
21.04.2020 9:43:45: <407>Loutweak joined the channel.
21.04.2020 9:44:40: <408>test joined the channel.
21.04.2020 9:46:21: ************** Channel was created.
21.04.2020 9:46:28: <407>Loutweak joined the channel.
21.04.2020 9:46:36: <408>test joined the channel.
21.04.2020 9:48:33: ************** Channel was created.
21.04.2020 9:48:39: <408>test joined the channel.
21.04.2020 9:48:45: <407>Loutweak joined the channel.
21.04.2020 9:50:29: ************** Channel was created.
21.04.2020 9:50:36: <407>Loutweak joined the channel.
21.04.2020 9:52:59: <408>test joined the channel.
21.04.2020 9:56:20: ************** Channel was created.
21.04.2020 9:57:04: ************** Channel was created.
21.04.2020 9:57:13: <407>Loutweak joined the channel.
21.04.2020 9:59:14: ************** Channel was created.
21.04.2020 9:59:24: <408>test joined the channel.
21.04.2020 9:59:38: <407>Loutweak joined the channel.
21.04.2020 10:19:31: ************** Channel was created.
21.04.2020 10:19:39: <407>Loutweak joined the channel.
21.04.2020 10:21:34: ************** Channel was created.
21.04.2020 10:21:48: <408>test joined the channel.
21.04.2020 10:22:00: <407>Loutweak joined the channel.
21.04.2020 10:30:35: ************** Channel was created.
21.04.2020 10:30:47: <407>Loutweak joined the channel.
21.04.2020 10:31:16: <408>test joined the channel.
21.04.2020 10:33:15: ************** Channel was created.
21.04.2020 10:33:52: <407>Loutweak joined the channel.
21.04.2020 10:34:20: <408>test joined the channel.
21.04.2020 10:35:53: ************** Channel was created.
21.04.2020 10:36:04: <407>Loutweak joined the channel.
21.04.2020 10:36:12: <408>test joined the channel.
21.04.2020 10:37:29: ************** Channel was created.
21.04.2020 10:37:39: <407>Loutweak joined the channel.
21.04.2020 10:37:46: <408>test joined the channel.
21.04.2020 10:41:39: ************** Channel was created.
21.04.2020 10:41:53: <408>test joined the channel.
21.04.2020 10:41:57: <407>Loutweak joined the channel.
21.04.2020 10:45:05: ************** Channel was created.
21.04.2020 10:45:17: <407>Loutweak joined the channel.
21.04.2020 10:45:27: <408>test joined the channel.
21.04.2020 10:46:55: ************** Channel was created.
21.04.2020 10:47:04: <408>test joined the channel.
21.04.2020 10:47:14: <407>Loutweak joined the channel.
21.04.2020 10:48:48: ************** Channel was created.
21.04.2020 10:49:08: <407>Loutweak joined the channel.
21.04.2020 10:49:42: <408>test joined the channel.
21.04.2020 10:51:27: ************** Channel was created.
21.04.2020 10:51:41: <407>Loutweak joined the channel.
21.04.2020 10:52:06: <408>test joined the channel.
21.04.2020 10:55:03: ************** Channel was created.
21.04.2020 10:55:14: <407>Loutweak joined the channel.
21.04.2020 10:55:22: <408>test joined the channel.
21.04.2020 10:58:12: ************** Channel was created.
21.04.2020 10:58:21: <407>Loutweak joined the channel.
21.04.2020 10:58:37: <408>test joined the channel.
21.04.2020 11:01:22: ************** Channel was created.
21.04.2020 11:01:37: <408>test joined the channel.
21.04.2020 11:02:10: <407>Loutweak joined the channel.
21.04.2020 11:03:26: ************** Channel was created.
21.04.2020 11:03:41: <408>test joined the channel.
21.04.2020 11:04:08: <407>Loutweak joined the channel.
21.04.2020 11:05:14: <408>test left the channel.
21.04.2020 11:05:41: ************** Channel was created.
21.04.2020 11:05:49: <407>Loutweak joined the channel.
21.04.2020 11:05:59: <408>test joined the channel.
21.04.2020 11:08:50: ************** Channel was created.
21.04.2020 11:09:01: <407>Loutweak joined the channel.
21.04.2020 11:09:12: <408>test joined the channel.
21.04.2020 11:33:51: ************** Channel was created.
21.04.2020 11:34:02: <407>Loutweak joined the channel.
21.04.2020 13:42:38: ************** Channel was created.
21.04.2020 13:42:52: <407>Loutweak joined the channel.
21.04.2020 13:46:25: ************** Channel was created.
21.04.2020 13:46:34: <407>Loutweak joined the channel.
21.04.2020 14:06:15: ************** Channel was created.
21.04.2020 14:06:27: <407>Loutweak joined the channel.
21.04.2020 14:36:54: ************** Channel was created.
21.04.2020 14:37:05: <407>Loutweak joined the channel.
21.04.2020 14:37:32: <407>Loutweak left the channel.
21.04.2020 14:39:50: ************** Channel was created.
21.04.2020 14:40:04: <407>Loutweak joined the channel.
21.04.2020 14:47:33: ************** Channel was created.
21.04.2020 14:47:46: <407>Loutweak joined the channel.
21.04.2020 14:55:59: ************** Channel was created.
21.04.2020 14:56:10: <407>Loutweak joined the channel.
21.04.2020 15:00:56: ************** Channel was created.
21.04.2020 15:01:19: <407>Loutweak joined the channel.
21.04.2020 15:11:53: ************** Channel was created.
21.04.2020 15:11:59: <407>Loutweak joined the channel.
21.04.2020 15:14:39: ************** Channel was created.
21.04.2020 15:14:50: <407>Loutweak joined the channel.
21.04.2020 15:16:37: ************** Channel was created.
21.04.2020 15:16:48: <407>Loutweak joined the channel.
21.04.2020 15:17:36: ************** Channel was created.
21.04.2020 15:17:47: <407>Loutweak joined the channel.
21.04.2020 15:22:11: ************** Channel was created.
21.04.2020 15:22:25: <407>Loutweak joined the channel.
21.04.2020 15:24:56: <407>Loutweak left the channel.
21.04.2020 15:28:50: ************** Channel was created.
21.04.2020 15:28:59: <407>Loutweak joined the channel.
21.04.2020 15:30:31: ************** Channel was created.
21.04.2020 15:31:01: <407>Loutweak joined the channel.
21.04.2020 15:40:47: <407>Loutweak left the channel.
21.04.2020 15:43:35: ************** Channel was created.
21.04.2020 15:43:46: <407>Loutweak joined the channel.
21.04.2020 15:50:24: <408>test joined the channel.
21.04.2020 17:49:46: <407>GM left the channel.
21.04.2020 18:20:15: ************** Channel was created.
21.04.2020 18:28:10: ************** Channel was created.
21.04.2020 18:28:51: <407>GM joined the channel.
21.04.2020 18:30:24: <407>GM left the channel.
22.04.2020 12:08:08: ************** Channel was created.
22.04.2020 12:08:19: <408>test joined the channel.
22.04.2020 12:08:28: <407>GM joined the channel.
22.04.2020 12:16:56: ************** Channel was created.
22.04.2020 12:17:15: <407>GM joined the channel.
22.04.2020 12:17:24: <408>test joined the channel.
22.04.2020 12:21:21: ************** Channel was created.
22.04.2020 12:21:34: <408>test joined the channel.
22.04.2020 12:21:46: <407>GM joined the channel.
22.04.2020 12:26:13: ************** Channel was created.
22.04.2020 12:26:24: <408>test joined the channel.
22.04.2020 12:26:37: <407>GM joined the channel.
22.04.2020 13:22:54: ************** Channel was created.
22.04.2020 13:23:11: <407>GM joined the channel.
22.04.2020 13:25:40: ************** Channel was created.
22.04.2020 13:25:53: <407>GM joined the channel.
22.04.2020 13:29:54: ************** Channel was created.
22.04.2020 13:30:04: <407>GM joined the channel.
22.04.2020 13:32:04: ************** Channel was created.
22.04.2020 13:32:15: <407>GM joined the channel.
22.04.2020 13:34:14: ************** Channel was created.
22.04.2020 13:34:23: <407>GM joined the channel.
22.04.2020 13:37:09: ************** Channel was created.
22.04.2020 13:37:20: <407>GM joined the channel.
22.04.2020 13:38:37: ************** Channel was created.
22.04.2020 13:39:00: <407>GM joined the channel.
22.04.2020 13:42:25: ************** Channel was created.
22.04.2020 13:42:52: <407>GM joined the channel.
22.04.2020 13:51:01: ************** Channel was created.
22.04.2020 13:51:12: <407>GM joined the channel.
22.04.2020 14:24:05: ************** Channel was created.
22.04.2020 14:24:21: <407>GM joined the channel.
22.04.2020 14:38:03: ************** Channel was created.
22.04.2020 14:38:21: <407>GM joined the channel.
22.04.2020 14:43:45: ************** Channel was created.
22.04.2020 14:44:00: <407>GM joined the channel.
22.04.2020 14:45:44: ************** Channel was created.
22.04.2020 14:45:57: <407>GM joined the channel.
22.04.2020 14:52:03: ************** Channel was created.
22.04.2020 14:52:13: <407>GM joined the channel.
22.04.2020 14:53:50: ************** Channel was created.
22.04.2020 14:53:57: <407>GM joined the channel.
22.04.2020 15:12:04: ************** Channel was created.
22.04.2020 15:12:11: <407>GM joined the channel.
22.04.2020 15:32:46: ************** Channel was created.
22.04.2020 15:32:59: <407>GM joined the channel.
22.04.2020 15:45:55: ************** Channel was created.
22.04.2020 15:46:05: <407>GM joined the channel.
22.04.2020 16:13:05: ************** Channel was created.
22.04.2020 16:13:15: <407>GM joined the channel.
22.04.2020 18:04:03: ************** Channel was created.
22.04.2020 18:04:28: <407>GM joined the channel.
22.04.2020 18:26:17: ************** Channel was created.
22.04.2020 18:26:29: <407>GM joined the channel.
22.04.2020 21:00:00: <407>GM left the channel.
23.04.2020 8:52:47: ************** Channel was created.
23.04.2020 9:02:09: <407>GM joined the channel.
23.04.2020 9:17:46: ************** Channel was created.
23.04.2020 9:18:10: <407>GM joined the channel.
23.04.2020 9:29:26: ************** Channel was created.
23.04.2020 9:29:40: <407>GM joined the channel.
23.04.2020 9:40:52: ************** Channel was created.
23.04.2020 9:41:15: <407>GM joined the channel.
23.04.2020 9:57:45: ************** Channel was created.
23.04.2020 9:57:56: <407>GM joined the channel.
23.04.2020 10:20:27: ************** Channel was created.
23.04.2020 10:20:42: <407>GM joined the channel.
23.04.2020 10:24:40: ************** Channel was created.
23.04.2020 10:24:52: <407>GM joined the channel.
23.04.2020 10:26:44: ************** Channel was created.
23.04.2020 10:26:55: <407>GM joined the channel.
23.04.2020 10:29:45: ************** Channel was created.
23.04.2020 10:29:54: <407>GM joined the channel.
23.04.2020 10:33:08: ************** Channel was created.
23.04.2020 10:33:23: <407>GM joined the channel.
23.04.2020 10:43:36: ************** Channel was created.
23.04.2020 10:43:47: <407>GM joined the channel.
23.04.2020 10:46:16: ************** Channel was created.
23.04.2020 10:46:25: <407>GM joined the channel.
23.04.2020 10:47:25: ************** Channel was created.
23.04.2020 10:47:34: <407>GM joined the channel.
23.04.2020 10:51:03: ************** Channel was created.
23.04.2020 10:51:11: <407>GM joined the channel.
23.04.2020 10:52:42: ************** Channel was created.
23.04.2020 10:52:51: <407>GM joined the channel.
23.04.2020 10:55:51: ************** Channel was created.
23.04.2020 10:56:03: <407>GM joined the channel.
23.04.2020 10:58:16: ************** Channel was created.
23.04.2020 10:58:28: <407>GM joined the channel.
23.04.2020 11:30:09: ************** Channel was created.
23.04.2020 11:36:10: ************** Channel was created.
23.04.2020 11:36:24: <407>GM joined the channel.
23.04.2020 11:54:03: <407>GM left the channel.
23.04.2020 11:56:16: ************** Channel was created.
23.04.2020 11:56:28: <407>GM joined the channel.
23.04.2020 11:59:08: ************** Channel was created.
23.04.2020 11:59:19: <407>GM joined the channel.
23.04.2020 12:01:23: <407>GM left the channel.
23.04.2020 13:30:18: ************** Channel was created.
23.04.2020 13:39:17: <407>GM joined the channel.
23.04.2020 14:17:00: ************** Channel was created.
23.04.2020 14:17:17: <407>GM joined the channel.
23.04.2020 17:14:54: ************** Channel was created.
23.04.2020 17:17:32: <407>GM joined the channel.
23.04.2020 17:55:36: ************** Channel was created.
23.04.2020 17:55:50: <407>GM joined the channel.
23.04.2020 17:58:02: ************** Channel was created.
23.04.2020 17:58:12: <407>GM joined the channel.
23.04.2020 17:59:29: ************** Channel was created.
23.04.2020 17:59:42: <407>GM joined the channel.
23.04.2020 18:08:12: ************** Channel was created.
23.04.2020 18:08:27: <407>GM joined the channel.
23.04.2020 18:15:10: ************** Channel was created.
23.04.2020 18:15:23: <407>GM joined the channel.
23.04.2020 18:17:06: ************** Channel was created.
23.04.2020 18:17:23: <407>GM joined the channel.
23.04.2020 18:19:31: ************** Channel was created.
23.04.2020 18:19:40: <407>GM joined the channel.
23.04.2020 18:21:41: ************** Channel was created.
23.04.2020 18:22:38: <407>GM joined the channel.
23.04.2020 18:24:29: <407>GM left the channel.
23.04.2020 18:28:51: ************** Channel was created.
23.04.2020 18:29:27: <407>GM joined the channel.
23.04.2020 18:29:36: <408>test joined the channel.
23.04.2020 18:37:09: <408>test left the channel.
23.04.2020 18:40:07: ************** Channel was created.
23.04.2020 18:44:21: ************** Channel was created.
23.04.2020 18:48:14: ************** Channel was created.
23.04.2020 18:48:58: <504>Name joined the channel.
23.04.2020 18:57:58: <407>GM joined the channel.
23.04.2020 19:22:46: ************** Channel was created.
23.04.2020 19:23:00: <407>GM joined the channel.
23.04.2020 19:24:28: <407>GM left the channel.
23.04.2020 19:52:36: ************** Channel was created.
23.04.2020 19:52:52: <407>GM joined the channel.
23.04.2020 20:04:22: ************** Channel was created.
23.04.2020 20:04:35: <407>GM joined the channel.
23.04.2020 20:09:20: ************** Channel was created.
23.04.2020 20:09:35: <407>GM joined the channel.
23.04.2020 20:11:36: ************** Channel was created.
23.04.2020 20:11:50: <407>GM joined the channel.
23.04.2020 20:14:11: ************** Channel was created.
23.04.2020 20:14:22: <407>GM joined the channel.
23.04.2020 20:18:24: ************** Channel was created.
23.04.2020 20:19:05: <407>GM joined the channel.
23.04.2020 20:22:16: ************** Channel was created.
23.04.2020 20:22:29: <407>GM joined the channel.
23.04.2020 20:28:59: <407>GM left the channel.
23.04.2020 20:30:44: ************** Channel was created.
23.04.2020 20:31:04: <407>GM joined the channel.
23.04.2020 20:36:28: ************** Channel was created.
23.04.2020 20:36:59: <407>GM joined the channel.
23.04.2020 20:38:37: ************** Channel was created.
23.04.2020 20:38:48: <407>GM joined the channel.
23.04.2020 20:42:01: ************** Channel was created.
23.04.2020 20:42:11: <407>GM joined the channel.
23.04.2020 20:43:24: ************** Channel was created.
23.04.2020 20:43:36: <407>GM joined the channel.
23.04.2020 20:44:51: ************** Channel was created.
23.04.2020 20:45:05: <407>GM joined the channel.
23.04.2020 20:46:45: ************** Channel was created.
23.04.2020 20:47:00: <407>GM joined the channel.
23.04.2020 20:48:12: ************** Channel was created.
23.04.2020 20:48:22: <407>GM joined the channel.
23.04.2020 20:57:17: ************** Channel was created.
23.04.2020 20:57:29: <407>GM joined the channel.
23.04.2020 20:58:59: <407>GM left the channel.
23.04.2020 21:00:06: ************** Channel was created.
23.04.2020 21:00:18: <407>GM joined the channel.
23.04.2020 21:01:12: ************** Channel was created.
23.04.2020 21:01:23: <407>GM joined the channel.
23.04.2020 21:03:11: ************** Channel was created.
23.04.2020 21:03:25: <407>GM joined the channel.
23.04.2020 21:05:58: ************** Channel was created.
23.04.2020 21:06:09: <407>GM joined the channel.
23.04.2020 21:06:45: ************** Channel was created.
23.04.2020 21:06:56: <407>GM joined the channel.
23.04.2020 21:07:54: ************** Channel was created.
23.04.2020 21:09:57: <407>GM joined the channel.
23.04.2020 21:11:42: ************** Channel was created.
23.04.2020 21:12:05: <407>GM joined the channel.
23.04.2020 21:36:02: <407>GM left the channel.
23.04.2020 21:40:57: ************** Channel was created.
23.04.2020 21:41:11: <407>GM joined the channel.
23.04.2020 21:43:15: ************** Channel was created.
23.04.2020 21:43:28: <407>GM joined the channel.
23.04.2020 21:44:38: ************** Channel was created.
23.04.2020 21:44:49: <407>GM joined the channel.
23.04.2020 21:49:30: <407>GM left the channel.
23.04.2020 21:52:50: ************** Channel was created.
23.04.2020 21:53:06: <407>GM joined the channel.
23.04.2020 21:54:34: ************** Channel was created.
23.04.2020 21:54:49: <407>GM joined the channel.
23.04.2020 21:55:49: ************** Channel was created.
23.04.2020 21:56:02: <407>GM joined the channel.
23.04.2020 21:57:02: ************** Channel was created.
23.04.2020 21:57:14: <407>GM joined the channel.
23.04.2020 22:00:08: ************** Channel was created.
23.04.2020 22:00:19: <407>GM joined the channel.
23.04.2020 22:01:55: ************** Channel was created.
23.04.2020 22:02:07: <407>GM joined the channel.
23.04.2020 22:04:21: ************** Channel was created.
23.04.2020 22:04:34: <407>GM joined the channel.
24.04.2020 9:51:19: ************** Channel was created.
24.04.2020 9:51:51: <407>GM joined the channel.
24.04.2020 9:53:35: ************** Channel was created.
24.04.2020 9:54:02: <407>GM joined the channel.
24.04.2020 9:54:44: ************** Channel was created.
24.04.2020 9:55:06: <407>GM joined the channel.
24.04.2020 10:00:16: ************** Channel was created.
24.04.2020 10:00:36: <407>GM joined the channel.
24.04.2020 10:01:35: ************** Channel was created.
24.04.2020 10:01:45: <407>GM joined the channel.
24.04.2020 10:04:31: ************** Channel was created.
24.04.2020 10:04:43: <407>GM joined the channel.
24.04.2020 10:05:43: ************** Channel was created.
24.04.2020 10:05:53: <407>GM joined the channel.
24.04.2020 10:06:26: ************** Channel was created.
24.04.2020 10:06:35: <407>GM joined the channel.
24.04.2020 10:07:59: ************** Channel was created.
24.04.2020 10:08:06: <407>GM joined the channel.
24.04.2020 10:12:15: ************** Channel was created.
24.04.2020 10:12:25: <407>GM joined the channel.
24.04.2020 10:13:03: ************** Channel was created.
24.04.2020 10:13:11: <407>GM joined the channel.
24.04.2020 10:15:26: ************** Channel was created.
24.04.2020 10:15:35: <407>GM joined the channel.
24.04.2020 10:17:52: ************** Channel was created.
24.04.2020 10:17:59: <407>GM joined the channel.
24.04.2020 10:18:53: ************** Channel was created.
24.04.2020 10:19:00: <407>GM joined the channel.
24.04.2020 10:36:55: ************** Channel was created.
24.04.2020 10:37:05: <407>GM joined the channel.
24.04.2020 11:24:31: ************** Channel was created.
24.04.2020 11:24:42: <407>GM joined the channel.
24.04.2020 11:48:28: ************** Channel was created.
24.04.2020 11:48:39: <407>GM joined the channel.
24.04.2020 11:51:56: ************** Channel was created.
24.04.2020 11:52:29: <407>GM joined the channel.
24.04.2020 11:54:56: <407>GM left the channel.
24.04.2020 11:56:42: ************** Channel was created.
24.04.2020 11:56:51: <407>GM joined the channel.
24.04.2020 12:00:39: <407>GM left the channel.
24.04.2020 12:18:05: ************** Channel was created.
24.04.2020 12:18:16: <407>GM joined the channel.
24.04.2020 12:23:06: ************** Channel was created.
24.04.2020 12:26:09: ************** Channel was created.
24.04.2020 12:26:16: <407>GM joined the channel.
26.04.2020 2:13:16: ************** Channel was created.
26.04.2020 2:19:04: ************** Channel was created.
27.04.2020 15:27:02: ************** Channel was created.
27.04.2020 15:51:56: ************** Channel was created.
27.04.2020 15:53:54: ************** Channel was created.
27.04.2020 15:55:35: ************** Channel was created.
27.04.2020 15:58:33: ************** Channel was created.
27.04.2020 16:00:29: ************** Channel was created.
27.04.2020 16:02:25: ************** Channel was created.
27.04.2020 16:03:39: ************** Channel was created.
27.04.2020 16:04:48: ************** Channel was created.
27.04.2020 16:08:33: ************** Channel was created.
27.04.2020 16:09:50: ************** Channel was created.
27.04.2020 16:35:24: ************** Channel was created.
27.04.2020 16:36:42: ************** Channel was created.
27.04.2020 16:39:27: ************** Channel was created.
27.04.2020 16:48:30: ************** Channel was created.
27.04.2020 16:49:49: ************** Channel was created.
27.04.2020 16:50:52: ************** Channel was created.
27.04.2020 16:52:15: ************** Channel was created.
27.04.2020 17:13:19: ************** Channel was created.
27.04.2020 17:14:31: ************** Channel was created.
27.04.2020 17:15:32: ************** Channel was created.
27.04.2020 17:17:42: ************** Channel was created.
27.04.2020 17:20:20: ************** Channel was created.
27.04.2020 17:21:56: ************** Channel was created.
27.04.2020 17:23:50: ************** Channel was created.
27.04.2020 17:33:46: ************** Channel was created.
27.04.2020 17:45:41: ************** Channel was created.
27.04.2020 19:07:31: ************** Channel was created.
27.04.2020 19:10:46: ************** Channel was created.
27.04.2020 19:19:14: ************** Channel was created.
27.04.2020 19:38:37: ************** Channel was created.
27.04.2020 19:44:55: ************** Channel was created.
27.04.2020 19:47:41: ************** Channel was created.
27.04.2020 19:50:13: ************** Channel was created.
27.04.2020 19:51:48: ************** Channel was created.
27.04.2020 19:53:35: ************** Channel was created.
27.04.2020 19:59:33: ************** Channel was created.
27.04.2020 20:01:07: ************** Channel was created.
27.04.2020 20:02:34: ************** Channel was created.
27.04.2020 20:06:22: ************** Channel was created.
27.04.2020 20:10:12: ************** Channel was created.
27.04.2020 20:12:35: ************** Channel was created.
27.04.2020 20:20:01: ************** Channel was created.
27.04.2020 20:30:00: ************** Channel was created.
27.04.2020 20:32:18: ************** Channel was created.
27.04.2020 20:44:30: ************** Channel was created.
27.04.2020 20:53:08: ************** Channel was created.
27.04.2020 20:54:54: ************** Channel was created.
27.04.2020 21:20:22: ************** Channel was created.
27.04.2020 21:22:57: ************** Channel was created.
27.04.2020 21:33:09: ************** Channel was created.
27.04.2020 22:13:04: ************** Channel was created.
27.04.2020 22:39:02: ************** Channel was created.
27.04.2020 23:01:51: ************** Channel was created.
27.04.2020 23:02:27: ************** Channel was created.
27.04.2020 23:04:15: ************** Channel was created.
27.04.2020 23:14:16: ************** Channel was created.
27.04.2020 23:17:59: ************** Channel was created.
27.04.2020 23:23:17: ************** Channel was created.
27.04.2020 23:24:39: ************** Channel was created.
27.04.2020 23:26:33: ************** Channel was created.
27.04.2020 23:31:24: ************** Channel was created.
28.04.2020 0:02:45: ************** Channel was created.
