16.04.2020 11:34:06: ************** Channel was created.
16.04.2020 11:35:19: <117>White joined the channel.
16.04.2020 11:43:52: ************** Channel was created.
16.04.2020 11:45:05: <117>white joined the channel.
16.04.2020 11:55:00: ************** Channel was created.
16.04.2020 11:55:27: <117>white joined the channel.
16.04.2020 17:16:46: ************** Channel was created.
16.04.2020 17:17:48: <117>white joined the channel.
16.04.2020 17:22:01: ************** Channel was created.
16.04.2020 17:22:20: <117>white joined the channel.
16.04.2020 17:27:15: ************** Channel was created.
16.04.2020 17:27:33: <117>white joined the channel.
16.04.2020 17:42:39: ************** Channel was created.
16.04.2020 17:43:27: <117>white joined the channel.
16.04.2020 17:47:28: ************** Channel was created.
16.04.2020 17:47:50: <117>white joined the channel.
16.04.2020 17:55:28: ************** Channel was created.
16.04.2020 17:55:50: <117>white joined the channel.
16.04.2020 17:57:26: ************** Channel was created.
16.04.2020 17:57:40: <117>white joined the channel.
16.04.2020 17:59:01: ************** Channel was created.
16.04.2020 17:59:45: <117>white joined the channel.
16.04.2020 18:01:23: ************** Channel was created.
16.04.2020 18:01:36: <117>white joined the channel.
16.04.2020 18:08:59: ************** Channel was created.
16.04.2020 18:09:23: <117>white joined the channel.
16.04.2020 18:11:07: ************** Channel was created.
16.04.2020 18:11:20: <117>white joined the channel.
16.04.2020 18:16:57: ************** Channel was created.
16.04.2020 18:17:09: <117>white joined the channel.
16.04.2020 18:19:20: ************** Channel was created.
16.04.2020 18:19:38: <117>white joined the channel.
16.04.2020 18:22:25: ************** Channel was created.
16.04.2020 18:22:42: <117>white joined the channel.
16.04.2020 18:27:15: ************** Channel was created.
16.04.2020 18:27:42: <117>white joined the channel.
16.04.2020 18:36:12: ************** Channel was created.
16.04.2020 18:36:38: <117>white joined the channel.
16.04.2020 18:36:45: <117>white left the channel.
16.04.2020 18:52:50: ************** Channel was created.
16.04.2020 18:53:09: <117>white joined the channel.
16.04.2020 18:54:24: ************** Channel was created.
16.04.2020 18:54:37: <117>white joined the channel.
16.04.2020 18:56:02: ************** Channel was created.
16.04.2020 18:56:12: <117>white joined the channel.
16.04.2020 18:57:27: ************** Channel was created.
16.04.2020 18:57:37: <117>white joined the channel.
16.04.2020 19:40:04: ************** Channel was created.
16.04.2020 19:40:16: <117>white joined the channel.
16.04.2020 19:47:43: ************** Channel was created.
16.04.2020 19:47:56: <117>white joined the channel.
16.04.2020 19:55:46: ************** Channel was created.
16.04.2020 19:55:53: <117>white joined the channel.
16.04.2020 20:02:28: ************** Channel was created.
16.04.2020 20:02:45: <117>white joined the channel.
16.04.2020 20:08:14: ************** Channel was created.
16.04.2020 20:08:23: <117>white joined the channel.
16.04.2020 20:11:32: ************** Channel was created.
16.04.2020 20:11:46: <117>white joined the channel.
16.04.2020 20:28:34: ************** Channel was created.
16.04.2020 20:32:22: <117>white joined the channel.
16.04.2020 20:35:54: ************** Channel was created.
16.04.2020 20:36:05: <117>white joined the channel.
16.04.2020 20:56:51: ************** Channel was created.
16.04.2020 21:03:02: <117>white joined the channel.
16.04.2020 21:17:14: ************** Channel was created.
16.04.2020 21:17:48: <117>white joined the channel.
16.04.2020 21:23:54: ************** Channel was created.
16.04.2020 21:24:05: <117>white joined the channel.
16.04.2020 21:27:36: ************** Channel was created.
16.04.2020 21:27:47: <117>white joined the channel.
16.04.2020 21:29:32: ************** Channel was created.
16.04.2020 21:29:46: <117>white joined the channel.
16.04.2020 21:36:27: ************** Channel was created.
16.04.2020 21:36:36: <117>white joined the channel.
16.04.2020 21:42:23: ************** Channel was created.
16.04.2020 22:33:02: <117>white joined the channel.
16.04.2020 22:37:03: ************** Channel was created.
16.04.2020 22:37:17: <117>white joined the channel.
16.04.2020 22:46:38: ************** Channel was created.
16.04.2020 22:46:50: <117>white joined the channel.
16.04.2020 22:50:51: ************** Channel was created.
16.04.2020 22:51:10: <117>white joined the channel.
19.04.2020 13:10:02: ************** Channel was created.
19.04.2020 13:32:05: ************** Channel was created.
19.04.2020 13:32:26: <117>white joined the channel.
19.04.2020 13:35:46: <117>white left the channel.
19.04.2020 19:47:48: ************** Channel was created.
19.04.2020 19:49:07: <117>white joined the channel.
19.04.2020 20:00:17: <117>white left the channel.
19.04.2020 20:23:53: ************** Channel was created.
19.04.2020 20:25:21: ************** Channel was created.
19.04.2020 20:25:52: <117>white joined the channel.
19.04.2020 20:32:28: ************** Channel was created.
19.04.2020 20:34:09: <407>White joined the channel.
19.04.2020 20:37:07: <407>White left the channel.
19.04.2020 21:32:37: ************** Channel was created.
20.04.2020 10:33:02: ************** Channel was created.
20.04.2020 10:42:35: ************** Channel was created.
20.04.2020 10:49:23: ************** Channel was created.
20.04.2020 10:55:17: ************** Channel was created.
20.04.2020 12:57:13: ************** Channel was created.
20.04.2020 13:01:00: ************** Channel was created.
20.04.2020 13:03:14: ************** Channel was created.
20.04.2020 13:08:04: ************** Channel was created.
20.04.2020 13:12:14: ************** Channel was created.
20.04.2020 13:14:40: ************** Channel was created.
20.04.2020 13:19:34: ************** Channel was created.
20.04.2020 15:43:34: ************** Channel was created.
20.04.2020 15:46:37: ************** Channel was created.
20.04.2020 16:01:24: ************** Channel was created.
20.04.2020 16:07:58: ************** Channel was created.
20.04.2020 16:12:07: ************** Channel was created.
20.04.2020 16:29:56: ************** Channel was created.
20.04.2020 16:43:52: ************** Channel was created.
20.04.2020 16:51:16: ************** Channel was created.
20.04.2020 18:58:44: ************** Channel was created.
20.04.2020 19:16:04: ************** Channel was created.
20.04.2020 19:27:03: ************** Channel was created.
20.04.2020 19:44:55: ************** Channel was created.
20.04.2020 19:47:38: ************** Channel was created.
20.04.2020 19:51:01: ************** Channel was created.
20.04.2020 19:54:12: ************** Channel was created.
20.04.2020 20:01:54: ************** Channel was created.
20.04.2020 20:14:25: ************** Channel was created.
20.04.2020 21:30:02: ************** Channel was created.
20.04.2020 21:34:03: ************** Channel was created.
20.04.2020 21:48:01: ************** Channel was created.
20.04.2020 21:58:08: ************** Channel was created.
20.04.2020 22:04:28: ************** Channel was created.
21.04.2020 7:31:08: ************** Channel was created.
21.04.2020 7:34:40: ************** Channel was created.
21.04.2020 7:38:40: ************** Channel was created.
21.04.2020 7:48:52: ************** Channel was created.
21.04.2020 7:58:26: ************** Channel was created.
21.04.2020 8:02:27: ************** Channel was created.
21.04.2020 8:37:11: ************** Channel was created.
21.04.2020 8:49:27: ************** Channel was created.
21.04.2020 8:52:58: ************** Channel was created.
21.04.2020 8:55:55: ************** Channel was created.
21.04.2020 9:00:14: ************** Channel was created.
21.04.2020 9:05:30: ************** Channel was created.
21.04.2020 9:15:15: ************** Channel was created.
21.04.2020 9:19:44: ************** Channel was created.
21.04.2020 9:37:27: ************** Channel was created.
21.04.2020 9:43:22: ************** Channel was created.
21.04.2020 9:46:21: ************** Channel was created.
21.04.2020 9:48:33: ************** Channel was created.
21.04.2020 9:50:29: ************** Channel was created.
21.04.2020 9:56:20: ************** Channel was created.
21.04.2020 9:57:04: ************** Channel was created.
21.04.2020 9:59:14: ************** Channel was created.
21.04.2020 10:19:31: ************** Channel was created.
21.04.2020 10:21:34: ************** Channel was created.
21.04.2020 10:30:35: ************** Channel was created.
21.04.2020 10:33:15: ************** Channel was created.
21.04.2020 10:35:53: ************** Channel was created.
21.04.2020 10:37:29: ************** Channel was created.
21.04.2020 10:41:39: ************** Channel was created.
21.04.2020 10:45:05: ************** Channel was created.
21.04.2020 10:46:55: ************** Channel was created.
21.04.2020 10:48:48: ************** Channel was created.
21.04.2020 10:51:27: ************** Channel was created.
21.04.2020 10:55:03: ************** Channel was created.
21.04.2020 10:58:12: ************** Channel was created.
21.04.2020 11:01:22: ************** Channel was created.
21.04.2020 11:03:26: ************** Channel was created.
21.04.2020 11:05:41: ************** Channel was created.
21.04.2020 11:08:50: ************** Channel was created.
21.04.2020 11:33:51: ************** Channel was created.
21.04.2020 13:42:38: ************** Channel was created.
21.04.2020 13:46:25: ************** Channel was created.
21.04.2020 14:06:15: ************** Channel was created.
21.04.2020 14:36:54: ************** Channel was created.
21.04.2020 14:39:50: ************** Channel was created.
21.04.2020 14:47:33: ************** Channel was created.
21.04.2020 14:55:59: ************** Channel was created.
21.04.2020 15:00:56: ************** Channel was created.
21.04.2020 15:11:53: ************** Channel was created.
21.04.2020 15:14:39: ************** Channel was created.
21.04.2020 15:16:37: ************** Channel was created.
21.04.2020 15:17:36: ************** Channel was created.
21.04.2020 15:22:11: ************** Channel was created.
21.04.2020 15:28:50: ************** Channel was created.
21.04.2020 15:30:31: ************** Channel was created.
21.04.2020 15:43:35: ************** Channel was created.
21.04.2020 18:20:15: ************** Channel was created.
21.04.2020 18:28:10: ************** Channel was created.
22.04.2020 12:08:08: ************** Channel was created.
22.04.2020 12:16:56: ************** Channel was created.
22.04.2020 12:21:21: ************** Channel was created.
22.04.2020 12:26:13: ************** Channel was created.
22.04.2020 13:22:54: ************** Channel was created.
22.04.2020 13:25:40: ************** Channel was created.
22.04.2020 13:29:55: ************** Channel was created.
22.04.2020 13:32:04: ************** Channel was created.
22.04.2020 13:34:14: ************** Channel was created.
22.04.2020 13:37:09: ************** Channel was created.
22.04.2020 13:38:37: ************** Channel was created.
22.04.2020 13:42:25: ************** Channel was created.
22.04.2020 13:51:01: ************** Channel was created.
22.04.2020 14:24:05: ************** Channel was created.
22.04.2020 14:38:03: ************** Channel was created.
22.04.2020 14:43:45: ************** Channel was created.
22.04.2020 14:45:44: ************** Channel was created.
22.04.2020 14:52:03: ************** Channel was created.
22.04.2020 14:53:50: ************** Channel was created.
22.04.2020 15:12:04: ************** Channel was created.
22.04.2020 15:32:46: ************** Channel was created.
22.04.2020 15:45:55: ************** Channel was created.
22.04.2020 16:13:05: ************** Channel was created.
22.04.2020 18:04:03: ************** Channel was created.
22.04.2020 18:26:17: ************** Channel was created.
23.04.2020 8:52:47: ************** Channel was created.
23.04.2020 9:17:46: ************** Channel was created.
23.04.2020 9:29:26: ************** Channel was created.
23.04.2020 9:40:52: ************** Channel was created.
23.04.2020 9:57:45: ************** Channel was created.
23.04.2020 10:20:27: ************** Channel was created.
23.04.2020 10:24:40: ************** Channel was created.
23.04.2020 10:26:44: ************** Channel was created.
23.04.2020 10:29:45: ************** Channel was created.
23.04.2020 10:33:08: ************** Channel was created.
23.04.2020 10:43:36: ************** Channel was created.
23.04.2020 10:46:16: ************** Channel was created.
23.04.2020 10:47:25: ************** Channel was created.
23.04.2020 10:51:03: ************** Channel was created.
23.04.2020 10:52:42: ************** Channel was created.
23.04.2020 10:55:51: ************** Channel was created.
23.04.2020 10:58:16: ************** Channel was created.
23.04.2020 11:30:09: ************** Channel was created.
23.04.2020 11:36:10: ************** Channel was created.
23.04.2020 11:56:16: ************** Channel was created.
23.04.2020 11:59:08: ************** Channel was created.
23.04.2020 13:30:18: ************** Channel was created.
23.04.2020 14:17:00: ************** Channel was created.
23.04.2020 17:14:54: ************** Channel was created.
23.04.2020 17:55:36: ************** Channel was created.
23.04.2020 17:58:02: ************** Channel was created.
23.04.2020 17:59:29: ************** Channel was created.
23.04.2020 18:08:12: ************** Channel was created.
23.04.2020 18:15:10: ************** Channel was created.
23.04.2020 18:17:06: ************** Channel was created.
23.04.2020 18:19:31: ************** Channel was created.
23.04.2020 18:21:41: ************** Channel was created.
23.04.2020 18:28:51: ************** Channel was created.
23.04.2020 18:40:07: ************** Channel was created.
23.04.2020 18:44:21: ************** Channel was created.
23.04.2020 18:48:14: ************** Channel was created.
23.04.2020 19:22:46: ************** Channel was created.
23.04.2020 19:52:36: ************** Channel was created.
23.04.2020 20:04:22: ************** Channel was created.
23.04.2020 20:09:20: ************** Channel was created.
23.04.2020 20:11:36: ************** Channel was created.
23.04.2020 20:14:11: ************** Channel was created.
23.04.2020 20:18:24: ************** Channel was created.
23.04.2020 20:22:16: ************** Channel was created.
23.04.2020 20:30:44: ************** Channel was created.
23.04.2020 20:36:28: ************** Channel was created.
23.04.2020 20:38:37: ************** Channel was created.
23.04.2020 20:42:01: ************** Channel was created.
23.04.2020 20:43:24: ************** Channel was created.
23.04.2020 20:44:51: ************** Channel was created.
23.04.2020 20:46:45: ************** Channel was created.
23.04.2020 20:48:12: ************** Channel was created.
23.04.2020 20:57:17: ************** Channel was created.
23.04.2020 21:00:06: ************** Channel was created.
23.04.2020 21:01:12: ************** Channel was created.
23.04.2020 21:03:11: ************** Channel was created.
23.04.2020 21:05:58: ************** Channel was created.
23.04.2020 21:06:45: ************** Channel was created.
23.04.2020 21:07:54: ************** Channel was created.
23.04.2020 21:11:42: ************** Channel was created.
23.04.2020 21:40:57: ************** Channel was created.
23.04.2020 21:43:15: ************** Channel was created.
23.04.2020 21:44:38: ************** Channel was created.
23.04.2020 21:52:50: ************** Channel was created.
23.04.2020 21:54:34: ************** Channel was created.
23.04.2020 21:55:49: ************** Channel was created.
23.04.2020 21:57:02: ************** Channel was created.
23.04.2020 22:00:08: ************** Channel was created.
23.04.2020 22:01:55: ************** Channel was created.
23.04.2020 22:04:21: ************** Channel was created.
24.04.2020 9:51:19: ************** Channel was created.
24.04.2020 9:53:35: ************** Channel was created.
24.04.2020 9:54:44: ************** Channel was created.
24.04.2020 10:00:16: ************** Channel was created.
24.04.2020 10:01:35: ************** Channel was created.
24.04.2020 10:04:31: ************** Channel was created.
24.04.2020 10:05:43: ************** Channel was created.
24.04.2020 10:06:26: ************** Channel was created.
24.04.2020 10:07:59: ************** Channel was created.
24.04.2020 10:12:15: ************** Channel was created.
24.04.2020 10:13:03: ************** Channel was created.
24.04.2020 10:15:26: ************** Channel was created.
24.04.2020 10:17:52: ************** Channel was created.
24.04.2020 10:18:53: ************** Channel was created.
24.04.2020 10:36:55: ************** Channel was created.
24.04.2020 11:24:31: ************** Channel was created.
24.04.2020 11:48:28: ************** Channel was created.
24.04.2020 11:51:56: ************** Channel was created.
24.04.2020 11:56:42: ************** Channel was created.
24.04.2020 12:18:05: ************** Channel was created.
24.04.2020 12:23:06: ************** Channel was created.
24.04.2020 12:26:09: ************** Channel was created.
26.04.2020 2:13:16: ************** Channel was created.
26.04.2020 2:19:04: ************** Channel was created.
27.04.2020 15:27:02: ************** Channel was created.
27.04.2020 15:51:56: ************** Channel was created.
27.04.2020 15:53:54: ************** Channel was created.
27.04.2020 15:55:35: ************** Channel was created.
27.04.2020 15:58:33: ************** Channel was created.
27.04.2020 16:00:29: ************** Channel was created.
27.04.2020 16:02:25: ************** Channel was created.
27.04.2020 16:03:39: ************** Channel was created.
27.04.2020 16:04:48: ************** Channel was created.
27.04.2020 16:08:33: ************** Channel was created.
27.04.2020 16:09:50: ************** Channel was created.
27.04.2020 16:35:24: ************** Channel was created.
27.04.2020 16:36:42: ************** Channel was created.
27.04.2020 16:39:27: ************** Channel was created.
27.04.2020 16:48:30: ************** Channel was created.
27.04.2020 16:49:49: ************** Channel was created.
27.04.2020 16:50:52: ************** Channel was created.
27.04.2020 16:52:15: ************** Channel was created.
27.04.2020 17:13:19: ************** Channel was created.
27.04.2020 17:14:31: ************** Channel was created.
27.04.2020 17:15:32: ************** Channel was created.
27.04.2020 17:17:42: ************** Channel was created.
27.04.2020 17:20:20: ************** Channel was created.
27.04.2020 17:21:56: ************** Channel was created.
27.04.2020 17:23:50: ************** Channel was created.
27.04.2020 17:33:46: ************** Channel was created.
27.04.2020 17:45:41: ************** Channel was created.
27.04.2020 19:07:31: ************** Channel was created.
27.04.2020 19:10:46: ************** Channel was created.
27.04.2020 19:19:14: ************** Channel was created.
27.04.2020 19:38:37: ************** Channel was created.
27.04.2020 19:44:55: ************** Channel was created.
27.04.2020 19:47:41: ************** Channel was created.
27.04.2020 19:50:13: ************** Channel was created.
27.04.2020 19:51:48: ************** Channel was created.
27.04.2020 19:53:35: ************** Channel was created.
27.04.2020 19:59:33: ************** Channel was created.
27.04.2020 20:01:07: ************** Channel was created.
27.04.2020 20:02:34: ************** Channel was created.
27.04.2020 20:06:22: ************** Channel was created.
27.04.2020 20:10:12: ************** Channel was created.
27.04.2020 20:12:35: ************** Channel was created.
27.04.2020 20:20:01: ************** Channel was created.
27.04.2020 20:30:00: ************** Channel was created.
27.04.2020 20:32:18: ************** Channel was created.
27.04.2020 20:44:30: ************** Channel was created.
27.04.2020 20:53:08: ************** Channel was created.
27.04.2020 20:54:54: ************** Channel was created.
27.04.2020 21:20:22: ************** Channel was created.
27.04.2020 21:22:57: ************** Channel was created.
27.04.2020 21:33:09: ************** Channel was created.
27.04.2020 22:13:04: ************** Channel was created.
27.04.2020 22:39:02: ************** Channel was created.
